{"C:\\Users\\chetm\\projects\\react-layout-generator\\src\\Control.tsx": {"path":"C:\\Users\\chetm\\projects\\react-layout-generator\\src\\Control.tsx","statementMap":{"0":{"start":{"line":1,"column":0},"end":{"line":1,"column":29}},"1":{"start":{"line":10,"column":0},"end":{"line":10,"column":44}},"2":{"start":{"line":10,"column":29},"end":{"line":10,"column":59}},"3":{"start":{"line":24,"column":9},"end":{"line":31,"column":3}},"4":{"start":{"line":25,"column":4},"end":{"line":25,"column":20}},"5":{"start":{"line":26,"column":4},"end":{"line":30,"column":5}},"6":{"start":{"line":39,"column":0},"end":{"line":39,"column":1}},"7":{"start":{"line":10,"column":13},"end":{"line":10,"column":20}}},"fnMap":{"0":{"name":"(anonymous_6)","decl":{"start":{"line":10,"column":0},"end":{"line":null,"column":-1}},"loc":{"start":{"line":10,"column":0},"end":{"line":10,"column":-1}}},"1":{"name":"Control","decl":{"start":{"line":14,"column":2},"end":{"line":14,"column":13}},"loc":{"start":{"line":14,"column":34},"end":{"line":22,"column":3}}},"2":{"name":"(anonymous_8)","decl":{"start":{"line":24,"column":2},"end":{"line":null,"column":-1}},"loc":{"start":{"line":24,"column":2},"end":{"line":31,"column":3}}}},"branchMap":{"0":{"loc":{"start":{"line":15,"column":4},"end":{"line":15,"column":16}},"type":"binary-expr","locations":[{"start":{"line":15,"column":4},"end":{"line":15,"column":16}},{"start":{"line":15,"column":16},"end":{"line":null,"column":-1}}]}},"s":{"0":0,"1":0,"2":0,"3":0,"4":0,"5":0,"6":0,"7":0},"f":{"0":0,"1":0,"2":0},"b":{"0":[0,0]}}
,"C:\\Users\\chetm\\projects\\react-layout-generator\\src\\DragDrop.tsx": {"path":"C:\\Users\\chetm\\projects\\react-layout-generator\\src\\DragDrop.tsx","statementMap":{"0":{"start":{"line":1,"column":0},"end":{"line":1,"column":29}},"1":{"start":{"line":45,"column":0},"end":{"line":45,"column":45}},"2":{"start":{"line":45,"column":30},"end":{"line":45,"column":61}},"3":{"start":{"line":50,"column":4},"end":{"line":50,"column":16}},"4":{"start":{"line":52,"column":4},"end":{"line":52,"column":60}},"5":{"start":{"line":54,"column":4},"end":{"line":62,"column":5}},"6":{"start":{"line":55,"column":6},"end":{"line":55,"column":53}},"7":{"start":{"line":56,"column":6},"end":{"line":56,"column":59}},"8":{"start":{"line":57,"column":6},"end":{"line":57,"column":59}},"9":{"start":{"line":58,"column":6},"end":{"line":58,"column":87}},"10":{"start":{"line":59,"column":6},"end":{"line":59,"column":90}},"11":{"start":{"line":60,"column":6},"end":{"line":60,"column":87}},"12":{"start":{"line":61,"column":6},"end":{"line":61,"column":87}},"13":{"start":{"line":65,"column":9},"end":{"line":69,"column":3}},"14":{"start":{"line":66,"column":4},"end":{"line":68,"column":12}},"15":{"start":{"line":70,"column":0},"end":{"line":70,"column":1}},"16":{"start":{"line":45,"column":13},"end":{"line":45,"column":21}}},"fnMap":{"0":{"name":"(anonymous_6)","decl":{"start":{"line":45,"column":0},"end":{"line":null,"column":-1}},"loc":{"start":{"line":45,"column":0},"end":{"line":45,"column":-1}}},"1":{"name":"DragDrop","decl":{"start":{"line":49,"column":2},"end":{"line":49,"column":13}},"loc":{"start":{"line":49,"column":35},"end":{"line":63,"column":3}}},"2":{"name":"(anonymous_8)","decl":{"start":{"line":65,"column":2},"end":{"line":null,"column":-1}},"loc":{"start":{"line":65,"column":2},"end":{"line":69,"column":3}}}},"branchMap":{"0":{"loc":{"start":{"line":50,"column":4},"end":{"line":50,"column":16}},"type":"binary-expr","locations":[{"start":{"line":50,"column":4},"end":{"line":50,"column":16}},{"start":{"line":50,"column":16},"end":{"line":63,"column":2}}]},"1":{"loc":{"start":{"line":54,"column":4},"end":{"line":62,"column":5}},"type":"if","locations":[{"start":{"line":54,"column":4},"end":{"line":62,"column":5}},{"start":{"line":54,"column":4},"end":{"line":62,"column":5}}]},"2":{"loc":{"start":{"line":58,"column":6},"end":{"line":58,"column":26}},"type":"binary-expr","locations":[{"start":{"line":58,"column":6},"end":{"line":58,"column":26}},{"start":{"line":58,"column":30},"end":{"line":58,"column":87}}]},"3":{"loc":{"start":{"line":59,"column":6},"end":{"line":59,"column":27}},"type":"binary-expr","locations":[{"start":{"line":59,"column":6},"end":{"line":59,"column":27}},{"start":{"line":59,"column":31},"end":{"line":59,"column":90}}]},"4":{"loc":{"start":{"line":60,"column":6},"end":{"line":60,"column":26}},"type":"binary-expr","locations":[{"start":{"line":60,"column":6},"end":{"line":60,"column":26}},{"start":{"line":60,"column":30},"end":{"line":60,"column":87}}]},"5":{"loc":{"start":{"line":61,"column":6},"end":{"line":61,"column":26}},"type":"binary-expr","locations":[{"start":{"line":61,"column":6},"end":{"line":61,"column":26}},{"start":{"line":61,"column":30},"end":{"line":61,"column":87}}]}},"s":{"0":2,"1":2,"2":2,"3":0,"4":0,"5":0,"6":0,"7":0,"8":0,"9":0,"10":0,"11":0,"12":0,"13":2,"14":0,"15":2,"16":2},"f":{"0":2,"1":0,"2":0},"b":{"0":[0,0],"1":[0,0],"2":[0,0],"3":[0,0],"4":[0,0],"5":[0,0]}}
,"C:\\Users\\chetm\\projects\\react-layout-generator\\src\\Draggable.tsx": {"path":"C:\\Users\\chetm\\projects\\react-layout-generator\\src\\Draggable.tsx","statementMap":{"0":{"start":{"line":1,"column":0},"end":{"line":1,"column":29}},"1":{"start":{"line":10,"column":0},"end":{"line":10,"column":46}},"2":{"start":{"line":10,"column":31},"end":{"line":10,"column":63}},"3":{"start":{"line":15,"column":2},"end":{"line":27,"column":3}},"4":{"start":{"line":16,"column":25},"end":{"line":19,"column":5}},"5":{"start":{"line":20,"column":18},"end":{"line":20,"column":82}},"6":{"start":{"line":21,"column":4},"end":{"line":26,"column":5}},"7":{"start":{"line":22,"column":6},"end":{"line":25,"column":7}},"8":{"start":{"line":29,"column":2},"end":{"line":32,"column":3}},"9":{"start":{"line":30,"column":21},"end":{"line":30,"column":42}},"10":{"start":{"line":31,"column":4},"end":{"line":31,"column":57}},"11":{"start":{"line":34,"column":10},"end":{"line":41,"column":3}},"12":{"start":{"line":34,"column":2},"end":{"line":41,"column":2}},"13":{"start":{"line":35,"column":4},"end":{"line":40,"column":7}},"14":{"start":{"line":36,"column":6},"end":{"line":39,"column":15}},"15":{"start":{"line":42,"column":0},"end":{"line":42,"column":1}},"16":{"start":{"line":10,"column":13},"end":{"line":10,"column":22}}},"fnMap":{"0":{"name":"(anonymous_6)","decl":{"start":{"line":10,"column":0},"end":{"line":null,"column":-1}},"loc":{"start":{"line":10,"column":0},"end":{"line":10,"column":-1}}},"1":{"name":"Draggable","decl":{"start":{"line":11,"column":2},"end":{"line":11,"column":13}},"loc":{"start":{"line":11,"column":36},"end":{"line":13,"column":3}}},"2":{"name":"(anonymous_8)","decl":{"start":{"line":15,"column":2},"end":{"line":null,"column":-1}},"loc":{"start":{"line":15,"column":2},"end":{"line":27,"column":3}}},"3":{"name":"(anonymous_9)","decl":{"start":{"line":29,"column":2},"end":{"line":null,"column":-1}},"loc":{"start":{"line":29,"column":2},"end":{"line":32,"column":3}}},"4":{"name":"(anonymous_10)","decl":{"start":{"line":34,"column":2},"end":{"line":34,"column":23}},"loc":{"start":{"line":34,"column":43},"end":{"line":41,"column":3}}},"5":{"name":"(anonymous_11)","decl":{"start":{"line":35,"column":51},"end":{"line":35,"column":51}},"loc":{"start":{"line":35,"column":57},"end":{"line":40,"column":5}}}},"branchMap":{"0":{"loc":{"start":{"line":12,"column":4},"end":{"line":12,"column":16}},"type":"binary-expr","locations":[{"start":{"line":12,"column":4},"end":{"line":12,"column":16}},{"start":{"line":12,"column":16},"end":{"line":null,"column":-1}}]},"1":{"loc":{"start":{"line":21,"column":4},"end":{"line":26,"column":5}},"type":"if","locations":[{"start":{"line":21,"column":4},"end":{"line":26,"column":5}},{"start":{"line":21,"column":4},"end":{"line":26,"column":5}}]}},"s":{"0":2,"1":2,"2":2,"3":2,"4":0,"5":0,"6":0,"7":0,"8":2,"9":0,"10":0,"11":2,"12":0,"13":0,"14":0,"15":2,"16":2},"f":{"0":2,"1":0,"2":0,"3":0,"4":0,"5":0},"b":{"0":[0,0],"1":[0,0]}}
,"C:\\Users\\chetm\\projects\\react-layout-generator\\src\\RLGLayout.tsx": {"path":"C:\\Users\\chetm\\projects\\react-layout-generator\\src\\RLGLayout.tsx","statementMap":{"0":{"start":{"line":1,"column":0},"end":{"line":1,"column":29}},"1":{"start":{"line":2,"column":0},"end":{"line":2,"column":54}},"2":{"start":{"line":4,"column":15},"end":{"line":4,"column":40}},"3":{"start":{"line":5,"column":12},"end":{"line":5,"column":38}},"4":{"start":{"line":14,"column":0},"end":{"line":14,"column":56}},"5":{"start":{"line":15,"column":0},"end":{"line":15,"column":54}},"6":{"start":{"line":16,"column":0},"end":{"line":16,"column":46}},"7":{"start":{"line":19,"column":0},"end":{"line":35,"column":15}},"8":{"start":{"line":36,"column":0},"end":{"line":36,"column":59}},"9":{"start":{"line":38,"column":12},"end":{"line":38,"column":26}},"10":{"start":{"line":46,"column":17},"end":{"line":46,"column":18}},"11":{"start":{"line":47,"column":12},"end":{"line":47,"column":27}},"12":{"start":{"line":48,"column":12},"end":{"line":48,"column":27}},"13":{"start":{"line":49,"column":2},"end":{"line":62,"column":4}},"14":{"start":{"line":45,"column":0},"end":{"line":63,"column":1}},"15":{"start":{"line":82,"column":18},"end":{"line":85,"column":3}},"16":{"start":{"line":86,"column":2},"end":{"line":105,"column":3}},"17":{"start":{"line":87,"column":4},"end":{"line":104,"column":5}},"18":{"start":{"line":89,"column":8},"end":{"line":89,"column":17}},"19":{"start":{"line":90,"column":8},"end":{"line":90,"column":13}},"20":{"start":{"line":93,"column":8},"end":{"line":95,"column":9}},"21":{"start":{"line":96,"column":8},"end":{"line":96,"column":13}},"22":{"start":{"line":99,"column":8},"end":{"line":101,"column":9}},"23":{"start":{"line":102,"column":8},"end":{"line":102,"column":13}},"24":{"start":{"line":107,"column":12},"end":{"line":107,"column":52}},"25":{"start":{"line":109,"column":2},"end":{"line":128,"column":3}},"26":{"start":{"line":110,"column":4},"end":{"line":118,"column":6}},"27":{"start":{"line":120,"column":4},"end":{"line":127,"column":6}},"28":{"start":{"line":135,"column":11},"end":{"line":135,"column":34}},"29":{"start":{"line":147,"column":13},"end":{"line":147,"column":51}},"30":{"start":{"line":295,"column":0},"end":{"line":295,"column":46}},"31":{"start":{"line":295,"column":31},"end":{"line":298,"column":1}},"32":{"start":{"line":318,"column":4},"end":{"line":318,"column":16}},"33":{"start":{"line":303,"column":10},"end":{"line":303,"column":55}},"34":{"start":{"line":306,"column":10},"end":{"line":306,"column":32}},"35":{"start":{"line":307,"column":10},"end":{"line":307,"column":50}},"36":{"start":{"line":308,"column":10},"end":{"line":308,"column":41}},"37":{"start":{"line":310,"column":10},"end":{"line":310,"column":28}},"38":{"start":{"line":311,"column":10},"end":{"line":311,"column":52}},"39":{"start":{"line":312,"column":10},"end":{"line":312,"column":48}},"40":{"start":{"line":313,"column":10},"end":{"line":313,"column":29}},"41":{"start":{"line":314,"column":10},"end":{"line":314,"column":28}},"42":{"start":{"line":315,"column":10},"end":{"line":315,"column":41}},"43":{"start":{"line":373,"column":9},"end":{"line":381,"column":3}},"44":{"start":{"line":374,"column":20},"end":{"line":374,"column":34}},"45":{"start":{"line":375,"column":4},"end":{"line":379,"column":5}},"46":{"start":{"line":376,"column":16},"end":{"line":376,"column":50}},"47":{"start":{"line":377,"column":6},"end":{"line":377,"column":24}},"48":{"start":{"line":378,"column":6},"end":{"line":378,"column":23}},"49":{"start":{"line":380,"column":4},"end":{"line":380,"column":18}},"50":{"start":{"line":387,"column":10},"end":{"line":390,"column":3}},"51":{"start":{"line":388,"column":4},"end":{"line":388,"column":32}},"52":{"start":{"line":389,"column":4},"end":{"line":389,"column":15}},"53":{"start":{"line":392,"column":10},"end":{"line":399,"column":3}},"54":{"start":{"line":394,"column":4},"end":{"line":397,"column":5}},"55":{"start":{"line":395,"column":25},"end":{"line":395,"column":53}},"56":{"start":{"line":396,"column":6},"end":{"line":396,"column":58}},"57":{"start":{"line":398,"column":4},"end":{"line":398,"column":15}},"58":{"start":{"line":480,"column":10},"end":{"line":484,"column":3}},"59":{"start":{"line":481,"column":4},"end":{"line":483,"column":5}},"60":{"start":{"line":482,"column":6},"end":{"line":482,"column":22}},"61":{"start":{"line":574,"column":10},"end":{"line":621,"column":3}},"62":{"start":{"line":575,"column":4},"end":{"line":620,"column":5}},"63":{"start":{"line":576,"column":12},"end":{"line":576,"column":57}},"64":{"start":{"line":576,"column":14},"end":{"line":576,"column":20}},"65":{"start":{"line":576,"column":22},"end":{"line":576,"column":57}},"66":{"start":{"line":577,"column":21},"end":{"line":577,"column":37}},"67":{"start":{"line":578,"column":6},"end":{"line":619,"column":7}},"68":{"start":{"line":579,"column":14},"end":{"line":579,"column":37}},"69":{"start":{"line":581,"column":10},"end":{"line":581,"column":74}},"70":{"start":{"line":583,"column":8},"end":{"line":618,"column":9}},"71":{"start":{"line":584,"column":21},"end":{"line":584,"column":25}},"72":{"start":{"line":585,"column":10},"end":{"line":594,"column":11}},"73":{"start":{"line":586,"column":22},"end":{"line":586,"column":56}},"74":{"start":{"line":587,"column":22},"end":{"line":587,"column":38}},"75":{"start":{"line":588,"column":22},"end":{"line":588,"column":38}},"76":{"start":{"line":589,"column":12},"end":{"line":593,"column":13}},"77":{"start":{"line":590,"column":14},"end":{"line":590,"column":66}},"78":{"start":{"line":591,"column":14},"end":{"line":591,"column":52}},"79":{"start":{"line":592,"column":14},"end":{"line":592,"column":26}},"80":{"start":{"line":596,"column":10},"end":{"line":610,"column":11}},"81":{"start":{"line":597,"column":12},"end":{"line":597,"column":68}},"82":{"start":{"line":598,"column":12},"end":{"line":598,"column":68}},"83":{"start":{"line":600,"column":12},"end":{"line":600,"column":37}},"84":{"start":{"line":601,"column":12},"end":{"line":601,"column":43}},"85":{"start":{"line":603,"column":27},"end":{"line":603,"column":43}},"86":{"start":{"line":604,"column":12},"end":{"line":609,"column":13}},"87":{"start":{"line":605,"column":14},"end":{"line":608,"column":16}},"88":{"start":{"line":606,"column":16},"end":{"line":606,"column":29}},"89":{"start":{"line":607,"column":16},"end":{"line":607,"column":28}},"90":{"start":{"line":612,"column":10},"end":{"line":612,"column":47}},"91":{"start":{"line":614,"column":10},"end":{"line":617,"column":11}},"92":{"start":{"line":615,"column":12},"end":{"line":615,"column":35}},"93":{"start":{"line":616,"column":12},"end":{"line":616,"column":27}},"94":{"start":{"line":623,"column":10},"end":{"line":632,"column":3}},"95":{"start":{"line":624,"column":4},"end":{"line":631,"column":5}},"96":{"start":{"line":626,"column":6},"end":{"line":629,"column":7}},"97":{"start":{"line":627,"column":33},"end":{"line":627,"column":62}},"98":{"start":{"line":628,"column":8},"end":{"line":628,"column":74}},"99":{"start":{"line":634,"column":10},"end":{"line":660,"column":3}},"100":{"start":{"line":635,"column":4},"end":{"line":659,"column":5}},"101":{"start":{"line":637,"column":16},"end":{"line":639,"column":7}},"102":{"start":{"line":640,"column":16},"end":{"line":642,"column":7}},"103":{"start":{"line":645,"column":6},"end":{"line":654,"column":7}},"104":{"start":{"line":649,"column":8},"end":{"line":649,"column":56}},"105":{"start":{"line":656,"column":6},"end":{"line":658,"column":7}},"106":{"start":{"line":657,"column":8},"end":{"line":657,"column":46}},"107":{"start":{"line":662,"column":10},"end":{"line":726,"column":3}},"108":{"start":{"line":663,"column":14},"end":{"line":663,"column":30}},"109":{"start":{"line":665,"column":14},"end":{"line":665,"column":44}},"110":{"start":{"line":666,"column":4},"end":{"line":668,"column":5}},"111":{"start":{"line":667,"column":6},"end":{"line":667,"column":35}},"112":{"start":{"line":670,"column":4},"end":{"line":676,"column":5}},"113":{"start":{"line":671,"column":16},"end":{"line":671,"column":50}},"114":{"start":{"line":672,"column":6},"end":{"line":675,"column":8}},"115":{"start":{"line":678,"column":14},"end":{"line":681,"column":6}},"116":{"start":{"line":682,"column":4},"end":{"line":691,"column":5}},"117":{"start":{"line":684,"column":21},"end":{"line":684,"column":37}},"118":{"start":{"line":685,"column":6},"end":{"line":690,"column":7}},"119":{"start":{"line":686,"column":8},"end":{"line":689,"column":10}},"120":{"start":{"line":687,"column":10},"end":{"line":687,"column":23}},"121":{"start":{"line":688,"column":10},"end":{"line":688,"column":22}},"122":{"start":{"line":693,"column":4},"end":{"line":693,"column":19}},"123":{"start":{"line":695,"column":4},"end":{"line":695,"column":20}},"124":{"start":{"line":698,"column":4},"end":{"line":725,"column":5}},"125":{"start":{"line":699,"column":21},"end":{"line":699,"column":37}},"126":{"start":{"line":700,"column":28},"end":{"line":700,"column":64}},"127":{"start":{"line":701,"column":6},"end":{"line":724,"column":7}},"128":{"start":{"line":702,"column":23},"end":{"line":702,"column":39}},"129":{"start":{"line":704,"column":8},"end":{"line":708,"column":9}},"130":{"start":{"line":709,"column":8},"end":{"line":709,"column":29}},"131":{"start":{"line":710,"column":8},"end":{"line":712,"column":10}},"132":{"start":{"line":711,"column":10},"end":{"line":711,"column":58}},"133":{"start":{"line":713,"column":8},"end":{"line":713,"column":55}},"134":{"start":{"line":714,"column":8},"end":{"line":721,"column":10}},"135":{"start":{"line":715,"column":20},"end":{"line":715,"column":32}},"136":{"start":{"line":716,"column":10},"end":{"line":720,"column":11}},"137":{"start":{"line":723,"column":8},"end":{"line":723,"column":24}},"138":{"start":{"line":728,"column":10},"end":{"line":756,"column":3}},"139":{"start":{"line":736,"column":12},"end":{"line":736,"column":32}},"140":{"start":{"line":737,"column":4},"end":{"line":753,"column":5}},"141":{"start":{"line":738,"column":6},"end":{"line":744,"column":8}},"142":{"start":{"line":746,"column":6},"end":{"line":752,"column":7}},"143":{"start":{"line":747,"column":8},"end":{"line":751,"column":9}},"144":{"start":{"line":755,"column":4},"end":{"line":755,"column":21}},"145":{"start":{"line":758,"column":10},"end":{"line":899,"column":3}},"146":{"start":{"line":767,"column":14},"end":{"line":767,"column":60}},"147":{"start":{"line":768,"column":4},"end":{"line":770,"column":5}},"148":{"start":{"line":769,"column":6},"end":{"line":769,"column":17}},"149":{"start":{"line":772,"column":14},"end":{"line":772,"column":34}},"150":{"start":{"line":774,"column":4},"end":{"line":896,"column":5}},"151":{"start":{"line":775,"column":6},"end":{"line":775,"column":23}},"152":{"start":{"line":777,"column":19},"end":{"line":777,"column":27}},"153":{"start":{"line":780,"column":6},"end":{"line":782,"column":7}},"154":{"start":{"line":781,"column":8},"end":{"line":781,"column":76}},"155":{"start":{"line":784,"column":6},"end":{"line":895,"column":7}},"156":{"start":{"line":785,"column":22},"end":{"line":796,"column":9}},"157":{"start":{"line":798,"column":24},"end":{"line":798,"column":58}},"158":{"start":{"line":800,"column":8},"end":{"line":800,"column":24}},"159":{"start":{"line":802,"column":8},"end":{"line":894,"column":9}},"160":{"start":{"line":803,"column":10},"end":{"line":803,"column":67}},"161":{"start":{"line":805,"column":28},"end":{"line":810,"column":16}},"162":{"start":{"line":811,"column":49},"end":{"line":819,"column":11}},"163":{"start":{"line":821,"column":10},"end":{"line":853,"column":10}},"164":{"start":{"line":826,"column":14},"end":{"line":826,"column":25}},"165":{"start":{"line":827,"column":14},"end":{"line":827,"column":42}},"166":{"start":{"line":830,"column":12},"end":{"line":848,"column":13}},"167":{"start":{"line":831,"column":14},"end":{"line":847,"column":15}},"168":{"start":{"line":832,"column":16},"end":{"line":846,"column":17}},"169":{"start":{"line":833,"column":35},"end":{"line":833,"column":61}},"170":{"start":{"line":834,"column":28},"end":{"line":834,"column":42}},"171":{"start":{"line":835,"column":18},"end":{"line":845,"column":19}},"172":{"start":{"line":836,"column":20},"end":{"line":836,"column":63}},"173":{"start":{"line":837,"column":20},"end":{"line":837,"column":37}},"174":{"start":{"line":838,"column":20},"end":{"line":838,"column":38}},"175":{"start":{"line":839,"column":25},"end":{"line":845,"column":19}},"176":{"start":{"line":840,"column":20},"end":{"line":840,"column":70}},"177":{"start":{"line":841,"column":20},"end":{"line":841,"column":37}},"178":{"start":{"line":842,"column":25},"end":{"line":845,"column":19}},"179":{"start":{"line":843,"column":20},"end":{"line":843,"column":69}},"180":{"start":{"line":844,"column":20},"end":{"line":844,"column":38}},"181":{"start":{"line":850,"column":12},"end":{"line":852,"column":13}},"182":{"start":{"line":851,"column":14},"end":{"line":851,"column":71}},"183":{"start":{"line":853,"column":10},"end":{"line":853,"column":11}},"184":{"start":{"line":855,"column":24},"end":{"line":855,"column":36}},"185":{"start":{"line":857,"column":23},"end":{"line":857,"column":73}},"186":{"start":{"line":859,"column":21},"end":{"line":880,"column":11}},"187":{"start":{"line":867,"column":18},"end":{"line":869,"column":19}},"188":{"start":{"line":868,"column":20},"end":{"line":868,"column":64}},"189":{"start":{"line":882,"column":15},"end":{"line":882,"column":14}},"190":{"start":{"line":883,"column":10},"end":{"line":885,"column":11}},"191":{"start":{"line":884,"column":12},"end":{"line":884,"column":76}},"192":{"start":{"line":887,"column":10},"end":{"line":893,"column":11}},"193":{"start":{"line":898,"column":4},"end":{"line":898,"column":15}},"194":{"start":{"line":901,"column":10},"end":{"line":925,"column":3}},"195":{"start":{"line":902,"column":14},"end":{"line":902,"column":40}},"196":{"start":{"line":904,"column":4},"end":{"line":922,"column":5}},"197":{"start":{"line":912,"column":6},"end":{"line":921,"column":7}},"198":{"start":{"line":913,"column":8},"end":{"line":920,"column":9}},"199":{"start":{"line":924,"column":4},"end":{"line":924,"column":15}},"200":{"start":{"line":927,"column":10},"end":{"line":980,"column":3}},"201":{"start":{"line":932,"column":14},"end":{"line":932,"column":40}},"202":{"start":{"line":934,"column":4},"end":{"line":958,"column":5}},"203":{"start":{"line":948,"column":6},"end":{"line":957,"column":7}},"204":{"start":{"line":949,"column":8},"end":{"line":956,"column":9}},"205":{"start":{"line":961,"column":6},"end":{"line":969,"column":11}},"206":{"start":{"line":971,"column":4},"end":{"line":979,"column":5}},"207":{"start":{"line":982,"column":10},"end":{"line":998,"column":3}},"208":{"start":{"line":984,"column":4},"end":{"line":988,"column":5}},"209":{"start":{"line":985,"column":6},"end":{"line":987,"column":7}},"210":{"start":{"line":990,"column":4},"end":{"line":992,"column":5}},"211":{"start":{"line":991,"column":6},"end":{"line":991,"column":26}},"212":{"start":{"line":994,"column":4},"end":{"line":997,"column":5}},"213":{"start":{"line":995,"column":6},"end":{"line":995,"column":29}},"214":{"start":{"line":996,"column":6},"end":{"line":996,"column":35}},"215":{"start":{"line":1000,"column":10},"end":{"line":1012,"column":3}},"216":{"start":{"line":1001,"column":4},"end":{"line":1011,"column":5}},"217":{"start":{"line":1003,"column":6},"end":{"line":1007,"column":7}},"218":{"start":{"line":1004,"column":8},"end":{"line":1006,"column":9}},"219":{"start":{"line":1009,"column":6},"end":{"line":1009,"column":28}},"220":{"start":{"line":1010,"column":6},"end":{"line":1010,"column":68}},"221":{"start":{"line":1014,"column":10},"end":{"line":1027,"column":3}},"222":{"start":{"line":1016,"column":6},"end":{"line":1016,"column":43}},"223":{"start":{"line":1018,"column":4},"end":{"line":1024,"column":5}},"224":{"start":{"line":1019,"column":26},"end":{"line":1019,"column":50}},"225":{"start":{"line":1020,"column":6},"end":{"line":1020,"column":34}},"226":{"start":{"line":1021,"column":6},"end":{"line":1023,"column":8}},"227":{"start":{"line":1022,"column":8},"end":{"line":1022,"column":28}},"228":{"start":{"line":1026,"column":4},"end":{"line":1026,"column":20}},"229":{"start":{"line":1029,"column":10},"end":{"line":1043,"column":3}},"230":{"start":{"line":1030,"column":4},"end":{"line":1042,"column":5}},"231":{"start":{"line":1032,"column":6},"end":{"line":1036,"column":7}},"232":{"start":{"line":1033,"column":8},"end":{"line":1035,"column":9}},"233":{"start":{"line":1038,"column":6},"end":{"line":1038,"column":28}},"234":{"start":{"line":1039,"column":6},"end":{"line":1039,"column":33}},"235":{"start":{"line":1041,"column":6},"end":{"line":1041,"column":21}},"236":{"start":{"line":1045,"column":10},"end":{"line":1049,"column":3}},"237":{"start":{"line":1046,"column":4},"end":{"line":1048,"column":5}},"238":{"start":{"line":1047,"column":6},"end":{"line":1047,"column":73}},"239":{"start":{"line":1051,"column":10},"end":{"line":1053,"column":3}},"240":{"start":{"line":1052,"column":4},"end":{"line":1052,"column":60}},"241":{"start":{"line":1055,"column":10},"end":{"line":1057,"column":3}},"242":{"start":{"line":1056,"column":4},"end":{"line":1056,"column":63}},"243":{"start":{"line":1059,"column":10},"end":{"line":1061,"column":3}},"244":{"start":{"line":1060,"column":4},"end":{"line":1060,"column":27}},"245":{"start":{"line":1063,"column":10},"end":{"line":1069,"column":3}},"246":{"start":{"line":1063,"column":22},"end":{"line":1063,"column":44}},"247":{"start":{"line":1064,"column":4},"end":{"line":1068,"column":5}},"248":{"start":{"line":1065,"column":6},"end":{"line":1065,"column":34}},"249":{"start":{"line":1067,"column":6},"end":{"line":1067,"column":54}},"250":{"start":{"line":1071,"column":10},"end":{"line":1199,"column":3}},"251":{"start":{"line":1072,"column":18},"end":{"line":1072,"column":59}},"252":{"start":{"line":1073,"column":4},"end":{"line":1073,"column":24}},"253":{"start":{"line":1076,"column":4},"end":{"line":1083,"column":5}},"254":{"start":{"line":1077,"column":28},"end":{"line":1077,"column":74}},"255":{"start":{"line":1078,"column":6},"end":{"line":1082,"column":7}},"256":{"start":{"line":1086,"column":4},"end":{"line":1101,"column":6}},"257":{"start":{"line":1087,"column":16},"end":{"line":1087,"column":48}},"258":{"start":{"line":1088,"column":6},"end":{"line":1100,"column":7}},"259":{"start":{"line":1089,"column":8},"end":{"line":1099,"column":9}},"260":{"start":{"line":1090,"column":10},"end":{"line":1094,"column":12}},"261":{"start":{"line":1091,"column":23},"end":{"line":1091,"column":56}},"262":{"start":{"line":1092,"column":27},"end":{"line":1092,"column":66}},"263":{"start":{"line":1093,"column":12},"end":{"line":1093,"column":45}},"264":{"start":{"line":1097,"column":10},"end":{"line":1097,"column":40}},"265":{"start":{"line":1116,"column":19},"end":{"line":1116,"column":35}},"266":{"start":{"line":1117,"column":25},"end":{"line":1117,"column":26}},"267":{"start":{"line":1118,"column":40},"end":{"line":1118,"column":42}},"268":{"start":{"line":1121,"column":12},"end":{"line":1121,"column":13}},"269":{"start":{"line":1122,"column":4},"end":{"line":1136,"column":5}},"270":{"start":{"line":1123,"column":20},"end":{"line":1123,"column":29}},"271":{"start":{"line":1124,"column":23},"end":{"line":1124,"column":55}},"272":{"start":{"line":1129,"column":8},"end":{"line":1134,"column":9}},"273":{"start":{"line":1138,"column":4},"end":{"line":1155,"column":5}},"274":{"start":{"line":1139,"column":6},"end":{"line":1154,"column":7}},"275":{"start":{"line":1157,"column":4},"end":{"line":1166,"column":5}},"276":{"start":{"line":1158,"column":20},"end":{"line":1158,"column":29}},"277":{"start":{"line":1159,"column":23},"end":{"line":1159,"column":55}},"278":{"start":{"line":1160,"column":6},"end":{"line":1165,"column":7}},"279":{"start":{"line":1168,"column":4},"end":{"line":1185,"column":5}},"280":{"start":{"line":1169,"column":6},"end":{"line":1184,"column":7}},"281":{"start":{"line":1187,"column":4},"end":{"line":1196,"column":5}},"282":{"start":{"line":1188,"column":6},"end":{"line":1195,"column":7}},"283":{"start":{"line":1198,"column":4},"end":{"line":1198,"column":19}},"284":{"start":{"line":319,"column":4},"end":{"line":326,"column":5}},"285":{"start":{"line":328,"column":4},"end":{"line":333,"column":5}},"286":{"start":{"line":329,"column":6},"end":{"line":332,"column":60}},"287":{"start":{"line":335,"column":4},"end":{"line":335,"column":25}},"288":{"start":{"line":299,"column":2},"end":{"line":301,"column":3}},"289":{"start":{"line":300,"column":4},"end":{"line":300,"column":23}},"290":{"start":{"line":338,"column":9},"end":{"line":342,"column":3}},"291":{"start":{"line":339,"column":4},"end":{"line":341,"column":5}},"292":{"start":{"line":340,"column":6},"end":{"line":340,"column":18}},"293":{"start":{"line":344,"column":9},"end":{"line":352,"column":3}},"294":{"start":{"line":351,"column":4},"end":{"line":351,"column":58}},"295":{"start":{"line":354,"column":9},"end":{"line":361,"column":3}},"296":{"start":{"line":355,"column":4},"end":{"line":355,"column":61}},"297":{"start":{"line":357,"column":4},"end":{"line":360,"column":5}},"298":{"start":{"line":358,"column":6},"end":{"line":358,"column":29}},"299":{"start":{"line":359,"column":6},"end":{"line":359,"column":21}},"300":{"start":{"line":363,"column":9},"end":{"line":371,"column":3}},"301":{"start":{"line":364,"column":4},"end":{"line":370,"column":5}},"302":{"start":{"line":368,"column":6},"end":{"line":368,"column":26}},"303":{"start":{"line":369,"column":6},"end":{"line":369,"column":27}},"304":{"start":{"line":383,"column":2},"end":{"line":385,"column":3}},"305":{"start":{"line":384,"column":4},"end":{"line":384,"column":21}},"306":{"start":{"line":401,"column":2},"end":{"line":438,"column":3}},"307":{"start":{"line":402,"column":38},"end":{"line":402,"column":40}},"308":{"start":{"line":405,"column":6},"end":{"line":405,"column":28}},"309":{"start":{"line":408,"column":21},"end":{"line":408,"column":70}},"310":{"start":{"line":410,"column":6},"end":{"line":414,"column":11}},"311":{"start":{"line":413,"column":12},"end":{"line":413,"column":24}},"312":{"start":{"line":416,"column":4},"end":{"line":418,"column":5}},"313":{"start":{"line":417,"column":6},"end":{"line":417,"column":17}},"314":{"start":{"line":420,"column":4},"end":{"line":435,"column":6}},"315":{"start":{"line":421,"column":16},"end":{"line":421,"column":48}},"316":{"start":{"line":422,"column":6},"end":{"line":434,"column":7}},"317":{"start":{"line":423,"column":22},"end":{"line":423,"column":43}},"318":{"start":{"line":424,"column":8},"end":{"line":433,"column":9}},"319":{"start":{"line":425,"column":10},"end":{"line":425,"column":24}},"320":{"start":{"line":427,"column":25},"end":{"line":427,"column":38}},"321":{"start":{"line":428,"column":10},"end":{"line":432,"column":11}},"322":{"start":{"line":429,"column":12},"end":{"line":429,"column":30}},"323":{"start":{"line":431,"column":12},"end":{"line":431,"column":33}},"324":{"start":{"line":437,"column":4},"end":{"line":437,"column":14}},"325":{"start":{"line":440,"column":9},"end":{"line":478,"column":3}},"326":{"start":{"line":441,"column":4},"end":{"line":441,"column":21}},"327":{"start":{"line":443,"column":41},"end":{"line":443,"column":57}},"328":{"start":{"line":445,"column":4},"end":{"line":472,"column":5}},"329":{"start":{"line":446,"column":6},"end":{"line":446,"column":23}},"330":{"start":{"line":447,"column":6},"end":{"line":471,"column":7}},"331":{"start":{"line":473,"column":4},"end":{"line":477,"column":5}},"332":{"start":{"line":486,"column":10},"end":{"line":541,"column":3}},"333":{"start":{"line":488,"column":14},"end":{"line":488,"column":23}},"334":{"start":{"line":490,"column":6},"end":{"line":500,"column":7}},"335":{"start":{"line":491,"column":8},"end":{"line":493,"column":9}},"336":{"start":{"line":492,"column":10},"end":{"line":492,"column":20}},"337":{"start":{"line":494,"column":8},"end":{"line":496,"column":9}},"338":{"start":{"line":495,"column":10},"end":{"line":495,"column":22}},"339":{"start":{"line":497,"column":8},"end":{"line":499,"column":9}},"340":{"start":{"line":498,"column":10},"end":{"line":498,"column":22}},"341":{"start":{"line":501,"column":6},"end":{"line":501,"column":14}},"342":{"start":{"line":504,"column":41},"end":{"line":511,"column":5}},"343":{"start":{"line":512,"column":4},"end":{"line":539,"column":5}},"344":{"start":{"line":513,"column":6},"end":{"line":527,"column":7}},"345":{"start":{"line":517,"column":8},"end":{"line":526,"column":9}},"346":{"start":{"line":528,"column":6},"end":{"line":538,"column":7}},"347":{"start":{"line":540,"column":4},"end":{"line":540,"column":20}},"348":{"start":{"line":543,"column":10},"end":{"line":572,"column":3}},"349":{"start":{"line":543,"column":2},"end":{"line":572,"column":2}},"350":{"start":{"line":544,"column":4},"end":{"line":544,"column":35}},"351":{"start":{"line":545,"column":4},"end":{"line":555,"column":5}},"352":{"start":{"line":546,"column":6},"end":{"line":554,"column":7}},"353":{"start":{"line":547,"column":22},"end":{"line":547,"column":51}},"354":{"start":{"line":548,"column":8},"end":{"line":551,"column":10}},"355":{"start":{"line":550,"column":10},"end":{"line":550,"column":31}},"356":{"start":{"line":553,"column":8},"end":{"line":553,"column":33}},"357":{"start":{"line":556,"column":4},"end":{"line":556,"column":26}},"358":{"start":{"line":558,"column":4},"end":{"line":563,"column":5}},"359":{"start":{"line":559,"column":21},"end":{"line":559,"column":37}},"360":{"start":{"line":560,"column":6},"end":{"line":562,"column":8}},"361":{"start":{"line":561,"column":8},"end":{"line":561,"column":38}},"362":{"start":{"line":565,"column":4},"end":{"line":569,"column":5}},"363":{"start":{"line":566,"column":6},"end":{"line":568,"column":7}},"364":{"start":{"line":567,"column":8},"end":{"line":567,"column":45}},"365":{"start":{"line":571,"column":4},"end":{"line":571,"column":54}},"366":{"start":{"line":1201,"column":10},"end":{"line":1218,"column":3}},"367":{"start":{"line":1201,"column":2},"end":{"line":1218,"column":2}},"368":{"start":{"line":1202,"column":4},"end":{"line":1217,"column":6}},"369":{"start":{"line":1203,"column":16},"end":{"line":1203,"column":48}},"370":{"start":{"line":1204,"column":6},"end":{"line":1215,"column":7}},"371":{"start":{"line":1205,"column":8},"end":{"line":1214,"column":9}},"372":{"start":{"line":1206,"column":10},"end":{"line":1210,"column":12}},"373":{"start":{"line":1207,"column":23},"end":{"line":1207,"column":56}},"374":{"start":{"line":1208,"column":27},"end":{"line":1208,"column":66}},"375":{"start":{"line":1209,"column":12},"end":{"line":1209,"column":53}},"376":{"start":{"line":1213,"column":10},"end":{"line":1213,"column":79}},"377":{"start":{"line":1216,"column":6},"end":{"line":1216,"column":17}},"378":{"start":{"line":1220,"column":10},"end":{"line":1232,"column":3}},"379":{"start":{"line":1221,"column":4},"end":{"line":1231,"column":5}},"380":{"start":{"line":1223,"column":6},"end":{"line":1223,"column":28}},"381":{"start":{"line":1224,"column":32},"end":{"line":1224,"column":75}},"382":{"start":{"line":1225,"column":22},"end":{"line":1225,"column":58}},"383":{"start":{"line":1226,"column":22},"end":{"line":1226,"column":57}},"384":{"start":{"line":1227,"column":6},"end":{"line":1227,"column":53}},"385":{"start":{"line":1228,"column":6},"end":{"line":1228,"column":30}},"386":{"start":{"line":1230,"column":6},"end":{"line":1230,"column":21}},"387":{"start":{"line":1234,"column":10},"end":{"line":1343,"column":3}},"388":{"start":{"line":1234,"column":2},"end":{"line":1343,"column":2}},"389":{"start":{"line":1241,"column":22},"end":{"line":1244,"column":5}},"390":{"start":{"line":1246,"column":27},"end":{"line":1311,"column":5}},"391":{"start":{"line":1249,"column":29},"end":{"line":1254,"column":9}},"392":{"start":{"line":1255,"column":8},"end":{"line":1308,"column":9}},"393":{"start":{"line":1259,"column":29},"end":{"line":1259,"column":48}},"394":{"start":{"line":1260,"column":30},"end":{"line":1271,"column":11}},"395":{"start":{"line":1274,"column":12},"end":{"line":1286,"column":17}},"396":{"start":{"line":1288,"column":10},"end":{"line":1307,"column":11}},"397":{"start":{"line":1309,"column":8},"end":{"line":1309,"column":19}},"398":{"start":{"line":1314,"column":6},"end":{"line":1324,"column":11}},"399":{"start":{"line":1326,"column":4},"end":{"line":1342,"column":5}},"400":{"start":{"line":1345,"column":10},"end":{"line":1428,"column":3}},"401":{"start":{"line":1345,"column":2},"end":{"line":1428,"column":2}},"402":{"start":{"line":1350,"column":40},"end":{"line":1350,"column":42}},"403":{"start":{"line":1351,"column":4},"end":{"line":1426,"column":5}},"404":{"start":{"line":1352,"column":6},"end":{"line":1355,"column":7}},"405":{"start":{"line":1353,"column":19},"end":{"line":1353,"column":75}},"406":{"start":{"line":1354,"column":8},"end":{"line":1354,"column":26}},"407":{"start":{"line":1356,"column":6},"end":{"line":1359,"column":7}},"408":{"start":{"line":1357,"column":19},"end":{"line":1357,"column":71}},"409":{"start":{"line":1358,"column":8},"end":{"line":1358,"column":22}},"410":{"start":{"line":1360,"column":6},"end":{"line":1425,"column":7}},"411":{"start":{"line":1361,"column":20},"end":{"line":1361,"column":24}},"412":{"start":{"line":1362,"column":8},"end":{"line":1402,"column":10}},"413":{"start":{"line":1364,"column":10},"end":{"line":1370,"column":11}},"414":{"start":{"line":1369,"column":12},"end":{"line":1369,"column":25}},"415":{"start":{"line":1371,"column":10},"end":{"line":1377,"column":11}},"416":{"start":{"line":1376,"column":12},"end":{"line":1376,"column":25}},"417":{"start":{"line":1378,"column":10},"end":{"line":1401,"column":11}},"418":{"start":{"line":1379,"column":12},"end":{"line":1396,"column":13}},"419":{"start":{"line":1398,"column":12},"end":{"line":1400,"column":39}},"420":{"start":{"line":1405,"column":21},"end":{"line":1405,"column":50}},"421":{"start":{"line":1406,"column":8},"end":{"line":1406,"column":31}},"422":{"start":{"line":1407,"column":8},"end":{"line":1424,"column":9}},"423":{"start":{"line":1427,"column":4},"end":{"line":1427,"column":18}},"424":{"start":{"line":1429,"column":0},"end":{"line":1429,"column":1}},"425":{"start":{"line":295,"column":13},"end":{"line":295,"column":22}}},"fnMap":{"0":{"name":"blockSelectedStyle","decl":{"start":{"line":45,"column":16},"end":{"line":45,"column":34}},"loc":{"start":{"line":45,"column":62},"end":{"line":63,"column":1}}},"1":{"name":"blockStyle","decl":{"start":{"line":69,"column":9},"end":{"line":69,"column":19}},"loc":{"start":{"line":79,"column":25},"end":{"line":129,"column":1}}},"2":{"name":"(anonymous_10)","decl":{"start":{"line":295,"column":0},"end":{"line":null,"column":-1}},"loc":{"start":{"line":295,"column":0},"end":{"line":295,"column":-1}}},"3":{"name":"RLGLayout","decl":{"start":{"line":317,"column":2},"end":{"line":317,"column":13}},"loc":{"start":{"line":317,"column":36},"end":{"line":336,"column":3}}},"4":{"name":"(anonymous_12)","decl":{"start":{"line":373,"column":30},"end":{"line":null,"column":-1}},"loc":{"start":{"line":373,"column":30},"end":{"line":381,"column":3}}},"5":{"name":"(anonymous_13)","decl":{"start":{"line":387,"column":23},"end":{"line":null,"column":-1}},"loc":{"start":{"line":387,"column":23},"end":{"line":390,"column":3}}},"6":{"name":"(anonymous_14)","decl":{"start":{"line":392,"column":21},"end":{"line":null,"column":-1}},"loc":{"start":{"line":392,"column":21},"end":{"line":399,"column":3}}},"7":{"name":"(anonymous_15)","decl":{"start":{"line":480,"column":22},"end":{"line":480,"column":22}},"loc":{"start":{"line":480,"column":42},"end":{"line":484,"column":3}}},"8":{"name":"(anonymous_16)","decl":{"start":{"line":574,"column":26},"end":{"line":574,"column":26}},"loc":{"start":{"line":574,"column":39},"end":{"line":621,"column":3}}},"9":{"name":"(anonymous_17)","decl":{"start":{"line":605,"column":33},"end":{"line":605,"column":32}},"loc":{"start":{"line":605,"column":38},"end":{"line":608,"column":15}}},"10":{"name":"(anonymous_18)","decl":{"start":{"line":623,"column":27},"end":{"line":null,"column":-1}},"loc":{"start":{"line":623,"column":27},"end":{"line":632,"column":3}}},"11":{"name":"(anonymous_19)","decl":{"start":{"line":634,"column":21},"end":{"line":634,"column":21}},"loc":{"start":{"line":634,"column":51},"end":{"line":660,"column":3}}},"12":{"name":"(anonymous_20)","decl":{"start":{"line":662,"column":23},"end":{"line":null,"column":-1}},"loc":{"start":{"line":662,"column":23},"end":{"line":726,"column":3}}},"13":{"name":"(anonymous_21)","decl":{"start":{"line":686,"column":27},"end":{"line":686,"column":26}},"loc":{"start":{"line":686,"column":32},"end":{"line":689,"column":9}}},"14":{"name":"(anonymous_22)","decl":{"start":{"line":710,"column":27},"end":{"line":710,"column":27}},"loc":{"start":{"line":710,"column":38},"end":{"line":712,"column":9}}},"15":{"name":"(anonymous_23)","decl":{"start":{"line":714,"column":27},"end":{"line":714,"column":27}},"loc":{"start":{"line":714,"column":38},"end":{"line":721,"column":9}}},"16":{"name":"(anonymous_24)","decl":{"start":{"line":728,"column":36},"end":{"line":729,"column":3}},"loc":{"start":{"line":734,"column":38},"end":{"line":756,"column":3}}},"17":{"name":"(anonymous_25)","decl":{"start":{"line":758,"column":36},"end":{"line":759,"column":3}},"loc":{"start":{"line":765,"column":19},"end":{"line":899,"column":3}}},"18":{"name":"(anonymous_26)","decl":{"start":{"line":821,"column":10},"end":{"line":null,"column":-1}},"loc":{"start":{"line":821,"column":10},"end":{"line":821,"column":9}}},"19":{"name":"Local","decl":{"start":{"line":825,"column":12},"end":{"line":825,"column":23}},"loc":{"start":{"line":825,"column":32},"end":{"line":828,"column":13}}},"20":{"name":"(anonymous_28)","decl":{"start":{"line":830,"column":12},"end":{"line":830,"column":19}},"loc":{"start":{"line":830,"column":40},"end":{"line":848,"column":13}}},"21":{"name":"(anonymous_29)","decl":{"start":{"line":850,"column":12},"end":{"line":null,"column":-1}},"loc":{"start":{"line":850,"column":12},"end":{"line":852,"column":13}}},"22":{"name":"(anonymous_30)","decl":{"start":{"line":866,"column":21},"end":{"line":866,"column":21}},"loc":{"start":{"line":866,"column":28},"end":{"line":870,"column":17}}},"23":{"name":"(anonymous_31)","decl":{"start":{"line":901,"column":25},"end":{"line":901,"column":25}},"loc":{"start":{"line":901,"column":74},"end":{"line":925,"column":3}}},"24":{"name":"(anonymous_32)","decl":{"start":{"line":927,"column":26},"end":{"line":928,"column":3}},"loc":{"start":{"line":930,"column":17},"end":{"line":980,"column":3}}},"25":{"name":"(anonymous_33)","decl":{"start":{"line":982,"column":30},"end":{"line":982,"column":30}},"loc":{"start":{"line":982,"column":54},"end":{"line":998,"column":3}}},"26":{"name":"(anonymous_34)","decl":{"start":{"line":1000,"column":32},"end":{"line":1000,"column":32}},"loc":{"start":{"line":1000,"column":46},"end":{"line":1012,"column":3}}},"27":{"name":"(anonymous_35)","decl":{"start":{"line":1001,"column":11},"end":{"line":1001,"column":11}},"loc":{"start":{"line":1001,"column":35},"end":{"line":1011,"column":5}}},"28":{"name":"(anonymous_36)","decl":{"start":{"line":1014,"column":32},"end":{"line":1014,"column":32}},"loc":{"start":{"line":1014,"column":46},"end":{"line":1027,"column":3}}},"29":{"name":"(anonymous_37)","decl":{"start":{"line":1021,"column":26},"end":{"line":1021,"column":26}},"loc":{"start":{"line":1021,"column":42},"end":{"line":1023,"column":7}}},"30":{"name":"(anonymous_38)","decl":{"start":{"line":1029,"column":26},"end":{"line":1029,"column":26}},"loc":{"start":{"line":1029,"column":44},"end":{"line":1043,"column":3}}},"31":{"name":"(anonymous_39)","decl":{"start":{"line":1045,"column":21},"end":{"line":null,"column":-1}},"loc":{"start":{"line":1045,"column":21},"end":{"line":1049,"column":3}}},"32":{"name":"(anonymous_40)","decl":{"start":{"line":1051,"column":30},"end":{"line":null,"column":-1}},"loc":{"start":{"line":1051,"column":30},"end":{"line":1053,"column":3}}},"33":{"name":"(anonymous_41)","decl":{"start":{"line":1055,"column":33},"end":{"line":null,"column":-1}},"loc":{"start":{"line":1055,"column":33},"end":{"line":1057,"column":3}}},"34":{"name":"(anonymous_42)","decl":{"start":{"line":1059,"column":27},"end":{"line":1059,"column":27}},"loc":{"start":{"line":1059,"column":47},"end":{"line":1061,"column":3}}},"35":{"name":"(anonymous_43)","decl":{"start":{"line":1063,"column":21},"end":{"line":1063,"column":21}},"loc":{"start":{"line":1063,"column":44},"end":{"line":1069,"column":3}}},"36":{"name":"(anonymous_44)","decl":{"start":{"line":1071,"column":20},"end":{"line":null,"column":-1}},"loc":{"start":{"line":1071,"column":20},"end":{"line":1199,"column":3}}},"37":{"name":"(anonymous_45)","decl":{"start":{"line":1086,"column":44},"end":{"line":1086,"column":44}},"loc":{"start":{"line":1086,"column":53},"end":{"line":1101,"column":5}}},"38":{"name":"(anonymous_46)","decl":{"start":{"line":1090,"column":47},"end":{"line":1090,"column":47}},"loc":{"start":{"line":1090,"column":58},"end":{"line":1094,"column":11}}},"39":{"name":"(anonymous_47)","decl":{"start":{"line":299,"column":2},"end":{"line":null,"column":-1}},"loc":{"start":{"line":299,"column":2},"end":{"line":301,"column":3}}},"40":{"name":"(anonymous_48)","decl":{"start":{"line":338,"column":2},"end":{"line":null,"column":-1}},"loc":{"start":{"line":338,"column":2},"end":{"line":342,"column":3}}},"41":{"name":"(anonymous_49)","decl":{"start":{"line":344,"column":2},"end":{"line":null,"column":-1}},"loc":{"start":{"line":344,"column":2},"end":{"line":352,"column":3}}},"42":{"name":"(anonymous_50)","decl":{"start":{"line":354,"column":2},"end":{"line":null,"column":-1}},"loc":{"start":{"line":354,"column":2},"end":{"line":361,"column":3}}},"43":{"name":"(anonymous_51)","decl":{"start":{"line":363,"column":2},"end":{"line":363,"column":34}},"loc":{"start":{"line":363,"column":57},"end":{"line":371,"column":3}}},"44":{"name":"(anonymous_52)","decl":{"start":{"line":383,"column":2},"end":{"line":null,"column":-1}},"loc":{"start":{"line":383,"column":2},"end":{"line":385,"column":3}}},"45":{"name":"(anonymous_53)","decl":{"start":{"line":401,"column":2},"end":{"line":null,"column":-1}},"loc":{"start":{"line":401,"column":2},"end":{"line":438,"column":3}}},"46":{"name":"push","decl":{"start":{"line":404,"column":13},"end":{"line":404,"column":17}},"loc":{"start":{"line":404,"column":56},"end":{"line":406,"column":5}}},"47":{"name":"(anonymous_55)","decl":{"start":{"line":412,"column":10},"end":{"line":412,"column":10}},"loc":{"start":{"line":412,"column":24},"end":{"line":414,"column":11}}},"48":{"name":"(anonymous_56)","decl":{"start":{"line":420,"column":44},"end":{"line":420,"column":43}},"loc":{"start":{"line":420,"column":49},"end":{"line":435,"column":5}}},"49":{"name":"(anonymous_57)","decl":{"start":{"line":440,"column":2},"end":{"line":null,"column":-1}},"loc":{"start":{"line":440,"column":2},"end":{"line":478,"column":3}}},"50":{"name":"(anonymous_58)","decl":{"start":{"line":486,"column":2},"end":{"line":null,"column":-1}},"loc":{"start":{"line":486,"column":2},"end":{"line":541,"column":3}}},"51":{"name":"overflowFn","decl":{"start":{"line":487,"column":13},"end":{"line":487,"column":23}},"loc":{"start":{"line":487,"column":60},"end":{"line":502,"column":5}}},"52":{"name":"(anonymous_60)","decl":{"start":{"line":543,"column":2},"end":{"line":543,"column":19}},"loc":{"start":{"line":543,"column":42},"end":{"line":572,"column":3}}},"53":{"name":"(anonymous_61)","decl":{"start":{"line":548,"column":22},"end":{"line":548,"column":22}},"loc":{"start":{"line":548,"column":43},"end":{"line":551,"column":9}}},"54":{"name":"(anonymous_62)","decl":{"start":{"line":560,"column":32},"end":{"line":560,"column":32}},"loc":{"start":{"line":560,"column":60},"end":{"line":562,"column":7}}},"55":{"name":"(anonymous_63)","decl":{"start":{"line":1201,"column":2},"end":{"line":1201,"column":23}},"loc":{"start":{"line":1201,"column":64},"end":{"line":1218,"column":3}}},"56":{"name":"(anonymous_64)","decl":{"start":{"line":1202,"column":37},"end":{"line":1202,"column":37}},"loc":{"start":{"line":1202,"column":46},"end":{"line":1217,"column":5}}},"57":{"name":"(anonymous_65)","decl":{"start":{"line":1206,"column":54},"end":{"line":1206,"column":54}},"loc":{"start":{"line":1206,"column":65},"end":{"line":1210,"column":11}}},"58":{"name":"(anonymous_66)","decl":{"start":{"line":1220,"column":2},"end":{"line":1220,"column":27}},"loc":{"start":{"line":1220,"column":60},"end":{"line":1232,"column":3}}},"59":{"name":"(anonymous_67)","decl":{"start":{"line":1234,"column":2},"end":{"line":1235,"column":3}},"loc":{"start":{"line":1239,"column":30},"end":{"line":1343,"column":3}}},"60":{"name":"(anonymous_68)","decl":{"start":{"line":1248,"column":6},"end":{"line":1248,"column":6}},"loc":{"start":{"line":1248,"column":21},"end":{"line":1310,"column":7}}},"61":{"name":"(anonymous_69)","decl":{"start":{"line":1345,"column":2},"end":{"line":1346,"column":3}},"loc":{"start":{"line":1348,"column":65},"end":{"line":1428,"column":3}}},"62":{"name":"(anonymous_70)","decl":{"start":{"line":1362,"column":31},"end":{"line":1362,"column":31}},"loc":{"start":{"line":1362,"column":39},"end":{"line":1402,"column":9}}}},"branchMap":{"0":{"loc":{"start":{"line":61,"column":27},"end":{"line":61,"column":33}},"type":"cond-expr","locations":[{"start":{"line":61,"column":27},"end":{"line":61,"column":33}},{"start":{"line":61,"column":36},"end":{"line":61,"column":42}}]},"1":{"loc":{"start":{"line":86,"column":2},"end":{"line":105,"column":3}},"type":"if","locations":[{"start":{"line":86,"column":2},"end":{"line":105,"column":3}},{"start":{"line":86,"column":2},"end":{"line":105,"column":3}}]},"2":{"loc":{"start":{"line":88,"column":6},"end":{"line":91,"column":7}},"type":"switch","locations":[{"start":{"line":88,"column":6},"end":{"line":91,"column":7}},{"start":{"line":92,"column":6},"end":{"line":97,"column":7}},{"start":{"line":98,"column":6},"end":{"line":103,"column":7}}]},"3":{"loc":{"start":{"line":109,"column":2},"end":{"line":128,"column":3}},"type":"if","locations":[{"start":{"line":109,"column":2},"end":{"line":128,"column":3}},{"start":{"line":109,"column":2},"end":{"line":128,"column":3}}]},"4":{"loc":{"start":{"line":116,"column":29},"end":{"line":116,"column":35}},"type":"cond-expr","locations":[{"start":{"line":116,"column":29},"end":{"line":116,"column":35}},{"start":{"line":116,"column":38},"end":{"line":116,"column":44}}]},"5":{"loc":{"start":{"line":125,"column":29},"end":{"line":125,"column":35}},"type":"cond-expr","locations":[{"start":{"line":125,"column":29},"end":{"line":125,"column":35}},{"start":{"line":125,"column":38},"end":{"line":125,"column":44}}]},"6":{"loc":{"start":{"line":318,"column":4},"end":{"line":318,"column":16}},"type":"binary-expr","locations":[{"start":{"line":318,"column":4},"end":{"line":318,"column":16}},{"start":{"line":318,"column":16},"end":{"line":336,"column":2}}]},"7":{"loc":{"start":{"line":375,"column":4},"end":{"line":379,"column":5}},"type":"if","locations":[{"start":{"line":375,"column":4},"end":{"line":379,"column":5}},{"start":{"line":375,"column":4},"end":{"line":379,"column":5}}]},"8":{"loc":{"start":{"line":394,"column":4},"end":{"line":397,"column":5}},"type":"if","locations":[{"start":{"line":394,"column":4},"end":{"line":397,"column":5}},{"start":{"line":394,"column":4},"end":{"line":397,"column":5}}]},"9":{"loc":{"start":{"line":481,"column":4},"end":{"line":483,"column":5}},"type":"if","locations":[{"start":{"line":481,"column":4},"end":{"line":483,"column":5}},{"start":{"line":481,"column":4},"end":{"line":483,"column":5}}]},"10":{"loc":{"start":{"line":575,"column":4},"end":{"line":620,"column":5}},"type":"if","locations":[{"start":{"line":575,"column":4},"end":{"line":620,"column":5}},{"start":{"line":575,"column":4},"end":{"line":620,"column":5}}]},"11":{"loc":{"start":{"line":578,"column":6},"end":{"line":619,"column":7}},"type":"if","locations":[{"start":{"line":578,"column":6},"end":{"line":619,"column":7}},{"start":{"line":578,"column":6},"end":{"line":619,"column":7}}]},"12":{"loc":{"start":{"line":581,"column":10},"end":{"line":581,"column":23}},"type":"binary-expr","locations":[{"start":{"line":581,"column":10},"end":{"line":581,"column":23}},{"start":{"line":581,"column":27},"end":{"line":581,"column":74}}]},"13":{"loc":{"start":{"line":583,"column":8},"end":{"line":618,"column":9}},"type":"if","locations":[{"start":{"line":583,"column":8},"end":{"line":618,"column":9}},{"start":{"line":583,"column":8},"end":{"line":618,"column":9}}]},"14":{"loc":{"start":{"line":585,"column":10},"end":{"line":594,"column":11}},"type":"if","locations":[{"start":{"line":585,"column":10},"end":{"line":594,"column":11}},{"start":{"line":585,"column":10},"end":{"line":594,"column":11}}]},"15":{"loc":{"start":{"line":589,"column":12},"end":{"line":593,"column":13}},"type":"if","locations":[{"start":{"line":589,"column":12},"end":{"line":593,"column":13}},{"start":{"line":589,"column":12},"end":{"line":593,"column":13}}]},"16":{"loc":{"start":{"line":589,"column":16},"end":{"line":589,"column":37}},"type":"binary-expr","locations":[{"start":{"line":589,"column":16},"end":{"line":589,"column":37}},{"start":{"line":589,"column":41},"end":{"line":589,"column":63}}]},"17":{"loc":{"start":{"line":596,"column":10},"end":{"line":610,"column":11}},"type":"if","locations":[{"start":{"line":596,"column":10},"end":{"line":610,"column":11}},{"start":{"line":596,"column":10},"end":{"line":610,"column":11}}]},"18":{"loc":{"start":{"line":598,"column":62},"end":{"line":598,"column":63}},"type":"cond-expr","locations":[{"start":{"line":598,"column":62},"end":{"line":598,"column":63}},{"start":{"line":598,"column":66},"end":{"line":598,"column":67}}]},"19":{"loc":{"start":{"line":604,"column":12},"end":{"line":609,"column":13}},"type":"if","locations":[{"start":{"line":604,"column":12},"end":{"line":609,"column":13}},{"start":{"line":604,"column":12},"end":{"line":609,"column":13}}]},"20":{"loc":{"start":{"line":614,"column":10},"end":{"line":617,"column":11}},"type":"if","locations":[{"start":{"line":614,"column":10},"end":{"line":617,"column":11}},{"start":{"line":614,"column":10},"end":{"line":617,"column":11}}]},"21":{"loc":{"start":{"line":624,"column":4},"end":{"line":631,"column":5}},"type":"if","locations":[{"start":{"line":624,"column":4},"end":{"line":631,"column":5}},{"start":{"line":624,"column":4},"end":{"line":631,"column":5}}]},"22":{"loc":{"start":{"line":626,"column":6},"end":{"line":629,"column":7}},"type":"if","locations":[{"start":{"line":626,"column":6},"end":{"line":629,"column":7}},{"start":{"line":626,"column":6},"end":{"line":629,"column":7}}]},"23":{"loc":{"start":{"line":626,"column":10},"end":{"line":626,"column":21}},"type":"binary-expr","locations":[{"start":{"line":626,"column":10},"end":{"line":626,"column":21}},{"start":{"line":626,"column":25},"end":{"line":626,"column":56}}]},"24":{"loc":{"start":{"line":635,"column":4},"end":{"line":659,"column":5}},"type":"if","locations":[{"start":{"line":635,"column":4},"end":{"line":659,"column":5}},{"start":{"line":635,"column":4},"end":{"line":659,"column":5}}]},"25":{"loc":{"start":{"line":645,"column":6},"end":{"line":654,"column":7}},"type":"if","locations":[{"start":{"line":645,"column":6},"end":{"line":654,"column":7}},{"start":{"line":645,"column":6},"end":{"line":654,"column":7}}]},"26":{"loc":{"start":{"line":645,"column":10},"end":{"line":645,"column":21}},"type":"binary-expr","locations":[{"start":{"line":645,"column":10},"end":{"line":645,"column":21}},{"start":{"line":645,"column":25},"end":{"line":645,"column":56}}]},"27":{"loc":{"start":{"line":656,"column":6},"end":{"line":658,"column":7}},"type":"if","locations":[{"start":{"line":656,"column":6},"end":{"line":658,"column":7}},{"start":{"line":656,"column":6},"end":{"line":658,"column":7}}]},"28":{"loc":{"start":{"line":656,"column":10},"end":{"line":656,"column":32}},"type":"binary-expr","locations":[{"start":{"line":656,"column":10},"end":{"line":656,"column":32}},{"start":{"line":656,"column":36},"end":{"line":656,"column":59}}]},"29":{"loc":{"start":{"line":666,"column":4},"end":{"line":668,"column":5}},"type":"if","locations":[{"start":{"line":666,"column":4},"end":{"line":668,"column":5}},{"start":{"line":666,"column":4},"end":{"line":668,"column":5}}]},"30":{"loc":{"start":{"line":667,"column":23},"end":{"line":667,"column":27}},"type":"cond-expr","locations":[{"start":{"line":667,"column":23},"end":{"line":667,"column":27}},{"start":{"line":667,"column":30},"end":{"line":667,"column":35}}]},"31":{"loc":{"start":{"line":670,"column":4},"end":{"line":676,"column":5}},"type":"if","locations":[{"start":{"line":670,"column":4},"end":{"line":676,"column":5}},{"start":{"line":670,"column":4},"end":{"line":676,"column":5}}]},"32":{"loc":{"start":{"line":682,"column":4},"end":{"line":691,"column":5}},"type":"if","locations":[{"start":{"line":682,"column":4},"end":{"line":691,"column":5}},{"start":{"line":682,"column":4},"end":{"line":691,"column":5}}]},"33":{"loc":{"start":{"line":685,"column":6},"end":{"line":690,"column":7}},"type":"if","locations":[{"start":{"line":685,"column":6},"end":{"line":690,"column":7}},{"start":{"line":685,"column":6},"end":{"line":690,"column":7}}]},"34":{"loc":{"start":{"line":698,"column":4},"end":{"line":725,"column":5}},"type":"if","locations":[{"start":{"line":698,"column":4},"end":{"line":725,"column":5}},{"start":{"line":698,"column":4},"end":{"line":725,"column":5}}]},"35":{"loc":{"start":{"line":698,"column":8},"end":{"line":698,"column":19}},"type":"binary-expr","locations":[{"start":{"line":698,"column":8},"end":{"line":698,"column":19}},{"start":{"line":698,"column":23},"end":{"line":698,"column":54}}]},"36":{"loc":{"start":{"line":701,"column":6},"end":{"line":724,"column":7}},"type":"if","locations":[{"start":{"line":701,"column":6},"end":{"line":724,"column":7}},{"start":{"line":701,"column":6},"end":{"line":724,"column":7}}]},"37":{"loc":{"start":{"line":701,"column":10},"end":{"line":701,"column":27}},"type":"binary-expr","locations":[{"start":{"line":701,"column":10},"end":{"line":701,"column":27}},{"start":{"line":701,"column":31},"end":{"line":701,"column":50}},{"start":{"line":701,"column":54},"end":{"line":701,"column":74}}]},"38":{"loc":{"start":{"line":737,"column":4},"end":{"line":753,"column":5}},"type":"if","locations":[{"start":{"line":737,"column":4},"end":{"line":753,"column":5}},{"start":{"line":737,"column":4},"end":{"line":753,"column":5}}]},"39":{"loc":{"start":{"line":737,"column":8},"end":{"line":737,"column":10}},"type":"binary-expr","locations":[{"start":{"line":737,"column":8},"end":{"line":737,"column":10}},{"start":{"line":737,"column":14},"end":{"line":737,"column":28}}]},"40":{"loc":{"start":{"line":746,"column":6},"end":{"line":752,"column":7}},"type":"if","locations":[{"start":{"line":746,"column":6},"end":{"line":752,"column":7}},{"start":{"line":746,"column":6},"end":{"line":752,"column":7}}]},"41":{"loc":{"start":{"line":768,"column":4},"end":{"line":770,"column":5}},"type":"if","locations":[{"start":{"line":768,"column":4},"end":{"line":770,"column":5}},{"start":{"line":768,"column":4},"end":{"line":770,"column":5}}]},"42":{"loc":{"start":{"line":768,"column":8},"end":{"line":768,"column":21}},"type":"binary-expr","locations":[{"start":{"line":768,"column":8},"end":{"line":768,"column":21}},{"start":{"line":768,"column":25},"end":{"line":768,"column":39}}]},"43":{"loc":{"start":{"line":774,"column":4},"end":{"line":896,"column":5}},"type":"if","locations":[{"start":{"line":774,"column":4},"end":{"line":896,"column":5}},{"start":{"line":774,"column":4},"end":{"line":896,"column":5}}]},"44":{"loc":{"start":{"line":780,"column":6},"end":{"line":782,"column":7}},"type":"if","locations":[{"start":{"line":780,"column":6},"end":{"line":782,"column":7}},{"start":{"line":780,"column":6},"end":{"line":782,"column":7}}]},"45":{"loc":{"start":{"line":780,"column":10},"end":{"line":780,"column":21}},"type":"binary-expr","locations":[{"start":{"line":780,"column":10},"end":{"line":780,"column":21}},{"start":{"line":780,"column":25},"end":{"line":780,"column":57}}]},"46":{"loc":{"start":{"line":784,"column":6},"end":{"line":895,"column":7}},"type":"if","locations":[{"start":{"line":784,"column":6},"end":{"line":895,"column":7}},{"start":{"line":784,"column":6},"end":{"line":895,"column":7}}]},"47":{"loc":{"start":{"line":784,"column":11},"end":{"line":784,"column":21}},"type":"binary-expr","locations":[{"start":{"line":784,"column":11},"end":{"line":784,"column":21}},{"start":{"line":784,"column":25},"end":{"line":784,"column":36}},{"start":{"line":784,"column":41},"end":{"line":784,"column":65}}]},"48":{"loc":{"start":{"line":787,"column":29},"end":{"line":787,"column":37}},"type":"cond-expr","locations":[{"start":{"line":787,"column":29},"end":{"line":787,"column":37}},{"start":{"line":787,"column":40},"end":{"line":787,"column":41}}]},"49":{"loc":{"start":{"line":788,"column":29},"end":{"line":788,"column":37}},"type":"cond-expr","locations":[{"start":{"line":788,"column":29},"end":{"line":788,"column":37}},{"start":{"line":788,"column":40},"end":{"line":788,"column":41}}]},"50":{"loc":{"start":{"line":792,"column":25},"end":{"line":792,"column":52}},"type":"cond-expr","locations":[{"start":{"line":792,"column":25},"end":{"line":792,"column":52}},{"start":{"line":792,"column":55},"end":{"line":792,"column":60}}]},"51":{"loc":{"start":{"line":802,"column":8},"end":{"line":894,"column":9}},"type":"if","locations":[{"start":{"line":802,"column":8},"end":{"line":894,"column":9}},{"start":{"line":802,"column":8},"end":{"line":894,"column":9}}]},"52":{"loc":{"start":{"line":806,"column":14},"end":{"line":809,"column":15}},"type":"cond-expr","locations":[{"start":{"line":806,"column":14},"end":{"line":809,"column":15}},{"start":{"line":810,"column":14},"end":{"line":810,"column":16}}]},"53":{"loc":{"start":{"line":807,"column":35},"end":{"line":807,"column":36}},"type":"cond-expr","locations":[{"start":{"line":807,"column":35},"end":{"line":807,"column":36}},{"start":{"line":807,"column":39},"end":{"line":807,"column":40}}]},"54":{"loc":{"start":{"line":814,"column":34},"end":{"line":814,"column":53}},"type":"cond-expr","locations":[{"start":{"line":814,"column":34},"end":{"line":814,"column":53}},{"start":{"line":814,"column":56},"end":{"line":814,"column":75}}]},"55":{"loc":{"start":{"line":831,"column":14},"end":{"line":847,"column":15}},"type":"if","locations":[{"start":{"line":831,"column":14},"end":{"line":847,"column":15}},{"start":{"line":831,"column":14},"end":{"line":847,"column":15}}]},"56":{"loc":{"start":{"line":831,"column":18},"end":{"line":831,"column":19}},"type":"binary-expr","locations":[{"start":{"line":831,"column":18},"end":{"line":831,"column":19}},{"start":{"line":831,"column":23},"end":{"line":831,"column":24}}]},"57":{"loc":{"start":{"line":832,"column":16},"end":{"line":846,"column":17}},"type":"if","locations":[{"start":{"line":832,"column":16},"end":{"line":846,"column":17}},{"start":{"line":832,"column":16},"end":{"line":846,"column":17}}]},"58":{"loc":{"start":{"line":832,"column":20},"end":{"line":832,"column":39}},"type":"binary-expr","locations":[{"start":{"line":832,"column":20},"end":{"line":832,"column":39}},{"start":{"line":832,"column":43},"end":{"line":832,"column":62}}]},"59":{"loc":{"start":{"line":835,"column":18},"end":{"line":845,"column":19}},"type":"if","locations":[{"start":{"line":835,"column":18},"end":{"line":845,"column":19}},{"start":{"line":835,"column":18},"end":{"line":845,"column":19}}]},"60":{"loc":{"start":{"line":839,"column":25},"end":{"line":845,"column":19}},"type":"if","locations":[{"start":{"line":839,"column":25},"end":{"line":845,"column":19}},{"start":{"line":839,"column":25},"end":{"line":845,"column":19}}]},"61":{"loc":{"start":{"line":842,"column":25},"end":{"line":845,"column":19}},"type":"if","locations":[{"start":{"line":842,"column":25},"end":{"line":845,"column":19}},{"start":{"line":842,"column":25},"end":{"line":845,"column":19}}]},"62":{"loc":{"start":{"line":857,"column":56},"end":{"line":857,"column":58}},"type":"cond-expr","locations":[{"start":{"line":857,"column":56},"end":{"line":857,"column":58}},{"start":{"line":857,"column":61},"end":{"line":857,"column":73}}]},"63":{"loc":{"start":{"line":867,"column":18},"end":{"line":869,"column":19}},"type":"if","locations":[{"start":{"line":867,"column":18},"end":{"line":869,"column":19}},{"start":{"line":867,"column":18},"end":{"line":869,"column":19}}]},"64":{"loc":{"start":{"line":883,"column":10},"end":{"line":885,"column":11}},"type":"if","locations":[{"start":{"line":883,"column":10},"end":{"line":885,"column":11}},{"start":{"line":883,"column":10},"end":{"line":885,"column":11}}]},"65":{"loc":{"start":{"line":883,"column":14},"end":{"line":883,"column":26}},"type":"binary-expr","locations":[{"start":{"line":883,"column":14},"end":{"line":883,"column":26}},{"start":{"line":883,"column":30},"end":{"line":883,"column":57}}]},"66":{"loc":{"start":{"line":890,"column":19},"end":{"line":890,"column":20}},"type":"cond-expr","locations":[{"start":{"line":890,"column":19},"end":{"line":890,"column":20}},{"start":{"line":890,"column":23},"end":{"line":890,"column":27}}]},"67":{"loc":{"start":{"line":904,"column":4},"end":{"line":922,"column":5}},"type":"if","locations":[{"start":{"line":904,"column":4},"end":{"line":922,"column":5}},{"start":{"line":904,"column":4},"end":{"line":922,"column":5}}]},"68":{"loc":{"start":{"line":912,"column":6},"end":{"line":921,"column":7}},"type":"if","locations":[{"start":{"line":912,"column":6},"end":{"line":921,"column":7}},{"start":{"line":912,"column":6},"end":{"line":921,"column":7}}]},"69":{"loc":{"start":{"line":934,"column":4},"end":{"line":958,"column":5}},"type":"if","locations":[{"start":{"line":934,"column":4},"end":{"line":958,"column":5}},{"start":{"line":934,"column":4},"end":{"line":958,"column":5}}]},"70":{"loc":{"start":{"line":948,"column":6},"end":{"line":957,"column":7}},"type":"if","locations":[{"start":{"line":948,"column":6},"end":{"line":957,"column":7}},{"start":{"line":948,"column":6},"end":{"line":957,"column":7}}]},"71":{"loc":{"start":{"line":962,"column":10},"end":{"line":962,"column":12}},"type":"cond-expr","locations":[{"start":{"line":962,"column":10},"end":{"line":962,"column":12}},{"start":{"line":963,"column":10},"end":{"line":969,"column":11}}]},"72":{"loc":{"start":{"line":964,"column":34},"end":{"line":964,"column":53}},"type":"cond-expr","locations":[{"start":{"line":964,"column":34},"end":{"line":964,"column":53}},{"start":{"line":964,"column":56},"end":{"line":964,"column":74}}]},"73":{"loc":{"start":{"line":984,"column":4},"end":{"line":988,"column":5}},"type":"if","locations":[{"start":{"line":984,"column":4},"end":{"line":988,"column":5}},{"start":{"line":984,"column":4},"end":{"line":988,"column":5}}]},"74":{"loc":{"start":{"line":984,"column":8},"end":{"line":984,"column":19}},"type":"binary-expr","locations":[{"start":{"line":984,"column":8},"end":{"line":984,"column":19}},{"start":{"line":984,"column":23},"end":{"line":984,"column":61}}]},"75":{"loc":{"start":{"line":990,"column":4},"end":{"line":992,"column":5}},"type":"if","locations":[{"start":{"line":990,"column":4},"end":{"line":992,"column":5}},{"start":{"line":990,"column":4},"end":{"line":992,"column":5}}]},"76":{"loc":{"start":{"line":990,"column":8},"end":{"line":990,"column":26}},"type":"binary-expr","locations":[{"start":{"line":990,"column":8},"end":{"line":990,"column":26}},{"start":{"line":990,"column":30},"end":{"line":990,"column":42}},{"start":{"line":990,"column":46},"end":{"line":990,"column":74}}]},"77":{"loc":{"start":{"line":994,"column":4},"end":{"line":997,"column":5}},"type":"if","locations":[{"start":{"line":994,"column":4},"end":{"line":997,"column":5}},{"start":{"line":994,"column":4},"end":{"line":997,"column":5}}]},"78":{"loc":{"start":{"line":1003,"column":6},"end":{"line":1007,"column":7}},"type":"if","locations":[{"start":{"line":1003,"column":6},"end":{"line":1007,"column":7}},{"start":{"line":1003,"column":6},"end":{"line":1007,"column":7}}]},"79":{"loc":{"start":{"line":1003,"column":10},"end":{"line":1003,"column":21}},"type":"binary-expr","locations":[{"start":{"line":1003,"column":10},"end":{"line":1003,"column":21}},{"start":{"line":1003,"column":25},"end":{"line":1003,"column":63}}]},"80":{"loc":{"start":{"line":1016,"column":6},"end":{"line":1016,"column":18}},"type":"binary-expr","locations":[{"start":{"line":1016,"column":6},"end":{"line":1016,"column":18}},{"start":{"line":1016,"column":22},"end":{"line":1016,"column":43}}]},"81":{"loc":{"start":{"line":1018,"column":4},"end":{"line":1024,"column":5}},"type":"if","locations":[{"start":{"line":1018,"column":4},"end":{"line":1024,"column":5}},{"start":{"line":1018,"column":4},"end":{"line":1024,"column":5}}]},"82":{"loc":{"start":{"line":1018,"column":8},"end":{"line":1018,"column":17}},"type":"binary-expr","locations":[{"start":{"line":1018,"column":8},"end":{"line":1018,"column":17}},{"start":{"line":1018,"column":21},"end":{"line":1018,"column":26}},{"start":{"line":1018,"column":30},"end":{"line":1018,"column":42}},{"start":{"line":1018,"column":46},"end":{"line":1018,"column":70}}]},"83":{"loc":{"start":{"line":1030,"column":4},"end":{"line":1042,"column":5}},"type":"if","locations":[{"start":{"line":1030,"column":4},"end":{"line":1042,"column":5}},{"start":{"line":1030,"column":4},"end":{"line":1042,"column":5}}]},"84":{"loc":{"start":{"line":1032,"column":6},"end":{"line":1036,"column":7}},"type":"if","locations":[{"start":{"line":1032,"column":6},"end":{"line":1036,"column":7}},{"start":{"line":1032,"column":6},"end":{"line":1036,"column":7}}]},"85":{"loc":{"start":{"line":1032,"column":10},"end":{"line":1032,"column":21}},"type":"binary-expr","locations":[{"start":{"line":1032,"column":10},"end":{"line":1032,"column":21}},{"start":{"line":1032,"column":25},"end":{"line":1032,"column":63}}]},"86":{"loc":{"start":{"line":1046,"column":4},"end":{"line":1048,"column":5}},"type":"if","locations":[{"start":{"line":1046,"column":4},"end":{"line":1048,"column":5}},{"start":{"line":1046,"column":4},"end":{"line":1048,"column":5}}]},"87":{"loc":{"start":{"line":1063,"column":22},"end":{"line":1063,"column":44}},"type":"if","locations":[{"start":{"line":1063,"column":22},"end":{"line":1063,"column":44}},{"start":{"line":1063,"column":22},"end":{"line":1063,"column":44}}]},"88":{"loc":{"start":{"line":1064,"column":4},"end":{"line":1068,"column":5}},"type":"if","locations":[{"start":{"line":1064,"column":4},"end":{"line":1068,"column":5}},{"start":{"line":1064,"column":4},"end":{"line":1068,"column":5}}]},"89":{"loc":{"start":{"line":1076,"column":4},"end":{"line":1083,"column":5}},"type":"if","locations":[{"start":{"line":1076,"column":4},"end":{"line":1083,"column":5}},{"start":{"line":1076,"column":4},"end":{"line":1083,"column":5}}]},"90":{"loc":{"start":{"line":1076,"column":8},"end":{"line":1076,"column":19}},"type":"binary-expr","locations":[{"start":{"line":1076,"column":8},"end":{"line":1076,"column":19}},{"start":{"line":1076,"column":23},"end":{"line":1076,"column":55}}]},"91":{"loc":{"start":{"line":1088,"column":6},"end":{"line":1100,"column":7}},"type":"if","locations":[{"start":{"line":1088,"column":6},"end":{"line":1100,"column":7}},{"start":{"line":1088,"column":6},"end":{"line":1100,"column":7}}]},"92":{"loc":{"start":{"line":1089,"column":8},"end":{"line":1099,"column":9}},"type":"if","locations":[{"start":{"line":1089,"column":8},"end":{"line":1099,"column":9}},{"start":{"line":1089,"column":8},"end":{"line":1099,"column":9}}]},"93":{"loc":{"start":{"line":1122,"column":11},"end":{"line":1122,"column":27}},"type":"binary-expr","locations":[{"start":{"line":1122,"column":11},"end":{"line":1122,"column":27}},{"start":{"line":1122,"column":31},"end":{"line":1122,"column":48}}]},"94":{"loc":{"start":{"line":1138,"column":4},"end":{"line":1155,"column":5}},"type":"if","locations":[{"start":{"line":1138,"column":4},"end":{"line":1155,"column":5}},{"start":{"line":1138,"column":4},"end":{"line":1155,"column":5}}]},"95":{"loc":{"start":{"line":1138,"column":8},"end":{"line":1138,"column":16}},"type":"binary-expr","locations":[{"start":{"line":1138,"column":8},"end":{"line":1138,"column":16}},{"start":{"line":1138,"column":20},"end":{"line":1138,"column":61}}]},"96":{"loc":{"start":{"line":1168,"column":4},"end":{"line":1185,"column":5}},"type":"if","locations":[{"start":{"line":1168,"column":4},"end":{"line":1185,"column":5}},{"start":{"line":1168,"column":4},"end":{"line":1185,"column":5}}]},"97":{"loc":{"start":{"line":1168,"column":8},"end":{"line":1168,"column":16}},"type":"binary-expr","locations":[{"start":{"line":1168,"column":8},"end":{"line":1168,"column":16}},{"start":{"line":1168,"column":20},"end":{"line":1168,"column":30}}]},"98":{"loc":{"start":{"line":1187,"column":4},"end":{"line":1196,"column":5}},"type":"if","locations":[{"start":{"line":1187,"column":4},"end":{"line":1196,"column":5}},{"start":{"line":1187,"column":4},"end":{"line":1196,"column":5}}]},"99":{"loc":{"start":{"line":1187,"column":8},"end":{"line":1187,"column":16}},"type":"binary-expr","locations":[{"start":{"line":1187,"column":8},"end":{"line":1187,"column":16}},{"start":{"line":1187,"column":20},"end":{"line":1187,"column":58}}]},"100":{"loc":{"start":{"line":320,"column":36},"end":{"line":320,"column":62}},"type":"cond-expr","locations":[{"start":{"line":320,"column":36},"end":{"line":320,"column":62}},{"start":{"line":320,"column":65},"end":{"line":320,"column":66}}]},"101":{"loc":{"start":{"line":322,"column":35},"end":{"line":322,"column":60}},"type":"cond-expr","locations":[{"start":{"line":322,"column":35},"end":{"line":322,"column":60}},{"start":{"line":322,"column":63},"end":{"line":322,"column":64}}]},"102":{"loc":{"start":{"line":328,"column":4},"end":{"line":333,"column":5}},"type":"if","locations":[{"start":{"line":328,"column":4},"end":{"line":333,"column":5}},{"start":{"line":328,"column":4},"end":{"line":333,"column":5}}]},"103":{"loc":{"start":{"line":328,"column":8},"end":{"line":328,"column":15}},"type":"binary-expr","locations":[{"start":{"line":328,"column":8},"end":{"line":328,"column":15}},{"start":{"line":328,"column":19},"end":{"line":328,"column":46}}]},"104":{"loc":{"start":{"line":339,"column":4},"end":{"line":341,"column":5}},"type":"if","locations":[{"start":{"line":339,"column":4},"end":{"line":341,"column":5}},{"start":{"line":339,"column":4},"end":{"line":341,"column":5}}]},"105":{"loc":{"start":{"line":357,"column":4},"end":{"line":360,"column":5}},"type":"if","locations":[{"start":{"line":357,"column":4},"end":{"line":360,"column":5}},{"start":{"line":357,"column":4},"end":{"line":360,"column":5}}]},"106":{"loc":{"start":{"line":364,"column":4},"end":{"line":370,"column":5}},"type":"if","locations":[{"start":{"line":364,"column":4},"end":{"line":370,"column":5}},{"start":{"line":364,"column":4},"end":{"line":370,"column":5}}]},"107":{"loc":{"start":{"line":365,"column":6},"end":{"line":365,"column":38}},"type":"binary-expr","locations":[{"start":{"line":365,"column":6},"end":{"line":365,"column":38}},{"start":{"line":366,"column":6},"end":{"line":366,"column":42}}]},"108":{"loc":{"start":{"line":408,"column":41},"end":{"line":408,"column":66}},"type":"cond-expr","locations":[{"start":{"line":408,"column":41},"end":{"line":408,"column":66}},{"start":{"line":408,"column":69},"end":{"line":408,"column":70}}]},"109":{"loc":{"start":{"line":411,"column":10},"end":{"line":411,"column":34}},"type":"cond-expr","locations":[{"start":{"line":411,"column":10},"end":{"line":411,"column":34}},{"start":{"line":412,"column":10},"end":{"line":414,"column":11}}]},"110":{"loc":{"start":{"line":410,"column":6},"end":{"line":410,"column":23}},"type":"binary-expr","locations":[{"start":{"line":410,"column":6},"end":{"line":410,"column":23}},{"start":{"line":410,"column":27},"end":{"line":410,"column":51}}]},"111":{"loc":{"start":{"line":422,"column":6},"end":{"line":434,"column":7}},"type":"if","locations":[{"start":{"line":422,"column":6},"end":{"line":434,"column":7}},{"start":{"line":422,"column":6},"end":{"line":434,"column":7}}]},"112":{"loc":{"start":{"line":424,"column":8},"end":{"line":433,"column":9}},"type":"if","locations":[{"start":{"line":424,"column":8},"end":{"line":433,"column":9}},{"start":{"line":424,"column":8},"end":{"line":433,"column":9}}]},"113":{"loc":{"start":{"line":428,"column":10},"end":{"line":432,"column":11}},"type":"if","locations":[{"start":{"line":428,"column":10},"end":{"line":432,"column":11}},{"start":{"line":428,"column":10},"end":{"line":432,"column":11}}]},"114":{"loc":{"start":{"line":428,"column":14},"end":{"line":428,"column":20}},"type":"binary-expr","locations":[{"start":{"line":428,"column":14},"end":{"line":428,"column":20}},{"start":{"line":428,"column":24},"end":{"line":428,"column":34}},{"start":{"line":428,"column":38},"end":{"line":428,"column":55}}]},"115":{"loc":{"start":{"line":445,"column":4},"end":{"line":472,"column":5}},"type":"if","locations":[{"start":{"line":445,"column":4},"end":{"line":472,"column":5}},{"start":{"line":445,"column":4},"end":{"line":472,"column":5}}]},"116":{"loc":{"start":{"line":459,"column":12},"end":{"line":466,"column":14}},"type":"cond-expr","locations":[{"start":{"line":459,"column":12},"end":{"line":466,"column":14}},{"start":{"line":467,"column":14},"end":{"line":467,"column":18}}]},"117":{"loc":{"start":{"line":490,"column":6},"end":{"line":500,"column":7}},"type":"if","locations":[{"start":{"line":490,"column":6},"end":{"line":500,"column":7}},{"start":{"line":490,"column":6},"end":{"line":500,"column":7}}]},"118":{"loc":{"start":{"line":491,"column":8},"end":{"line":493,"column":9}},"type":"if","locations":[{"start":{"line":491,"column":8},"end":{"line":493,"column":9}},{"start":{"line":491,"column":8},"end":{"line":493,"column":9}}]},"119":{"loc":{"start":{"line":494,"column":8},"end":{"line":496,"column":9}},"type":"if","locations":[{"start":{"line":494,"column":8},"end":{"line":496,"column":9}},{"start":{"line":494,"column":8},"end":{"line":496,"column":9}}]},"120":{"loc":{"start":{"line":497,"column":8},"end":{"line":499,"column":9}},"type":"if","locations":[{"start":{"line":497,"column":8},"end":{"line":499,"column":9}},{"start":{"line":497,"column":8},"end":{"line":499,"column":9}}]},"121":{"loc":{"start":{"line":512,"column":4},"end":{"line":539,"column":5}},"type":"if","locations":[{"start":{"line":512,"column":4},"end":{"line":539,"column":5}},{"start":{"line":512,"column":4},"end":{"line":539,"column":5}}]},"122":{"loc":{"start":{"line":512,"column":8},"end":{"line":512,"column":28}},"type":"binary-expr","locations":[{"start":{"line":512,"column":8},"end":{"line":512,"column":28}},{"start":{"line":512,"column":32},"end":{"line":512,"column":52}}]},"123":{"loc":{"start":{"line":513,"column":6},"end":{"line":527,"column":7}},"type":"if","locations":[{"start":{"line":513,"column":6},"end":{"line":527,"column":7}},{"start":{"line":513,"column":6},"end":{"line":527,"column":7}}]},"124":{"loc":{"start":{"line":514,"column":8},"end":{"line":514,"column":63}},"type":"binary-expr","locations":[{"start":{"line":514,"column":8},"end":{"line":514,"column":63}},{"start":{"line":515,"column":8},"end":{"line":515,"column":22}}]},"125":{"loc":{"start":{"line":545,"column":4},"end":{"line":555,"column":5}},"type":"if","loc
[...]
"29":{"start":{"line":148,"column":4},"end":{"line":152,"column":5}},"30":{"start":{"line":151,"column":6},"end":{"line":151,"column":80}},"31":{"start":{"line":154,"column":4},"end":{"line":156,"column":5}},"32":{"start":{"line":159,"column":35},"end":{"line":159,"column":44}},"33":{"start":{"line":160,"column":4},"end":{"line":183,"column":5}},"34":{"start":{"line":161,"column":6},"end":{"line":161,"column":44}},"35":{"start":{"line":163,"column":20},"end":{"line":163,"column":75}},"36":{"start":{"line":164,"column":6},"end":{"line":180,"column":7}},"37":{"start":{"line":165,"column":8},"end":{"line":165,"column":53}},"38":{"start":{"line":167,"column":8},"end":{"line":179,"column":9}},"39":{"start":{"line":168,"column":20},"end":{"line":168,"column":51}},"40":{"start":{"line":169,"column":10},"end":{"line":174,"column":11}},"41":{"start":{"line":176,"column":10},"end":{"line":176,"column":64}},"42":{"start":{"line":178,"column":10},"end":{"line":178,"column":84}},"43":{"start":{"line":182,"column":6},"end":{"line":182,"column":51}},"44":{"start":{"line":185,"column":4},"end":{"line":187,"column":5}},"45":{"start":{"line":186,"column":6},"end":{"line":186,"column":12}},"46":{"start":{"line":189,"column":4},"end":{"line":194,"column":6}},"47":{"start":{"line":197,"column":24},"end":{"line":197,"column":41}},"48":{"start":{"line":198,"column":4},"end":{"line":203,"column":5}},"49":{"start":{"line":199,"column":23},"end":{"line":199,"column":57}},"50":{"start":{"line":200,"column":6},"end":{"line":202,"column":7}},"51":{"start":{"line":201,"column":8},"end":{"line":201,"column":40}},"52":{"start":{"line":205,"column":4},"end":{"line":207,"column":5}},"53":{"start":{"line":206,"column":6},"end":{"line":206,"column":35}},"54":{"start":{"line":209,"column":4},"end":{"line":209,"column":49}},"55":{"start":{"line":212,"column":4},"end":{"line":219,"column":5}},"56":{"start":{"line":213,"column":22},"end":{"line":213,"column":55}},"57":{"start":{"line":214,"column":6},"end":{"line":218,"column":7}},"58":{"start":{"line":215,"column":8},"end":{"line":215,"column":43}},"59":{"start":{"line":217,"column":8},"end":{"line":217,"column":88}},"60":{"start":{"line":222,"column":4},"end":{"line":222,"column":29}},"61":{"start":{"line":223,"column":4},"end":{"line":223,"column":20}},"62":{"start":{"line":224,"column":4},"end":{"line":224,"column":49}},"63":{"start":{"line":227,"column":9},"end":{"line":233,"column":3}},"64":{"start":{"line":228,"column":4},"end":{"line":232,"column":5}},"65":{"start":{"line":229,"column":6},"end":{"line":229,"column":28}},"66":{"start":{"line":230,"column":6},"end":{"line":230,"column":29}},"67":{"start":{"line":231,"column":6},"end":{"line":231,"column":51}},"68":{"start":{"line":235,"column":9},"end":{"line":256,"column":3}},"69":{"start":{"line":237,"column":4},"end":{"line":241,"column":5}},"70":{"start":{"line":239,"column":17},"end":{"line":239,"column":60}},"71":{"start":{"line":240,"column":6},"end":{"line":240,"column":59}},"72":{"start":{"line":243,"column":4},"end":{"line":255,"column":5}},"73":{"start":{"line":244,"column":6},"end":{"line":244,"column":28}},"74":{"start":{"line":245,"column":6},"end":{"line":245,"column":20}},"75":{"start":{"line":247,"column":6},"end":{"line":253,"column":7}},"76":{"start":{"line":248,"column":8},"end":{"line":248,"column":45}},"77":{"start":{"line":254,"column":6},"end":{"line":254,"column":31}},"78":{"start":{"line":44,"column":4},"end":{"line":44,"column":38}},"79":{"start":{"line":45,"column":4},"end":{"line":45,"column":39}},"80":{"start":{"line":46,"column":4},"end":{"line":50,"column":5}},"81":{"start":{"line":52,"column":4},"end":{"line":54,"column":5}},"82":{"start":{"line":53,"column":6},"end":{"line":53,"column":31}},"83":{"start":{"line":56,"column":4},"end":{"line":56,"column":32}},"84":{"start":{"line":57,"column":4},"end":{"line":57,"column":34}},"85":{"start":{"line":60,"column":2},"end":{"line":61,"column":3}},"86":{"start":{"line":63,"column":10},"end":{"line":74,"column":3}},"87":{"start":{"line":64,"column":19},"end":{"line":64,"column":40}},"88":{"start":{"line":65,"column":27},"end":{"line":65,"column":29}},"89":{"start":{"line":66,"column":4},"end":{"line":66,"column":23}},"90":{"start":{"line":67,"column":4},"end":{"line":72,"column":6}},"91":{"start":{"line":68,"column":6},"end":{"line":71,"column":7}},"92":{"start":{"line":69,"column":8},"end":{"line":69,"column":25}},"93":{"start":{"line":73,"column":4},"end":{"line":73,"column":27}},"94":{"start":{"line":76,"column":9},"end":{"line":79,"column":3}},"95":{"start":{"line":78,"column":4},"end":{"line":78,"column":18}},"96":{"start":{"line":127,"column":9},"end":{"line":129,"column":3}},"97":{"start":{"line":128,"column":4},"end":{"line":128,"column":32}},"98":{"start":{"line":258,"column":9},"end":{"line":325,"column":3}},"99":{"start":{"line":258,"column":2},"end":{"line":325,"column":2}},"100":{"start":{"line":259,"column":17},"end":{"line":259,"column":40}},"101":{"start":{"line":260,"column":17},"end":{"line":260,"column":40}},"102":{"start":{"line":264,"column":4},"end":{"line":270,"column":5}},"103":{"start":{"line":265,"column":6},"end":{"line":269,"column":7}},"104":{"start":{"line":266,"column":8},"end":{"line":266,"column":18}},"105":{"start":{"line":268,"column":8},"end":{"line":268,"column":18}},"106":{"start":{"line":272,"column":4},"end":{"line":324,"column":5}},"107":{"start":{"line":275,"column":24},"end":{"line":280,"column":7}},"108":{"start":{"line":283,"column":6},"end":{"line":285,"column":7}},"109":{"start":{"line":284,"column":8},"end":{"line":284,"column":36}},"110":{"start":{"line":287,"column":6},"end":{"line":289,"column":7}},"111":{"start":{"line":288,"column":8},"end":{"line":288,"column":75}},"112":{"start":{"line":291,"column":6},"end":{"line":293,"column":7}},"113":{"start":{"line":292,"column":8},"end":{"line":292,"column":36}},"114":{"start":{"line":295,"column":6},"end":{"line":300,"column":7}},"115":{"start":{"line":299,"column":8},"end":{"line":299,"column":77}},"116":{"start":{"line":304,"column":21},"end":{"line":304,"column":112}},"117":{"start":{"line":305,"column":6},"end":{"line":310,"column":8}},"118":{"start":{"line":306,"column":24},"end":{"line":306,"column":51}},"119":{"start":{"line":307,"column":8},"end":{"line":309,"column":9}},"120":{"start":{"line":308,"column":10},"end":{"line":308,"column":47}},"121":{"start":{"line":313,"column":6},"end":{"line":315,"column":7}},"122":{"start":{"line":314,"column":8},"end":{"line":314,"column":71}},"123":{"start":{"line":318,"column":6},"end":{"line":323,"column":8}},"124":{"start":{"line":326,"column":0},"end":{"line":326,"column":1}},"125":{"start":{"line":24,"column":13},"end":{"line":24,"column":28}}},"fnMap":{"0":{"name":"(anonymous_6)","decl":{"start":{"line":24,"column":0},"end":{"line":null,"column":-1}},"loc":{"start":{"line":24,"column":0},"end":{"line":24,"column":-1}}},"1":{"name":"DragDropService","decl":{"start":{"line":42,"column":2},"end":{"line":42,"column":13}},"loc":{"start":{"line":42,"column":34},"end":{"line":58,"column":3}}},"2":{"name":"(anonymous_8)","decl":{"start":{"line":81,"column":21},"end":{"line":null,"column":-1}},"loc":{"start":{"line":81,"column":21},"end":{"line":84,"column":3}}},"3":{"name":"(anonymous_9)","decl":{"start":{"line":86,"column":19},"end":{"line":null,"column":-1}},"loc":{"start":{"line":86,"column":19},"end":{"line":91,"column":3}}},"4":{"name":"(anonymous_10)","decl":{"start":{"line":93,"column":18},"end":{"line":null,"column":-1}},"loc":{"start":{"line":93,"column":18},"end":{"line":121,"column":3}}},"5":{"name":"(anonymous_11)","decl":{"start":{"line":123,"column":20},"end":{"line":null,"column":-1}},"loc":{"start":{"line":123,"column":20},"end":{"line":125,"column":3}}},"6":{"name":"(anonymous_12)","decl":{"start":{"line":131,"column":16},"end":{"line":null,"column":-1}},"loc":{"start":{"line":131,"column":16},"end":{"line":133,"column":3}}},"7":{"name":"(anonymous_13)","decl":{"start":{"line":135,"column":16},"end":{"line":null,"column":-1}},"loc":{"start":{"line":135,"column":16},"end":{"line":138,"column":3}}},"8":{"name":"(anonymous_14)","decl":{"start":{"line":140,"column":16},"end":{"line":null,"column":-1}},"loc":{"start":{"line":140,"column":16},"end":{"line":145,"column":3}}},"9":{"name":"(anonymous_15)","decl":{"start":{"line":147,"column":23},"end":{"line":147,"column":23}},"loc":{"start":{"line":147,"column":47},"end":{"line":225,"column":3}}},"10":{"name":"(anonymous_16)","decl":{"start":{"line":227,"column":27},"end":{"line":227,"column":27}},"loc":{"start":{"line":227,"column":45},"end":{"line":233,"column":3}}},"11":{"name":"(anonymous_17)","decl":{"start":{"line":235,"column":25},"end":{"line":235,"column":25}},"loc":{"start":{"line":235,"column":43},"end":{"line":256,"column":3}}},"12":{"name":"(anonymous_18)","decl":{"start":{"line":60,"column":2},"end":{"line":null,"column":-1}},"loc":{"start":{"line":60,"column":2},"end":{"line":61,"column":3}}},"13":{"name":"(anonymous_19)","decl":{"start":{"line":63,"column":2},"end":{"line":null,"column":-1}},"loc":{"start":{"line":63,"column":2},"end":{"line":74,"column":3}}},"14":{"name":"(anonymous_20)","decl":{"start":{"line":67,"column":23},"end":{"line":67,"column":22}},"loc":{"start":{"line":67,"column":28},"end":{"line":72,"column":5}}},"15":{"name":"(anonymous_21)","decl":{"start":{"line":76,"column":2},"end":{"line":null,"column":-1}},"loc":{"start":{"line":76,"column":2},"end":{"line":79,"column":3}}},"16":{"name":"(anonymous_22)","decl":{"start":{"line":127,"column":2},"end":{"line":127,"column":19}},"loc":{"start":{"line":127,"column":40},"end":{"line":129,"column":3}}},"17":{"name":"(anonymous_23)","decl":{"start":{"line":258,"column":2},"end":{"line":258,"column":19}},"loc":{"start":{"line":258,"column":40},"end":{"line":325,"column":3}}},"18":{"name":"(anonymous_24)","decl":{"start":{"line":305,"column":21},"end":{"line":305,"column":21}},"loc":{"start":{"line":305,"column":27},"end":{"line":310,"column":7}}}},"branchMap":{"0":{"loc":{"start":{"line":43,"column":4},"end":{"line":43,"column":16}},"type":"binary-expr","locations":[{"start":{"line":43,"column":4},"end":{"line":43,"column":16}},{"start":{"line":43,"column":16},"end":{"line":58,"column":2}}]},"1":{"loc":{"start":{"line":148,"column":4},"end":{"line":152,"column":5}},"type":"if","locations":[{"start":{"line":148,"column":4},"end":{"line":152,"column":5}},{"start":{"line":148,"column":4},"end":{"line":152,"column":5}}]},"2":{"loc":{"start":{"line":148,"column":8},"end":{"line":148,"column":46}},"type":"binary-expr","locations":[{"start":{"line":148,"column":8},"end":{"line":148,"column":46}},{"start":{"line":148,"column":50},"end":{"line":148,"column":62}}]},"3":{"loc":{"start":{"line":154,"column":4},"end":{"line":156,"column":5}},"type":"if","locations":[{"start":{"line":154,"column":4},"end":{"line":156,"column":5}},{"start":{"line":154,"column":4},"end":{"line":156,"column":5}}]},"4":{"loc":{"start":{"line":160,"column":4},"end":{"line":183,"column":5}},"type":"if","locations":[{"start":{"line":160,"column":4},"end":{"line":183,"column":5}},{"start":{"line":160,"column":4},"end":{"line":183,"column":5}}]},"5":{"loc":{"start":{"line":160,"column":8},"end":{"line":160,"column":18}},"type":"binary-expr","locations":[{"start":{"line":160,"column":8},"end":{"line":160,"column":18}},{"start":{"line":160,"column":22},"end":{"line":160,"column":40}}]},"6":{"loc":{"start":{"line":164,"column":6},"end":{"line":180,"column":7}},"type":"if","locations":[{"start":{"line":164,"column":6},"end":{"line":180,"column":7}},{"start":{"line":164,"column":6},"end":{"line":180,"column":7}}]},"7":{"loc":{"start":{"line":167,"column":8},"end":{"line":179,"column":9}},"type":"if","locations":[{"start":{"line":167,"column":8},"end":{"line":179,"column":9}},{"start":{"line":167,"column":8},"end":{"line":179,"column":9}}]},"8":{"loc":{"start":{"line":178,"column":71},"end":{"line":178,"column":75}},"type":"cond-expr","locations":[{"start":{"line":178,"column":71},"end":{"line":178,"column":75}},{"start":{"line":178,"column":78},"end":{"line":178,"column":83}}]},"9":{"loc":{"start":{"line":185,"column":4},"end":{"line":187,"column":5}},"type":"if","locations":[{"start":{"line":185,"column":4},"end":{"line":187,"column":5}},{"start":{"line":185,"column":4},"end":{"line":187,"column":5}}]},"10":{"loc":{"start":{"line":198,"column":4},"end":{"line":203,"column":5}},"type":"if","locations":[{"start":{"line":198,"column":4},"end":{"line":203,"column":5}},{"start":{"line":198,"column":4},"end":{"line":203,"column":5}}]},"11":{"loc":{"start":{"line":200,"column":6},"end":{"line":202,"column":7}},"type":"if","locations":[{"start":{"line":200,"column":6},"end":{"line":202,"column":7}},{"start":{"line":200,"column":6},"end":{"line":202,"column":7}}]},"12":{"loc":{"start":{"line":205,"column":4},"end":{"line":207,"column":5}},"type":"if","locations":[{"start":{"line":205,"column":4},"end":{"line":207,"column":5}},{"start":{"line":205,"column":4},"end":{"line":207,"column":5}}]},"13":{"loc":{"start":{"line":212,"column":4},"end":{"line":219,"column":5}},"type":"if","locations":[{"start":{"line":212,"column":4},"end":{"line":219,"column":5}},{"start":{"line":212,"column":4},"end":{"line":219,"column":5}}]},"14":{"loc":{"start":{"line":214,"column":6},"end":{"line":218,"column":7}},"type":"if","locations":[{"start":{"line":214,"column":6},"end":{"line":218,"column":7}},{"start":{"line":214,"column":6},"end":{"line":218,"column":7}}]},"15":{"loc":{"start":{"line":217,"column":75},"end":{"line":217,"column":79}},"type":"cond-expr","locations":[{"start":{"line":217,"column":75},"end":{"line":217,"column":79}},{"start":{"line":217,"column":82},"end":{"line":217,"column":87}}]},"16":{"loc":{"start":{"line":228,"column":4},"end":{"line":232,"column":5}},"type":"if","locations":[{"start":{"line":228,"column":4},"end":{"line":232,"column":5}},{"start":{"line":228,"column":4},"end":{"line":232,"column":5}}]},"17":{"loc":{"start":{"line":237,"column":4},"end":{"line":241,"column":5}},"type":"if","locations":[{"start":{"line":237,"column":4},"end":{"line":241,"column":5}},{"start":{"line":237,"column":4},"end":{"line":241,"column":5}}]},"18":{"loc":{"start":{"line":237,"column":8},"end":{"line":237,"column":24}},"type":"binary-expr","locations":[{"start":{"line":237,"column":8},"end":{"line":237,"column":24}},{"start":{"line":237,"column":28},"end":{"line":237,"column":71}}]},"19":{"loc":{"start":{"line":239,"column":17},"end":{"line":239,"column":22}},"type":"binary-expr","locations":[{"start":{"line":239,"column":17},"end":{"line":239,"column":22}},{"start":{"line":239,"column":26},"end":{"line":239,"column":38}},{"start":{"line":239,"column":42},"end":{"line":239,"column":60}}]},"20":{"loc":{"start":{"line":240,"column":49},"end":{"line":240,"column":51}},"type":"cond-expr","locations":[{"start":{"line":240,"column":49},"end":{"line":240,"column":51}},{"start":{"line":240,"column":54},"end":{"line":240,"column":56}}]},"21":{"loc":{"start":{"line":243,"column":4},"end":{"line":255,"column":5}},"type":"if","locations":[{"start":{"line":243,"column":4},"end":{"line":255,"column":5}},{"start":{"line":243,"column":4},"end":{"line":255,"column":5}}]},"22":{"loc":{"start":{"line":247,"column":6},"end":{"line":253,"column":7}},"type":"if","locations":[{"start":{"line":247,"column":6},"end":{"line":253,"column":7}},{"start":{"line":247,"column":6},"end":{"line":253,"column":7}}]},"23":{"loc":{"start":{"line":52,"column":4},"end":{"line":54,"column":5}},"type":"if","locations":[{"start":{"line":52,"column":4},"end":{"line":54,"column":5}},{"start":{"line":52,"column":4},"end":{"line":54,"column":5}}]},"24":{"loc":{"start":{"line":68,"column":6},"end":{"line":71,"column":7}},"type":"if","locations":[{"start":{"line":68,"column":6},"end":{"line":71,"column":7}},{"start":{"line":68,"column":6},"end":{"line":71,"column":7}}]},"25":{"loc":{"start":{"line":264,"column":4},"end":{"line":270,"column":5}},"type":"if","locations":[{"start":{"line":264,"column":4},"end":{"line":270,"column":5}},{"start":{"line":264,"column":4},"end":{"line":270,"column":5}}]},"26":{"loc":{"start":{"line":265,"column":6},"end":{"line":269,"column":7}},"type":"if","locations":[{"start":{"line":265,"column":6},"end":{"line":269,"column":7}},{"start":{"line":265,"column":6},"end":{"line":269,"column":7}}]},"27":{"loc":{"start":{"line":272,"column":4},"end":{"line":324,"column":5}},"type":"if","locations":[{"start":{"line":272,"column":4},"end":{"line":324,"column":5}},{"start":{"line":272,"column":4},"end":{"line":324,"column":5}}]},"28":{"loc":{"start":{"line":272,"column":8},"end":{"line":272,"column":14}},"type":"binary-expr","locations":[{"start":{"line":272,"column":8},"end":{"line":272,"column":14}},{"start":{"line":272,"column":18},"end":{"line":272,"column":24}}]},"29":{"loc":{"start":{"line":283,"column":6},"end":{"line":285,"column":7}},"type":"if","locations":[{"start":{"line":283,"column":6},"end":{"line":285,"column":7}},{"start":{"line":283,"column":6},"end":{"line":285,"column":7}}]},"30":{"loc":{"start":{"line":287,"column":6},"end":{"line":289,"column":7}},"type":"if","locations":[{"start":{"line":287,"column":6},"end":{"line":289,"column":7}},{"start":{"line":287,"column":6},"end":{"line":289,"column":7}}]},"31":{"loc":{"start":{"line":291,"column":6},"end":{"line":293,"column":7}},"type":"if","locations":[{"start":{"line":291,"column":6},"end":{"line":293,"column":7}},{"start":{"line":291,"column":6},"end":{"line":293,"column":7}}]},"32":{"loc":{"start":{"line":295,"column":6},"end":{"line":300,"column":7}},"type":"if","locations":[{"start":{"line":295,"column":6},"end":{"line":300,"column":7}},{"start":{"line":295,"column":6},"end":{"line":300,"column":7}}]},"33":{"loc":{"start":{"line":307,"column":8},"end":{"line":309,"column":9}},"type":"if","locations":[{"start":{"line":307,"column":8},"end":{"line":309,"column":9}},{"start":{"line":307,"column":8},"end":{"line":309,"column":9}}]},"34":{"loc":{"start":{"line":313,"column":6},"end":{"line":315,"column":7}},"type":"if","locations":[{"start":{"line":313,"column":6},"end":{"line":315,"column":7}},{"start":{"line":313,"column":6},"end":{"line":315,"column":7}}]},"35":{"loc":{"start":{"line":313,"column":10},"end":{"line":313,"column":26}},"type":"binary-expr","locations":[{"start":{"line":313,"column":10},"end":{"line":313,"column":26}},{"start":{"line":313,"column":30},"end":{"line":313,"column":67}}]}},"s":{"0":10,"1":10,"2":10,"3":10,"4":10,"5":10,"6":0,"7":0,"8":0,"9":0,"10":0,"11":0,"12":0,"13":0,"14":0,"15":0,"16":0,"17":0,"18":0,"19":0,"20":0,"21":0,"22":0,"23":0,"24":0,"25":0,"26":0,"27":0,"28":0,"29":0,"30":0,"31":0,"32":0,"33":0,"34":0,"35":0,"36":0,"37":0,"38":0,"39":0,"40":0,"41":0,"42":0,"43":0,"44":0,"45":0,"46":0,"47":0,"48":0,"49":0,"50":0,"51":0,"52":0,"53":0,"54":0,"55":0,"56":0,"57":0,"58":0,"59":0,"60":0,"61":0,"62":0,"63":0,"64":0,"65":0,"66":0,"67":0,"68":0,"69":0,"70":0,"71":0,"72":0,"73":0,"74":0,"75":0,"76":0,"77":0,"78":0,"79":0,"80":0,"81":0,"82":0,"83":0,"84":0,"85":10,"86":10,"87":0,"88":0,"89":0,"90":0,"91":0,"92":0,"93":0,"94":10,"95":0,"96":10,"97":0,"98":10,"99":0,"100":0,"101":0,"102":0,"103":0,"104":0,"105":0,"106":0,"107":0,"108":0,"109":0,"110":0,"111":0,"112":0,"113":0,"114":0,"115":0,"116":0,"117":0,"118":0,"119":0,"120":0,"121":0,"122":0,"123":0,"124":10,"125":10},"f":{"0":10,"1":0,"2":0,"3":0,"4":0,"5":0,"6":0,"7":0,"8":0,"9":0,"10":0,"11":0,"12":0,"13":0,"14":0,"15":0,"16":0,"17":0,"18":0},"b":{"0":[0,0],"1":[0,0],"2":[0,0],"3":[0,0],"4":[0,0],"5":[0,0],"6":[0,0],"7":[0,0],"8":[0,0],"9":[0,0],"10":[0,0],"11":[0,0],"12":[0,0],"13":[0,0],"14":[0,0],"15":[0,0],"16":[0,0],"17":[0,0],"18":[0,0],"19":[0,0,0],"20":[0,0],"21":[0,0],"22":[0,0],"23":[0,0],"24":[0,0],"25":[0,0],"26":[0,0],"27":[0,0],"28":[0,0],"29":[0,0],"30":[0,0],"31":[0,0],"32":[0,0],"33":[0,0],"34":[0,0],"35":[0,0]}}
}
