{"C:\\Users\\chetm\\projects\\react-layout-generator\\src\\RLGLayout.tsx": {"path":"C:\\Users\\chetm\\projects\\react-layout-generator\\src\\RLGLayout.tsx","statementMap":{"0":{"start":{"line":1,"column":0},"end":{"line":1,"column":30}},"1":{"start":{"line":2,"column":0},"end":{"line":2,"column":55}},"2":{"start":{"line":11,"column":0},"end":{"line":11,"column":57}},"3":{"start":{"line":12,"column":0},"end":{"line":12,"column":55}},"4":{"start":{"line":13,"column":0},"end":{"line":13,"column":47}},"5":{"start":{"line":16,"column":0},"end":{"line":30,"column":16}},"6":{"start":{"line":38,"column":17},"end":{"line":38,"column":18}},"7":{"start":{"line":39,"column":12},"end":{"line":39,"column":27}},"8":{"start":{"line":40,"column":12},"end":{"line":40,"column":27}},"9":{"start":{"line":41,"column":2},"end":{"line":52,"column":3}},"10":{"start":{"line":37,"column":0},"end":{"line":53,"column":1}},"11":{"start":{"line":71,"column":18},"end":{"line":74,"column":3}},"12":{"start":{"line":75,"column":2},"end":{"line":94,"column":3}},"13":{"start":{"line":76,"column":4},"end":{"line":93,"column":5}},"14":{"start":{"line":78,"column":8},"end":{"line":78,"column":18}},"15":{"start":{"line":79,"column":8},"end":{"line":79,"column":14}},"16":{"start":{"line":82,"column":8},"end":{"line":84,"column":10}},"17":{"start":{"line":85,"column":8},"end":{"line":85,"column":14}},"18":{"start":{"line":88,"column":8},"end":{"line":90,"column":10}},"19":{"start":{"line":91,"column":8},"end":{"line":91,"column":14}},"20":{"start":{"line":96,"column":2},"end":{"line":106,"column":4}},"21":{"start":{"line":113,"column":11},"end":{"line":113,"column":35}},"22":{"start":{"line":119,"column":13},"end":{"line":119,"column":58}},"23":{"start":{"line":125,"column":13},"end":{"line":125,"column":52}},"24":{"start":{"line":176,"column":0},"end":{"line":176,"column":46}},"25":{"start":{"line":176,"column":31},"end":{"line":176,"column":80}},"26":{"start":{"line":195,"column":4},"end":{"line":195,"column":16}},"27":{"start":{"line":182,"column":10},"end":{"line":182,"column":56}},"28":{"start":{"line":185,"column":10},"end":{"line":185,"column":48}},"29":{"start":{"line":186,"column":10},"end":{"line":186,"column":51}},"30":{"start":{"line":187,"column":10},"end":{"line":187,"column":47}},"31":{"start":{"line":189,"column":10},"end":{"line":189,"column":29}},"32":{"start":{"line":190,"column":10},"end":{"line":190,"column":53}},"33":{"start":{"line":191,"column":10},"end":{"line":191,"column":49}},"34":{"start":{"line":192,"column":10},"end":{"line":192,"column":30}},"35":{"start":{"line":235,"column":9},"end":{"line":243,"column":3}},"36":{"start":{"line":236,"column":20},"end":{"line":236,"column":34}},"37":{"start":{"line":237,"column":4},"end":{"line":241,"column":5}},"38":{"start":{"line":238,"column":16},"end":{"line":238,"column":50}},"39":{"start":{"line":239,"column":6},"end":{"line":239,"column":25}},"40":{"start":{"line":240,"column":6},"end":{"line":240,"column":24}},"41":{"start":{"line":242,"column":4},"end":{"line":242,"column":19}},"42":{"start":{"line":311,"column":10},"end":{"line":325,"column":3}},"43":{"start":{"line":312,"column":4},"end":{"line":324,"column":5}},"44":{"start":{"line":313,"column":6},"end":{"line":313,"column":23}},"45":{"start":{"line":353,"column":10},"end":{"line":362,"column":3}},"46":{"start":{"line":354,"column":4},"end":{"line":361,"column":5}},"47":{"start":{"line":356,"column":6},"end":{"line":359,"column":7}},"48":{"start":{"line":357,"column":33},"end":{"line":357,"column":62}},"49":{"start":{"line":358,"column":8},"end":{"line":358,"column":75}},"50":{"start":{"line":360,"column":6},"end":{"line":360,"column":67}},"51":{"start":{"line":364,"column":10},"end":{"line":384,"column":3}},"52":{"start":{"line":366,"column":14},"end":{"line":366,"column":87}},"53":{"start":{"line":367,"column":14},"end":{"line":367,"column":88}},"54":{"start":{"line":370,"column":4},"end":{"line":379,"column":5}},"55":{"start":{"line":374,"column":6},"end":{"line":374,"column":55}},"56":{"start":{"line":381,"column":4},"end":{"line":383,"column":5}},"57":{"start":{"line":382,"column":6},"end":{"line":382,"column":45}},"58":{"start":{"line":388,"column":10},"end":{"line":434,"column":3}},"59":{"start":{"line":389,"column":14},"end":{"line":389,"column":30}},"60":{"start":{"line":391,"column":14},"end":{"line":391,"column":44}},"61":{"start":{"line":392,"column":4},"end":{"line":394,"column":5}},"62":{"start":{"line":393,"column":6},"end":{"line":393,"column":21}},"63":{"start":{"line":396,"column":14},"end":{"line":396,"column":92}},"64":{"start":{"line":397,"column":4},"end":{"line":406,"column":5}},"65":{"start":{"line":399,"column":21},"end":{"line":399,"column":37}},"66":{"start":{"line":400,"column":6},"end":{"line":405,"column":7}},"67":{"start":{"line":401,"column":8},"end":{"line":404,"column":11}},"68":{"start":{"line":402,"column":10},"end":{"line":402,"column":24}},"69":{"start":{"line":403,"column":10},"end":{"line":403,"column":23}},"70":{"start":{"line":408,"column":4},"end":{"line":408,"column":20}},"71":{"start":{"line":410,"column":4},"end":{"line":410,"column":21}},"72":{"start":{"line":413,"column":4},"end":{"line":433,"column":5}},"73":{"start":{"line":414,"column":21},"end":{"line":414,"column":37}},"74":{"start":{"line":415,"column":28},"end":{"line":415,"column":64}},"75":{"start":{"line":416,"column":6},"end":{"line":432,"column":7}},"76":{"start":{"line":418,"column":23},"end":{"line":418,"column":39}},"77":{"start":{"line":420,"column":8},"end":{"line":420,"column":95}},"78":{"start":{"line":421,"column":8},"end":{"line":421,"column":30}},"79":{"start":{"line":422,"column":8},"end":{"line":424,"column":11}},"80":{"start":{"line":423,"column":10},"end":{"line":423,"column":59}},"81":{"start":{"line":425,"column":8},"end":{"line":425,"column":56}},"82":{"start":{"line":426,"column":8},"end":{"line":429,"column":11}},"83":{"start":{"line":427,"column":20},"end":{"line":427,"column":32}},"84":{"start":{"line":428,"column":10},"end":{"line":428,"column":92}},"85":{"start":{"line":431,"column":8},"end":{"line":431,"column":25}},"86":{"start":{"line":436,"column":10},"end":{"line":457,"column":3}},"87":{"start":{"line":445,"column":12},"end":{"line":445,"column":32}},"88":{"start":{"line":446,"column":4},"end":{"line":454,"column":5}},"89":{"start":{"line":447,"column":6},"end":{"line":453,"column":9}},"90":{"start":{"line":456,"column":4},"end":{"line":456,"column":22}},"91":{"start":{"line":459,"column":10},"end":{"line":591,"column":3}},"92":{"start":{"line":469,"column":14},"end":{"line":469,"column":60}},"93":{"start":{"line":470,"column":4},"end":{"line":472,"column":5}},"94":{"start":{"line":471,"column":6},"end":{"line":471,"column":18}},"95":{"start":{"line":474,"column":14},"end":{"line":474,"column":34}},"96":{"start":{"line":476,"column":4},"end":{"line":588,"column":5}},"97":{"start":{"line":478,"column":6},"end":{"line":478,"column":24}},"98":{"start":{"line":480,"column":19},"end":{"line":480,"column":27}},"99":{"start":{"line":483,"column":6},"end":{"line":485,"column":7}},"100":{"start":{"line":484,"column":8},"end":{"line":484,"column":77}},"101":{"start":{"line":487,"column":6},"end":{"line":587,"column":7}},"102":{"start":{"line":488,"column":22},"end":{"line":496,"column":9}},"103":{"start":{"line":498,"column":24},"end":{"line":498,"column":58}},"104":{"start":{"line":500,"column":8},"end":{"line":500,"column":25}},"105":{"start":{"line":502,"column":8},"end":{"line":586,"column":9}},"106":{"start":{"line":503,"column":10},"end":{"line":503,"column":68}},"107":{"start":{"line":505,"column":28},"end":{"line":508,"column":16}},"108":{"start":{"line":509,"column":41},"end":{"line":517,"column":11}},"109":{"start":{"line":519,"column":10},"end":{"line":551,"column":10}},"110":{"start":{"line":524,"column":14},"end":{"line":524,"column":25}},"111":{"start":{"line":525,"column":14},"end":{"line":525,"column":42}},"112":{"start":{"line":528,"column":12},"end":{"line":546,"column":13}},"113":{"start":{"line":529,"column":14},"end":{"line":545,"column":15}},"114":{"start":{"line":530,"column":16},"end":{"line":544,"column":17}},"115":{"start":{"line":531,"column":35},"end":{"line":531,"column":61}},"116":{"start":{"line":532,"column":28},"end":{"line":532,"column":42}},"117":{"start":{"line":533,"column":18},"end":{"line":543,"column":19}},"118":{"start":{"line":534,"column":20},"end":{"line":534,"column":64}},"119":{"start":{"line":535,"column":20},"end":{"line":535,"column":37}},"120":{"start":{"line":536,"column":20},"end":{"line":536,"column":38}},"121":{"start":{"line":537,"column":25},"end":{"line":543,"column":19}},"122":{"start":{"line":538,"column":20},"end":{"line":538,"column":71}},"123":{"start":{"line":539,"column":20},"end":{"line":539,"column":37}},"124":{"start":{"line":540,"column":25},"end":{"line":543,"column":19}},"125":{"start":{"line":541,"column":20},"end":{"line":541,"column":70}},"126":{"start":{"line":542,"column":20},"end":{"line":542,"column":38}},"127":{"start":{"line":548,"column":12},"end":{"line":550,"column":13}},"128":{"start":{"line":549,"column":14},"end":{"line":549,"column":73}},"129":{"start":{"line":551,"column":10},"end":{"line":551,"column":11}},"130":{"start":{"line":553,"column":24},"end":{"line":553,"column":36}},"131":{"start":{"line":555,"column":21},"end":{"line":570,"column":11}},"132":{"start":{"line":560,"column":35},"end":{"line":560,"column":90}},"133":{"start":{"line":560,"column":44},"end":{"line":560,"column":88}},"134":{"start":{"line":572,"column":15},"end":{"line":572,"column":14}},"135":{"start":{"line":573,"column":10},"end":{"line":577,"column":11}},"136":{"start":{"line":574,"column":12},"end":{"line":576,"column":14}},"137":{"start":{"line":579,"column":10},"end":{"line":585,"column":11}},"138":{"start":{"line":590,"column":4},"end":{"line":590,"column":16}},"139":{"start":{"line":593,"column":10},"end":{"line":610,"column":3}},"140":{"start":{"line":594,"column":14},"end":{"line":594,"column":40}},"141":{"start":{"line":596,"column":4},"end":{"line":607,"column":5}},"142":{"start":{"line":604,"column":6},"end":{"line":606,"column":7}},"143":{"start":{"line":605,"column":8},"end":{"line":605,"column":96}},"144":{"start":{"line":609,"column":4},"end":{"line":609,"column":16}},"145":{"start":{"line":612,"column":10},"end":{"line":650,"column":3}},"146":{"start":{"line":613,"column":14},"end":{"line":613,"column":40}},"147":{"start":{"line":615,"column":4},"end":{"line":634,"column":5}},"148":{"start":{"line":629,"column":6},"end":{"line":633,"column":7}},"149":{"start":{"line":630,"column":8},"end":{"line":632,"column":10}},"150":{"start":{"line":636,"column":4},"end":{"line":649,"column":6}},"151":{"start":{"line":652,"column":10},"end":{"line":668,"column":3}},"152":{"start":{"line":654,"column":4},"end":{"line":656,"column":5}},"153":{"start":{"line":655,"column":6},"end":{"line":655,"column":84}},"154":{"start":{"line":658,"column":4},"end":{"line":664,"column":5}},"155":{"start":{"line":663,"column":6},"end":{"line":663,"column":27}},"156":{"start":{"line":666,"column":4},"end":{"line":666,"column":28}},"157":{"start":{"line":667,"column":4},"end":{"line":667,"column":34}},"158":{"start":{"line":670,"column":10},"end":{"line":680,"column":3}},"159":{"start":{"line":671,"column":4},"end":{"line":679,"column":5}},"160":{"start":{"line":673,"column":6},"end":{"line":675,"column":7}},"161":{"start":{"line":674,"column":8},"end":{"line":674,"column":88}},"162":{"start":{"line":677,"column":6},"end":{"line":677,"column":29}},"163":{"start":{"line":678,"column":6},"end":{"line":678,"column":69}},"164":{"start":{"line":682,"column":10},"end":{"line":695,"column":3}},"165":{"start":{"line":684,"column":47},"end":{"line":684,"column":84}},"166":{"start":{"line":686,"column":4},"end":{"line":692,"column":5}},"167":{"start":{"line":687,"column":26},"end":{"line":687,"column":50}},"168":{"start":{"line":688,"column":6},"end":{"line":688,"column":35}},"169":{"start":{"line":689,"column":6},"end":{"line":691,"column":8}},"170":{"start":{"line":690,"column":8},"end":{"line":690,"column":29}},"171":{"start":{"line":694,"column":4},"end":{"line":694,"column":21}},"172":{"start":{"line":697,"column":10},"end":{"line":709,"column":3}},"173":{"start":{"line":698,"column":4},"end":{"line":708,"column":5}},"174":{"start":{"line":700,"column":6},"end":{"line":702,"column":7}},"175":{"start":{"line":701,"column":8},"end":{"line":701,"column":82}},"176":{"start":{"line":704,"column":6},"end":{"line":704,"column":29}},"177":{"start":{"line":705,"column":6},"end":{"line":705,"column":34}},"178":{"start":{"line":707,"column":6},"end":{"line":707,"column":22}},"179":{"start":{"line":711,"column":10},"end":{"line":715,"column":3}},"180":{"start":{"line":712,"column":4},"end":{"line":714,"column":5}},"181":{"start":{"line":713,"column":6},"end":{"line":713,"column":74}},"182":{"start":{"line":717,"column":10},"end":{"line":719,"column":3}},"183":{"start":{"line":718,"column":4},"end":{"line":718,"column":61}},"184":{"start":{"line":721,"column":10},"end":{"line":723,"column":3}},"185":{"start":{"line":722,"column":4},"end":{"line":722,"column":64}},"186":{"start":{"line":725,"column":10},"end":{"line":727,"column":3}},"187":{"start":{"line":726,"column":4},"end":{"line":726,"column":27}},"188":{"start":{"line":729,"column":10},"end":{"line":735,"column":3}},"189":{"start":{"line":729,"column":22},"end":{"line":729,"column":44}},"190":{"start":{"line":730,"column":4},"end":{"line":734,"column":5}},"191":{"start":{"line":731,"column":6},"end":{"line":731,"column":35}},"192":{"start":{"line":733,"column":6},"end":{"line":733,"column":55}},"193":{"start":{"line":737,"column":10},"end":{"line":740,"column":3}},"194":{"start":{"line":738,"column":4},"end":{"line":738,"column":38}},"195":{"start":{"line":739,"column":4},"end":{"line":739,"column":16}},"196":{"start":{"line":742,"column":10},"end":{"line":748,"column":3}},"197":{"start":{"line":744,"column":4},"end":{"line":746,"column":5}},"198":{"start":{"line":745,"column":6},"end":{"line":745,"column":78}},"199":{"start":{"line":747,"column":4},"end":{"line":747,"column":16}},"200":{"start":{"line":750,"column":10},"end":{"line":824,"column":3}},"201":{"start":{"line":751,"column":18},"end":{"line":751,"column":59}},"202":{"start":{"line":752,"column":4},"end":{"line":752,"column":25}},"203":{"start":{"line":755,"column":4},"end":{"line":758,"column":5}},"204":{"start":{"line":756,"column":28},"end":{"line":756,"column":74}},"205":{"start":{"line":757,"column":6},"end":{"line":757,"column":112}},"206":{"start":{"line":761,"column":4},"end":{"line":776,"column":7}},"207":{"start":{"line":762,"column":16},"end":{"line":762,"column":48}},"208":{"start":{"line":763,"column":6},"end":{"line":775,"column":7}},"209":{"start":{"line":764,"column":8},"end":{"line":774,"column":9}},"210":{"start":{"line":765,"column":10},"end":{"line":769,"column":12}},"211":{"start":{"line":766,"column":23},"end":{"line":766,"column":56}},"212":{"start":{"line":767,"column":27},"end":{"line":767,"column":66}},"213":{"start":{"line":768,"column":12},"end":{"line":768,"column":46}},"214":{"start":{"line":772,"column":10},"end":{"line":772,"column":41}},"215":{"start":{"line":780,"column":6},"end":{"line":795,"column":8}},"216":{"start":{"line":781,"column":18},"end":{"line":781,"column":50}},"217":{"start":{"line":782,"column":8},"end":{"line":793,"column":9}},"218":{"start":{"line":783,"column":10},"end":{"line":792,"column":11}},"219":{"start":{"line":784,"column":12},"end":{"line":788,"column":14}},"220":{"start":{"line":785,"column":25},"end":{"line":785,"column":58}},"221":{"start":{"line":786,"column":29},"end":{"line":786,"column":68}},"222":{"start":{"line":787,"column":14},"end":{"line":787,"column":56}},"223":{"start":{"line":791,"column":12},"end":{"line":791,"column":82}},"224":{"start":{"line":794,"column":8},"end":{"line":794,"column":20}},"225":{"start":{"line":799,"column":4},"end":{"line":811,"column":5}},"226":{"start":{"line":800,"column":6},"end":{"line":810,"column":8}},"227":{"start":{"line":813,"column":4},"end":{"line":821,"column":5}},"228":{"start":{"line":814,"column":6},"end":{"line":820,"column":12}},"229":{"start":{"line":823,"column":4},"end":{"line":823,"column":20}},"230":{"start":{"line":196,"column":4},"end":{"line":203,"column":5}},"231":{"start":{"line":205,"column":4},"end":{"line":205,"column":22}},"232":{"start":{"line":207,"column":4},"end":{"line":207,"column":26}},"233":{"start":{"line":178,"column":2},"end":{"line":180,"column":3}},"234":{"start":{"line":179,"column":4},"end":{"line":179,"column":24}},"235":{"start":{"line":210,"column":9},"end":{"line":218,"column":3}},"236":{"start":{"line":211,"column":4},"end":{"line":215,"column":5}},"237":{"start":{"line":212,"column":6},"end":{"line":214,"column":8}},"238":{"start":{"line":216,"column":4},"end":{"line":216,"column":40}},"239":{"start":{"line":217,"column":4},"end":{"line":217,"column":59}},"240":{"start":{"line":220,"column":9},"end":{"line":223,"column":3}},"241":{"start":{"line":221,"column":4},"end":{"line":221,"column":37}},"242":{"start":{"line":222,"column":4},"end":{"line":222,"column":62}},"243":{"start":{"line":225,"column":9},"end":{"line":233,"column":3}},"244":{"start":{"line":226,"column":4},"end":{"line":232,"column":5}},"245":{"start":{"line":230,"column":6},"end":{"line":230,"column":27}},"246":{"start":{"line":231,"column":6},"end":{"line":231,"column":28}},"247":{"start":{"line":246,"column":9},"end":{"line":309,"column":3}},"248":{"start":{"line":249,"column":14},"end":{"line":249,"column":23}},"249":{"start":{"line":251,"column":6},"end":{"line":261,"column":7}},"250":{"start":{"line":252,"column":8},"end":{"line":254,"column":9}},"251":{"start":{"line":253,"column":10},"end":{"line":253,"column":20}},"252":{"start":{"line":255,"column":8},"end":{"line":257,"column":9}},"253":{"start":{"line":256,"column":10},"end":{"line":256,"column":22}},"254":{"start":{"line":258,"column":8},"end":{"line":260,"column":9}},"255":{"start":{"line":259,"column":10},"end":{"line":259,"column":22}},"256":{"start":{"line":262,"column":6},"end":{"line":262,"column":14}},"257":{"start":{"line":265,"column":4},"end":{"line":265,"column":22}},"258":{"start":{"line":267,"column":18},"end":{"line":269,"column":39}},"259":{"start":{"line":271,"column":4},"end":{"line":299,"column":5}},"260":{"start":{"line":272,"column":6},"end":{"line":272,"column":24}},"261":{"start":{"line":273,"column":6},"end":{"line":298,"column":8}},"262":{"start":{"line":300,"column":4},"end":{"line":308,"column":5}},"263":{"start":{"line":327,"column":10},"end":{"line":351,"column":3}},"264":{"start":{"line":327,"column":2},"end":{"line":351,"column":2}},"265":{"start":{"line":330,"column":4},"end":{"line":330,"column":60}},"266":{"start":{"line":331,"column":4},"end":{"line":331,"column":36}},"267":{"start":{"line":332,"column":4},"end":{"line":343,"column":5}},"268":{"start":{"line":333,"column":6},"end":{"line":342,"column":7}},"269":{"start":{"line":334,"column":22},"end":{"line":334,"column":51}},"270":{"start":{"line":335,"column":8},"end":{"line":338,"column":11}},"271":{"start":{"line":337,"column":10},"end":{"line":337,"column":32}},"272":{"start":{"line":341,"column":8},"end":{"line":341,"column":34}},"273":{"start":{"line":344,"column":4},"end":{"line":344,"column":27}},"274":{"start":{"line":345,"column":4},"end":{"line":350,"column":5}},"275":{"start":{"line":346,"column":21},"end":{"line":346,"column":37}},"276":{"start":{"line":347,"column":6},"end":{"line":349,"column":9}},"277":{"start":{"line":348,"column":8},"end":{"line":348,"column":39}},"278":{"start":{"line":826,"column":10},"end":{"line":837,"column":3}},"279":{"start":{"line":827,"column":4},"end":{"line":836,"column":5}},"280":{"start":{"line":828,"column":6},"end":{"line":828,"column":29}},"281":{"start":{"line":829,"column":32},"end":{"line":829,"column":75}},"282":{"start":{"line":830,"column":22},"end":{"line":830,"column":58}},"283":{"start":{"line":831,"column":22},"end":{"line":831,"column":57}},"284":{"start":{"line":832,"column":6},"end":{"line":832,"column":54}},"285":{"start":{"line":833,"column":6},"end":{"line":833,"column":31}},"286":{"start":{"line":835,"column":6},"end":{"line":835,"column":22}},"287":{"start":{"line":839,"column":10},"end":{"line":907,"column":3}},"288":{"start":{"line":839,"column":2},"end":{"line":907,"column":2}},"289":{"start":{"line":840,"column":22},"end":{"line":843,"column":5}},"290":{"start":{"line":845,"column":27},"end":{"line":883,"column":6}},"291":{"start":{"line":846,"column":27},"end":{"line":846,"column":65}},"292":{"start":{"line":847,"column":6},"end":{"line":881,"column":7}},"293":{"start":{"line":848,"column":27},"end":{"line":848,"column":46}},"294":{"start":{"line":849,"column":28},"end":{"line":858,"column":9}},"295":{"start":{"line":859,"column":40},"end":{"line":867,"column":9}},"296":{"start":{"line":868,"column":8},"end":{"line":880,"column":39}},"297":{"start":{"line":882,"column":6},"end":{"line":882,"column":18}},"298":{"start":{"line":884,"column":35},"end":{"line":892,"column":5}},"299":{"start":{"line":893,"column":4},"end":{"line":906,"column":23}},"300":{"start":{"line":909,"column":10},"end":{"line":973,"column":3}},"301":{"start":{"line":909,"column":2},"end":{"line":973,"column":2}},"302":{"start":{"line":910,"column":40},"end":{"line":910,"column":42}},"303":{"start":{"line":911,"column":4},"end":{"line":971,"column":5}},"304":{"start":{"line":912,"column":6},"end":{"line":915,"column":7}},"305":{"start":{"line":913,"column":19},"end":{"line":913,"column":75}},"306":{"start":{"line":914,"column":8},"end":{"line":914,"column":27}},"307":{"start":{"line":916,"column":6},"end":{"line":919,"column":7}},"308":{"start":{"line":917,"column":19},"end":{"line":917,"column":71}},"309":{"start":{"line":918,"column":8},"end":{"line":918,"column":23}},"310":{"start":{"line":920,"column":6},"end":{"line":970,"column":7}},"311":{"start":{"line":921,"column":20},"end":{"line":921,"column":24}},"312":{"start":{"line":922,"column":8},"end":{"line":953,"column":11}},"313":{"start":{"line":924,"column":10},"end":{"line":928,"column":11}},"314":{"start":{"line":927,"column":12},"end":{"line":927,"column":26}},"315":{"start":{"line":929,"column":10},"end":{"line":933,"column":11}},"316":{"start":{"line":932,"column":12},"end":{"line":932,"column":26}},"317":{"start":{"line":934,"column":10},"end":{"line":952,"column":11}},"318":{"start":{"line":935,"column":12},"end":{"line":946,"column":18}},"319":{"start":{"line":948,"column":12},"end":{"line":951,"column":13}},"320":{"start":{"line":956,"column":21},"end":{"line":956,"column":50}},"321":{"start":{"line":957,"column":8},"end":{"line":957,"column":32}},"322":{"start":{"line":958,"column":8},"end":{"line":969,"column":14}},"323":{"start":{"line":972,"column":4},"end":{"line":972,"column":19}},"324":{"start":{"line":974,"column":0},"end":{"line":974,"column":1}},"325":{"start":{"line":176,"column":13},"end":{"line":176,"column":22}}},"fnMap":{"0":{"name":"blockSelectedStyle","decl":{"start":{"line":37,"column":16},"end":{"line":37,"column":34}},"loc":{"start":{"line":37,"column":62},"end":{"line":53,"column":1}}},"1":{"name":"blockStyle","decl":{"start":{"line":59,"column":9},"end":{"line":59,"column":19}},"loc":{"start":{"line":67,"column":16},"end":{"line":107,"column":1}}},"2":{"name":"(anonymous_10)","decl":{"start":{"line":176,"column":0},"end":{"line":null,"column":-1}},"loc":{"start":{"line":176,"column":0},"end":{"line":176,"column":-1}}},"3":{"name":"RLGLayout","decl":{"start":{"line":194,"column":2},"end":{"line":194,"column":13}},"loc":{"start":{"line":194,"column":36},"end":{"line":208,"column":3}}},"4":{"name":"(anonymous_12)","decl":{"start":{"line":235,"column":30},"end":{"line":null,"column":-1}},"loc":{"start":{"line":235,"column":30},"end":{"line":243,"column":3}}},"5":{"name":"(anonymous_13)","decl":{"start":{"line":311,"column":22},"end":{"line":311,"column":22}},"loc":{"start":{"line":311,"column":42},"end":{"line":325,"column":3}}},"6":{"name":"(anonymous_14)","decl":{"start":{"line":353,"column":27},"end":{"line":null,"column":-1}},"loc":{"start":{"line":353,"column":27},"end":{"line":362,"column":3}}},"7":{"name":"(anonymous_15)","decl":{"start":{"line":364,"column":21},"end":{"line":364,"column":21}},"loc":{"start":{"line":364,"column":51},"end":{"line":384,"column":3}}},"8":{"name":"(anonymous_16)","decl":{"start":{"line":388,"column":23},"end":{"line":null,"column":-1}},"loc":{"start":{"line":388,"column":23},"end":{"line":434,"column":3}}},"9":{"name":"(anonymous_17)","decl":{"start":{"line":401,"column":27},"end":{"line":401,"column":27}},"loc":{"start":{"line":401,"column":33},"end":{"line":404,"column":9}}},"10":{"name":"(anonymous_18)","decl":{"start":{"line":422,"column":27},"end":{"line":422,"column":27}},"loc":{"start":{"line":422,"column":38},"end":{"line":424,"column":9}}},"11":{"name":"(anonymous_19)","decl":{"start":{"line":426,"column":27},"end":{"line":426,"column":27}},"loc":{"start":{"line":426,"column":38},"end":{"line":429,"column":9}}},"12":{"name":"(anonymous_20)","decl":{"start":{"line":436,"column":36},"end":{"line":437,"column":3}},"loc":{"start":{"line":442,"column":38},"end":{"line":457,"column":3}}},"13":{"name":"(anonymous_21)","decl":{"start":{"line":459,"column":36},"end":{"line":460,"column":3}},"loc":{"start":{"line":466,"column":19},"end":{"line":591,"column":3}}},"14":{"name":"(anonymous_22)","decl":{"start":{"line":519,"column":10},"end":{"line":null,"column":-1}},"loc":{"start":{"line":519,"column":10},"end":{"line":519,"column":9}}},"15":{"name":"Local","decl":{"start":{"line":523,"column":12},"end":{"line":523,"column":23}},"loc":{"start":{"line":523,"column":32},"end":{"line":526,"column":13}}},"16":{"name":"(anonymous_24)","decl":{"start":{"line":528,"column":12},"end":{"line":528,"column":19}},"loc":{"start":{"line":528,"column":40},"end":{"line":546,"column":13}}},"17":{"name":"(anonymous_25)","decl":{"start":{"line":548,"column":12},"end":{"line":null,"column":-1}},"loc":{"start":{"line":548,"column":12},"end":{"line":550,"column":13}}},"18":{"name":"(anonymous_26)","decl":{"start":{"line":560,"column":21},"end":{"line":560,"column":21}},"loc":{"start":{"line":560,"column":28},"end":{"line":560,"column":92}}},"19":{"name":"(anonymous_27)","decl":{"start":{"line":593,"column":25},"end":{"line":593,"column":25}},"loc":{"start":{"line":593,"column":74},"end":{"line":610,"column":3}}},"20":{"name":"(anonymous_28)","decl":{"start":{"line":612,"column":26},"end":{"line":612,"column":26}},"loc":{"start":{"line":612,"column":87},"end":{"line":650,"column":3}}},"21":{"name":"(anonymous_29)","decl":{"start":{"line":652,"column":30},"end":{"line":652,"column":30}},"loc":{"start":{"line":652,"column":54},"end":{"line":668,"column":3}}},"22":{"name":"(anonymous_30)","decl":{"start":{"line":670,"column":32},"end":{"line":670,"column":32}},"loc":{"start":{"line":670,"column":46},"end":{"line":680,"column":3}}},"23":{"name":"(anonymous_31)","decl":{"start":{"line":671,"column":11},"end":{"line":671,"column":11}},"loc":{"start":{"line":671,"column":35},"end":{"line":679,"column":5}}},"24":{"name":"(anonymous_32)","decl":{"start":{"line":682,"column":32},"end":{"line":682,"column":32}},"loc":{"start":{"line":682,"column":46},"end":{"line":695,"column":3}}},"25":{"name":"(anonymous_33)","decl":{"start":{"line":689,"column":26},"end":{"line":689,"column":26}},"loc":{"start":{"line":689,"column":42},"end":{"line":691,"column":7}}},"26":{"name":"(anonymous_34)","decl":{"start":{"line":697,"column":26},"end":{"line":697,"column":26}},"loc":{"start":{"line":697,"column":44},"end":{"line":709,"column":3}}},"27":{"name":"(anonymous_35)","decl":{"start":{"line":711,"column":21},"end":{"line":null,"column":-1}},"loc":{"start":{"line":711,"column":21},"end":{"line":715,"column":3}}},"28":{"name":"(anonymous_36)","decl":{"start":{"line":717,"column":30},"end":{"line":null,"column":-1}},"loc":{"start":{"line":717,"column":30},"end":{"line":719,"column":3}}},"29":{"name":"(anonymous_37)","decl":{"start":{"line":721,"column":33},"end":{"line":null,"column":-1}},"loc":{"start":{"line":721,"column":33},"end":{"line":723,"column":3}}},"30":{"name":"(anonymous_38)","decl":{"start":{"line":725,"column":27},"end":{"line":725,"column":27}},"loc":{"start":{"line":725,"column":47},"end":{"line":727,"column":3}}},"31":{"name":"(anonymous_39)","decl":{"start":{"line":729,"column":21},"end":{"line":729,"column":21}},"loc":{"start":{"line":729,"column":44},"end":{"line":735,"column":3}}},"32":{"name":"(anonymous_40)","decl":{"start":{"line":737,"column":23},"end":{"line":null,"column":-1}},"loc":{"start":{"line":737,"column":23},"end":{"line":740,"column":3}}},"33":{"name":"(anonymous_41)","decl":{"start":{"line":742,"column":21},"end":{"line":null,"column":-1}},"loc":{"start":{"line":742,"column":21},"end":{"line":748,"column":3}}},"34":{"name":"(anonymous_42)","decl":{"start":{"line":750,"column":20},"end":{"line":null,"column":-1}},"loc":{"start":{"line":750,"column":20},"end":{"line":824,"column":3}}},"35":{"name":"(anonymous_43)","decl":{"start":{"line":761,"column":44},"end":{"line":761,"column":44}},"loc":{"start":{"line":761,"column":53},"end":{"line":776,"column":5}}},"36":{"name":"(anonymous_44)","decl":{"start":{"line":765,"column":47},"end":{"line":765,"column":47}},"loc":{"start":{"line":765,"column":58},"end":{"line":769,"column":11}}},"37":{"name":"(anonymous_45)","decl":{"start":{"line":780,"column":46},"end":{"line":780,"column":46}},"loc":{"start":{"line":780,"column":55},"end":{"line":795,"column":7}}},"38":{"name":"(anonymous_46)","decl":{"start":{"line":784,"column":56},"end":{"line":784,"column":56}},"loc":{"start":{"line":784,"column":67},"end":{"line":788,"column":13}}},"39":{"name":"(anonymous_47)","decl":{"start":{"line":178,"column":2},"end":{"line":null,"column":-1}},"loc":{"start":{"line":178,"column":2},"end":{"line":180,"column":3}}},"40":{"name":"(anonymous_48)","decl":{"start":{"line":210,"column":2},"end":{"line":null,"column":-1}},"loc":{"start":{"line":210,"column":2},"end":{"line":218,"column":3}}},"41":{"name":"(anonymous_49)","decl":{"start":{"line":220,"column":2},"end":{"line":null,"column":-1}},"loc":{"start":{"line":220,"column":2},"end":{"line":223,"column":3}}},"42":{"name":"(anonymous_50)","decl":{"start":{"line":225,"column":2},"end":{"line":225,"column":34}},"loc":{"start":{"line":225,"column":57},"end":{"line":233,"column":3}}},"43":{"name":"(anonymous_51)","decl":{"start":{"line":246,"column":2},"end":{"line":null,"column":-1}},"loc":{"start":{"line":246,"column":2},"end":{"line":309,"column":3}}},"44":{"name":"overflowFn","decl":{"start":{"line":248,"column":13},"end":{"line":248,"column":23}},"loc":{"start":{"line":248,"column":60},"end":{"line":263,"column":5}}},"45":{"name":"(anonymous_53)","decl":{"start":{"line":327,"column":2},"end":{"line":327,"column":19}},"loc":{"start":{"line":327,"column":42},"end":{"line":351,"column":3}}},"46":{"name":"(anonymous_54)","decl":{"start":{"line":335,"column":22},"end":{"line":335,"column":22}},"loc":{"start":{"line":335,"column":43},"end":{"line":338,"column":9}}},"47":{"name":"(anonymous_55)","decl":{"start":{"line":347,"column":32},"end":{"line":347,"column":32}},"loc":{"start":{"line":347,"column":60},"end":{"line":349,"column":7}}},"48":{"name":"(anonymous_56)","decl":{"start":{"line":826,"column":2},"end":{"line":826,"column":27}},"loc":{"start":{"line":826,"column":60},"end":{"line":837,"column":3}}},"49":{"name":"(anonymous_57)","decl":{"start":{"line":839,"column":2},"end":{"line":839,"column":26}},"loc":{"start":{"line":839,"column":122},"end":{"line":907,"column":3}}},"50":{"name":"(anonymous_58)","decl":{"start":{"line":845,"column":68},"end":{"line":845,"column":68}},"loc":{"start":{"line":845,"column":83},"end":{"line":883,"column":5}}},"51":{"name":"(anonymous_59)","decl":{"start":{"line":909,"column":2},"end":{"line":909,"column":23}},"loc":{"start":{"line":909,"column":128},"end":{"line":973,"column":3}}},"52":{"name":"(anonymous_60)","decl":{"start":{"line":922,"column":31},"end":{"line":922,"column":31}},"loc":{"start":{"line":922,"column":39},"end":{"line":953,"column":9}}}},"branchMap":{"0":{"loc":{"start":{"line":75,"column":2},"end":{"line":94,"column":3}},"type":"if","locations":[{"start":{"line":75,"column":2},"end":{"line":94,"column":3}},{"start":{"line":75,"column":2},"end":{"line":94,"column":3}}]},"1":{"loc":{"start":{"line":77,"column":6},"end":{"line":80,"column":7}},"type":"switch","locations":[{"start":{"line":77,"column":6},"end":{"line":80,"column":7}},{"start":{"line":81,"column":6},"end":{"line":86,"column":7}},{"start":{"line":87,"column":6},"end":{"line":92,"column":7}}]},"2":{"loc":{"start":{"line":195,"column":4},"end":{"line":195,"column":16}},"type":"binary-expr","locations":[{"start":{"line":195,"column":4},"end":{"line":195,"column":16}},{"start":{"line":195,"column":16},"end":{"line":208,"column":2}}]},"3":{"loc":{"start":{"line":237,"column":4},"end":{"line":241,"column":5}},"type":"if","locations":[{"start":{"line":237,"column":4},"end":{"line":241,"column":5}},{"start":{"line":237,"column":4},"end":{"line":241,"column":5}}]},"4":{"loc":{"start":{"line":312,"column":4},"end":{"line":324,"column":5}},"type":"if","locations":[{"start":{"line":312,"column":4},"end":{"line":324,"column":5}},{"start":{"line":312,"column":4},"end":{"line":324,"column":5}}]},"5":{"loc":{"start":{"line":354,"column":4},"end":{"line":361,"column":5}},"type":"if","locations":[{"start":{"line":354,"column":4},"end":{"line":361,"column":5}},{"start":{"line":354,"column":4},"end":{"line":361,"column":5}}]},"6":{"loc":{"start":{"line":356,"column":6},"end":{"line":359,"column":7}},"type":"if","locations":[{"start":{"line":356,"column":6},"end":{"line":359,"column":7}},{"start":{"line":356,"column":6},"end":{"line":359,"column":7}}]},"7":{"loc":{"start":{"line":356,"column":10},"end":{"line":356,"column":21}},"type":"binary-expr","locations":[{"start":{"line":356,"column":10},"end":{"line":356,"column":21}},{"start":{"line":356,"column":26},"end":{"line":356,"column":57}}]},"8":{"loc":{"start":{"line":370,"column":4},"end":{"line":379,"column":5}},"type":"if","locations":[{"start":{"line":370,"column":4},"end":{"line":379,"column":5}},{"start":{"line":370,"column":4},"end":{"line":379,"column":5}}]},"9":{"loc":{"start":{"line":370,"column":8},"end":{"line":370,"column":19}},"type":"binary-expr","locations":[{"start":{"line":370,"column":8},"end":{"line":370,"column":19}},{"start":{"line":370,"column":24},"end":{"line":370,"column":55}}]},"10":{"loc":{"start":{"line":381,"column":4},"end":{"line":383,"column":5}},"type":"if","locations":[{"start":{"line":381,"column":4},"end":{"line":383,"column":5}},{"start":{"line":381,"column":4},"end":{"line":383,"column":5}}]},"11":{"loc":{"start":{"line":381,"column":8},"end":{"line":381,"column":30}},"type":"binary-expr","locations":[{"start":{"line":381,"column":8},"end":{"line":381,"column":30}},{"start":{"line":381,"column":34},"end":{"line":381,"column":57}}]},"12":{"loc":{"start":{"line":392,"column":4},"end":{"line":394,"column":5}},"type":"if","locations":[{"start":{"line":392,"column":4},"end":{"line":394,"column":5}},{"start":{"line":392,"column":4},"end":{"line":394,"column":5}}]},"13":{"loc":{"start":{"line":397,"column":4},"end":{"line":406,"column":5}},"type":"if","locations":[{"start":{"line":397,"column":4},"end":{"line":406,"column":5}},{"start":{"line":397,"column":4},"end":{"line":406,"column":5}}]},"14":{"loc":{"start":{"line":400,"column":6},"end":{"line":405,"column":7}},"type":"if","locations":[{"start":{"line":400,"column":6},"end":{"line":405,"column":7}},{"start":{"line":400,"column":6},"end":{"line":405,"column":7}}]},"15":{"loc":{"start":{"line":413,"column":4},"end":{"line":433,"column":5}},"type":"if","locations":[{"start":{"line":413,"column":4},"end":{"line":433,"column":5}},{"start":{"line":413,"column":4},"end":{"line":433,"column":5}}]},"16":{"loc":{"start":{"line":413,"column":8},"end":{"line":413,"column":19}},"type":"binary-expr","locations":[{"start":{"line":413,"column":8},"end":{"line":413,"column":19}},{"start":{"line":413,"column":23},"end":{"line":413,"column":54}}]},"17":{"loc":{"start":{"line":416,"column":6},"end":{"line":432,"column":7}},"type":"if","locations":[{"start":{"line":416,"column":6},"end":{"line":432,"column":7}},{"start":{"line":416,"column":6},"end":{"line":432,"column":7}}]},"18":{"loc":{"start":{"line":416,"column":10},"end":{"line":416,"column":27}},"type":"binary-expr","locations":[{"start":{"line":416,"column":10},"end":{"line":416,"column":27}},{"start":{"line":416,"column":31},"end":{"line":416,"column":50}},{"start":{"line":416,"column":54},"end":{"line":416,"column":74}}]},"19":{"loc":{"start":{"line":446,"column":4},"end":{"line":454,"column":5}},"type":"if","locations":[{"start":{"line":446,"column":4},"end":{"line":454,"column":5}},{"start":{"line":446,"column":4},"end":{"line":454,"column":5}}]},"20":{"loc":{"start":{"line":446,"column":8},"end":{"line":446,"column":10}},"type":"binary-expr","locations":[{"start":{"line":446,"column":8},"end":{"line":446,"column":10}},{"start":{"line":446,"column":14},"end":{"line":446,"column":28}}]},"21":{"loc":{"start":{"line":470,"column":4},"end":{"line":472,"column":5}},"type":"if","locations":[{"start":{"line":470,"column":4},"end":{"line":472,"column":5}},{"start":{"line":470,"column":4},"end":{"line":472,"column":5}}]},"22":{"loc":{"start":{"line":470,"column":8},"end":{"line":470,"column":21}},"type":"binary-expr","locations":[{"start":{"line":470,"column":8},"end":{"line":470,"column":21}},{"start":{"line":470,"column":25},"end":{"line":470,"column":39}}]},"23":{"loc":{"start":{"line":476,"column":4},"end":{"line":588,"column":5}},"type":"if","locations":[{"start":{"line":476,"column":4},"end":{"line":588,"column":5}},{"start":{"line":476,"column":4},"end":{"line":588,"column":5}}]},"24":{"loc":{"start":{"line":483,"column":6},"end":{"line":485,"column":7}},"type":"if","locations":[{"start":{"line":483,"column":6},"end":{"line":485,"column":7}},{"start":{"line":483,"column":6},"end":{"line":485,"column":7}}]},"25":{"loc":{"start":{"line":483,"column":10},"end":{"line":483,"column":21}},"type":"binary-expr","locations":[{"start":{"line":483,"column":10},"end":{"line":483,"column":21}},{"start":{"line":483,"column":26},"end":{"line":483,"column":58}}]},"26":{"loc":{"start":{"line":487,"column":6},"end":{"line":587,"column":7}},"type":"if","locations":[{"start":{"line":487,"column":6},"end":{"line":587,"column":7}},{"start":{"line":487,"column":6},"end":{"line":587,"column":7}}]},"27":{"loc":{"start":{"line":487,"column":12},"end":{"line":487,"column":22}},"type":"binary-expr","locations":[{"start":{"line":487,"column":12},"end":{"line":487,"column":22}},{"start":{"line":487,"column":28},"end":{"line":487,"column":39}},{"start":{"line":487,"column":45},"end":{"line":487,"column":69}}]},"28":{"loc":{"start":{"line":489,"column":29},"end":{"line":489,"column":37}},"type":"cond-expr","locations":[{"start":{"line":489,"column":29},"end":{"line":489,"column":37}},{"start":{"line":489,"column":40},"end":{"line":489,"column":41}}]},"29":{"loc":{"start":{"line":490,"column":29},"end":{"line":490,"column":37}},"type":"cond-expr","locations":[{"start":{"line":490,"column":29},"end":{"line":490,"column":37}},{"start":{"line":490,"column":40},"end":{"line":490,"column":41}}]},"30":{"loc":{"start":{"line":494,"column":25},"end":{"line":494,"column":52}},"type":"cond-expr","locations":[{"start":{"line":494,"column":25},"end":{"line":494,"column":52}},{"start":{"line":494,"column":55},"end":{"line":494,"column":60}}]},"31":{"loc":{"start":{"line":502,"column":8},"end":{"line":586,"column":9}},"type":"if","locations":[{"start":{"line":502,"column":8},"end":{"line":586,"column":9}},{"start":{"line":502,"column":8},"end":{"line":586,"column":9}}]},"32":{"loc":{"start":{"line":505,"column":41},"end":{"line":508,"column":11}},"type":"cond-expr","locations":[{"start":{"line":505,"column":41},"end":{"line":508,"column":11}},{"start":{"line":508,"column":14},"end":{"line":508,"column":16}}]},"33":{"loc":{"start":{"line":529,"column":14},"end":{"line":545,"column":15}},"type":"if","locations":[{"start":{"line":529,"column":14},"end":{"line":545,"column":15}},{"start":{"line":529,"column":14},"end":{"line":545,"column":15}}]},"34":{"loc":{"start":{"line":529,"column":18},"end":{"line":529,"column":19}},"type":"binary-expr","locations":[{"start":{"line":529,"column":18},"end":{"line":529,"column":19}},{"start":{"line":529,"column":23},"end":{"line":529,"column":24}}]},"35":{"loc":{"start":{"line":530,"column":16},"end":{"line":544,"column":17}},"type":"if","locations":[{"start":{"line":530,"column":16},"end":{"line":544,"column":17}},{"start":{"line":530,"column":16},"end":{"line":544,"column":17}}]},"36":{"loc":{"start":{"line":530,"column":20},"end":{"line":530,"column":39}},"type":"binary-expr","locations":[{"start":{"line":530,"column":20},"end":{"line":530,"column":39}},{"start":{"line":530,"column":43},"end":{"line":530,"column":62}}]},"37":{"loc":{"start":{"line":533,"column":18},"end":{"line":543,"column":19}},"type":"if","locations":[{"start":{"line":533,"column":18},"end":{"line":543,"column":19}},{"start":{"line":533,"column":18},"end":{"line":543,"column":19}}]},"38":{"loc":{"start":{"line":537,"column":25},"end":{"line":543,"column":19}},"type":"if","locations":[{"start":{"line":537,"column":25},"end":{"line":543,"column":19}},{"start":{"line":537,"column":25},"end":{"line":543,"column":19}}]},"39":{"loc":{"start":{"line":540,"column":25},"end":{"line":543,"column":19}},"type":"if","locations":[{"start":{"line":540,"column":25},"end":{"line":543,"column":19}},{"start":{"line":540,"column":25},"end":{"line":543,"column":19}}]},"40":{"loc":{"start":{"line":560,"column":35},"end":{"line":560,"column":90}},"type":"if","locations":[{"start":{"line":560,"column":35},"end":{"line":560,"column":90}},{"start":{"line":560,"column":35},"end":{"line":560,"column":90}}]},"41":{"loc":{"start":{"line":573,"column":10},"end":{"line":577,"column":11}},"type":"if","locations":[{"start":{"line":573,"column":10},"end":{"line":577,"column":11}},{"start":{"line":573,"column":10},"end":{"line":577,"column":11}}]},"42":{"loc":{"start":{"line":573,"column":14},"end":{"line":573,"column":26}},"type":"binary-expr","locations":[{"start":{"line":573,"column":14},"end":{"line":573,"column":26}},{"start":{"line":573,"column":30},"end":{"line":573,"column":57}}]},"43":{"loc":{"start":{"line":582,"column":19},"end":{"line":582,"column":20}},"type":"cond-expr","locations":[{"start":{"line":582,"column":19},"end":{"line":582,"column":20}},{"start":{"line":582,"column":23},"end":{"line":582,"column":27}}]},"44":{"loc":{"start":{"line":596,"column":4},"end":{"line":607,"column":5}},"type":"if","locations":[{"start":{"line":596,"column":4},"end":{"line":607,"column":5}},{"start":{"line":596,"column":4},"end":{"line":607,"column":5}}]},"45":{"loc":{"start":{"line":604,"column":6},"end":{"line":606,"column":7}},"type":"if","locations":[{"start":{"line":604,"column":6},"end":{"line":606,"column":7}},{"start":{"line":604,"column":6},"end":{"line":606,"column":7}}]},"46":{"loc":{"start":{"line":615,"column":4},"end":{"line":634,"column":5}},"type":"if","locations":[{"start":{"line":615,"column":4},"end":{"line":634,"column":5}},{"start":{"line":615,"column":4},"end":{"line":634,"column":5}}]},"47":{"loc":{"start":{"line":629,"column":6},"end":{"line":633,"column":7}},"type":"if","locations":[{"start":{"line":629,"column":6},"end":{"line":633,"column":7}},{"start":{"line":629,"column":6},"end":{"line":633,"column":7}}]},"48":{"loc":{"start":{"line":654,"column":4},"end":{"line":656,"column":5}},"type":"if","locations":[{"start":{"line":654,"column":4},"end":{"line":656,"column":5}},{"start":{"line":654,"column":4},"end":{"line":656,"column":5}}]},"49":{"loc":{"start":{"line":654,"column":8},"end":{"line":654,"column":19}},"type":"binary-expr","locations":[{"start":{"line":654,"column":8},"end":{"line":654,"column":19}},{"start":{"line":654,"column":24},"end":{"line":654,"column":62}}]},"50":{"loc":{"start":{"line":658,"column":4},"end":{"line":664,"column":5}},"type":"if","locations":[{"start":{"line":658,"column":4},"end":{"line":664,"column":5}},{"start":{"line":658,"column":4},"end":{"line":664,"column":5}}]},"51":{"loc":{"start":{"line":659,"column":6},"end":{"line":659,"column":24}},"type":"binary-expr","locations":[{"start":{"line":659,"column":6},"end":{"line":659,"column":24}},{"start":{"line":660,"column":6},"end":{"line":660,"column":18}},{"start":{"line":661,"column":6},"end":{"line":661,"column":34}}]},"52":{"loc":{"start":{"line":673,"column":6},"end":{"line":675,"column":7}},"type":"if","locations":[{"start":{"line":673,"column":6},"end":{"line":675,"column":7}},{"start":{"line":673,"column":6},"end":{"line":675,"column":7}}]},"53":{"loc":{"start":{"line":673,"column":10},"end":{"line":673,"column":21}},"type":"binary-expr","locations":[{"start":{"line":673,"column":10},"end":{"line":673,"column":21}},{"start":{"line":673,"column":26},"end":{"line":673,"column":64}}]},"54":{"loc":{"start":{"line":684,"column":47},"end":{"line":684,"column":59}},"type":"binary-expr","locations":[{"start":{"line":684,"column":47},"end":{"line":684,"column":59}},{"start":{"line":684,"column":63},"end":{"line":684,"column":84}}]},"55":{"loc":{"start":{"line":686,"column":4},"end":{"line":692,"column":5}},"type":"if","locations":[{"start":{"line":686,"column":4},"end":{"line":692,"column":5}},{"start":{"line":686,"column":4},"end":{"line":692,"column":5}}]},"56":{"loc":{"start":{"line":686,"column":8},"end":{"line":686,"column":17}},"type":"binary-expr","locations":[{"start":{"line":686,"column":8},"end":{"line":686,"column":17}},{"start":{"line":686,"column":21},"end":{"line":686,"column":26}},{"start":{"line":686,"column":30},"end":{"line":686,"column":42}},{"start":{"line":686,"column":46},"end":{"line":686,"column":70}}]},"57":{"loc":{"start":{"line":698,"column":4},"end":{"line":708,"column":5}},"type":"if","locations":[{"start":{"line":698,"column":4},"end":{"line":708,"column":5}},{"start":{"line":698,"column":4},"end":{"line":708,"column":5}}]},"58":{"loc":{"start":{"line":700,"column":6},"end":{"line":702,"column":7}},"type":"if","locations":[{"start":{"line":700,"column":6},"end":{"line":702,"column":7}},{"start":{"line":700,"column":6},"end":{"line":702,"column":7}}]},"59":{"loc":{"start":{"line":700,"column":10},"end":{"line":700,"column":21}},"type":"binary-expr","locations":[{"start":{"line":700,"column":10},"end":{"line":700,"column":21}},{"start":{"line":700,"column":26},"end":{"line":700,"column":64}}]},"60":{"loc":{"start":{"line":712,"column":4},"end":{"line":714,"column":5}},"type":"if","locations":[{"start":{"line":712,"column":4},"end":{"line":714,"column":5}},{"start":{"line":712,"column":4},"end":{"line":714,"column":5}}]},"61":{"loc":{"start":{"line":729,"column":22},"end":{"line":729,"column":44}},"type":"if","locations":[{"start":{"line":729,"column":22},"end":{"line":729,"column":44}},{"start":{"line":729,"column":22},"end":{"line":729,"column":44}}]},"62":{"loc":{"start":{"line":730,"column":4},"end":{"line":734,"column":5}},"type":"if","locations":[{"start":{"line":730,"column":4},"end":{"line":734,"column":5}},{"start":{"line":730,"column":4},"end":{"line":734,"column":5}}]},"63":{"loc":{"start":{"line":744,"column":4},"end":{"line":746,"column":5}},"type":"if","locations":[{"start":{"line":744,"column":4},"end":{"line":746,"column":5}},{"start":{"line":744,"column":4},"end":{"line":746,"column":5}}]},"64":{"loc":{"start":{"line":755,"column":4},"end":{"line":758,"column":5}},"type":"if","locations":[{"start":{"line":755,"column":4},"end":{"line":758,"column":5}},{"start":{"line":755,"column":4},"end":{"line":758,"column":5}}]},"65":{"loc":{"start":{"line":755,"column":8},"end":{"line":755,"column":19}},"type":"binary-expr","locations":[{"start":{"line":755,"column":8},"end":{"line":755,"column":19}},{"start":{"line":755,"column":24},"end":{"line":755,"column":56}}]},"66":{"loc":{"start":{"line":763,"column":6},"end":{"line":775,"column":7}},"type":"if","locations":[{"start":{"line":763,"column":6},"end":{"line":775,"column":7}},{"start":{"line":763,"column":6},"end":{"line":775,"column":7}}]},"67":{"loc":{"start":{"line":764,"column":8},"end":{"line":774,"column":9}},"type":"if","locations":[{"start":{"line":764,"column":8},"end":{"line":774,"column":9}},{"start":{"line":764,"column":8},"end":{"line":774,"column":9}}]},"68":{"loc":{"start":{"line":782,"column":8},"end":{"line":793,"column":9}},"type":"if","locations":[{"start":{"line":782,"column":8},"end":{"line":793,"column":9}},{"start":{"line":782,"column":8},"end":{"line":793,"column":9}}]},"69":{"loc":{"start":{"line":783,"column":10},"end":{"line":792,"column":11}},"type":"if","locations":[{"start":{"line":783,"column":10},"end":{"line":792,"column":11}},{"start":{"line":783,"column":10},"end":{"line":792,"column":11}}]},"70":{"loc":{"start":{"line":799,"column":4},"end":{"line":811,"column":5}},"type":"if","locations":[{"start":{"line":799,"column":4},"end":{"line":811,"column":5}},{"start":{"line":799,"column":4},"end":{"line":811,"column":5}}]},"71":{"loc":{"start":{"line":799,"column":8},"end":{"line":799,"column":16}},"type":"binary-expr","locations":[{"start":{"line":799,"column":8},"end":{"line":799,"column":16}},{"start":{"line":799,"column":20},"end":{"line":799,"column":35}}]},"72":{"loc":{"start":{"line":813,"column":4},"end":{"line":821,"column":5}},"type":"if","locations":[{"start":{"line":813,"column":4},"end":{"line":821,"column":5}},{"start":{"line":813,"column":4},"end":{"line":821,"column":5}}]},"73":{"loc":{"start":{"line":813,"column":8},"end":{"line":813,"column":16}},"type":"binary-expr","locations":[{"start":{"line":813,"column":8},"end":{"line":813,"column":16}},{"start":{"line":813,"column":20},"end":{"line":813,"column":58}}]},"74":{"loc":{"start":{"line":197,"column":36},"end":{"line":197,"column":62}},"type":"cond-expr","locations":[{"start":{"line":197,"column":36},"end":{"line":197,"column":62}},{"start":{"line":197,"column":65},"end":{"line":197,"column":66}}]},"75":{"loc":{"start":{"line":199,"column":35},"end":{"line":199,"column":60}},"type":"cond-expr","locations":[{"start":{"line":199,"column":35},"end":{"line":199,"column":60}},{"start":{"line":199,"column":63},"end":{"line":199,"column":64}}]},"76":{"loc":{"start":{"line":211,"column":4},"end":{"line":215,"column":5}},"type":"if","locations":[{"start":{"line":211,"column":4},"end":{"line":215,"column":5}},{"start":{"line":211,"column":4},"end":{"line":215,"column":5}}]},"77":{"loc":{"start":{"line":226,"column":4},"end":{"line":232,"column":5}},"type":"if","locations":[{"start":{"line":226,"column":4},"end":{"line":232,"column":5}},{"start":{"line":226,"column":4},"end":{"line":232,"column":5}}]},"78":{"loc":{"start":{"line":227,"column":6},"end":{"line":227,"column":38}},"type":"binary-expr","locations":[{"start":{"line":227,"column":6},"end":{"line":227,"column":38}},{"start":{"line":228,"column":6},"end":{"line":228,"column":36}}]},"79":{"loc":{"start":{"line":251,"column":6},"end":{"line":261,"column":7}},"type":"if","locations":[{"start":{"line":251,"column":6},"end":{"line":261,"column":7}},{"start":{"line":251,"column":6},"end":{"line":261,"column":7}}]},"80":{"loc":{"start":{"line":252,"column":8},"end":{"line":254,"column":9}},"type":"if","locations":[{"start":{"line":252,"column":8},"end":{"line":254,"column":9}},{"start":{"line":252,"column":8},"end":{"line":254,"column":9}}]},"81":{"loc":{"start":{"line":255,"column":8},"end":{"line":257,"column":9}},"type":"if","locations":[{"start":{"line":255,"column":8},"end":{"line":257,"column":9}},{"start":{"line":255,"column":8},"end":{"line":257,"column":9}}]},"82":{"loc":{"start":{"line":258,"column":8},"end":{"line":260,"column":9}},"type":"if","locations":[{"start":{"line":258,"column":8},"end":{"line":260,"column":9}},{"start":{"line":258,"column":8},"end":{"line":260,"column":9}}]},"83":{"loc":{"start":{"line":268,"column":6},"end":{"line":268,"column":124}},"type":"cond-expr","locations":[{"start":{"line":268,"column":6},"end":{"line":268,"column":124}},{"start":{"line":269,"column":6},"end":{"line":269,"column":39}}]},"84":{"loc":{"start":{"line":267,"column":19},"end":{"line":267,"column":39}},"type":"binary-expr","locations":[{"start":{"line":267,"column":19},"end":{"line":267,"column":39}},{"start":{"line":267,"column":43},"end":{"line":267,"column":63}}]},"85":{"loc":{"start":{"line":271,"column":4},"end":{"line":299,"column":5}},"type":"if","locations":[{"start":{"line":271,"column":4},"end":{"line":299,"column":5}},{"start":{"line":271,"column":4},"end":{"line":299,"column":5}}]},"86":{"loc":{"start":{"line":285,"column":12},"end":{"line":292,"column":14}},"type":"cond-expr","locations":[{"start":{"line":285,"column":12},"end":{"line":292,"column":14}},{"start":{"line":293,"column":14},"end":{"line":293,"column":18}}]},"87":{"loc":{"start":{"line":330,"column":30},"end":{"line":330,"column":40}},"type":"cond-expr","locations":[{"start":{"line":330,"column":30},"end":{"line":330,"column":40}},{"start":{"line":330,"column":43},"end":{"line":330,"column":59}}]},"88":{"loc":{"start":{"line":332,"column":4},"end":{"line":343,"column":5}},"type":"if","locations":[{"start":{"line":332,"column":4},"end":{"line":343,"column":5}},{"start":{"line":332,"column":4},"end":{"line":343,"column":5}}]},"89":{"loc":{"start":{"line":333,"column":6},"end":{"line":342,"column":7}},"type":"if","locations":[{"start":{"line":333,"column":6},"end":{"line":342,"column":7}},{"start":{"line":333,"column":6},"end":{"line":342,"column":7}}]},"90":{"loc":{"start":{"line":345,"column":4},"end":{"line":350,"column":5}},"type":"if","locations":[{"start":{"line":345,"column":4},"end":{"line":350,"column":5}},{"start":{"line":345,"column":4},"end":{"line":350,"column":5}}]},"91":{"loc":{"start":{"line":827,"column":4},"end":{"line":836,"column":5}},"type":"if","locations":[{"start":{"line":827,"column":4},"end":{"line":836,"column":5}},{"start":{"line":827,"column":4},"end":{"line":836,"column":5}}]},"92":{"loc":{"start":{"line":847,"column":6},"end":{"line":881,"column":7}},"type":"if","locations":[{"start":{"line":847,"column":6},"end":{"line":881,"column":7}},{"start":{"line":847,"column":6},"end":{"line":881,"column":7}}]},"93":{"loc":{"start":{"line":856,"column":25},"end":{"line":856,"column":52}},"type":"cond-expr","locations":[{"start":{"line":856,"column":25},"end":{"line":856,"column":52}},{"start":{"line":856,"column":55},"end":{"line":856,"column":60}}]},"94":{"loc":{"start":{"line":911,"column":4},"end":{"line":971,"column":5}},"type":"if","locations":[{"start":{"line":911,"column":4},"end":{"line":971,"column":5}},{"start":{"line":911,"column":4},"end":{"line":971,"column":5}}]},"95":{"loc":{"start":{"line":912,"column":6},"end":{"line":915,"column":7}},"type":"if","locations":[{"start":{"line":912,"column":6},"end":{"line":915,"column":7}},{"start":{"line":912,"column":6},"end":{"line":915,"column":7}}]},"96":{"loc":{"start":{"line":916,"column":6},"end":{"line":919,"column":7}},"type":"if","locations":[{"start":{"line":916,"column":6},"end":{"line":919,"column":7}},{"start":{"line":916,"column":6},"end":{"line":919,"column":7}}]},"97":{"loc":{"start":{"line":920,"column":6},"end":{"line":970,"column":7}},"type":"if","locations":[{"start":{"line":920,"column":6},"end":{"line":970,"column":7}},{"start":{"line":920,"column":6},"end":{"line":970,"column":7}}]},"98":{"loc":{"start":{"line":920,"column":10},"end":{"line":920,"column":18}},"type":"binary-expr","locations":[{"start":{"line":920,"column":10},"end":{"line":920,"column":18}},{"start":{"line":920,"column":22},"end":{"line":920,"column":36}}]},"99":{"loc":{"start":{"line":924,"column":10},"end":{"line":928,"column":11}},"type":"if","locations":[{"start":{"line":924,"column":10},"end":{"line":928,"column":11}},{"start":{"line":924,"column":10},"end":{"line":928,"column":11}}]},"100":{"loc":{"start":{"line":924,"column":15},"end":{"line":924,"column":45}},"type":"binary-expr","locations":[{"start":{"line":924,"column":15},"end":{"line":924,"column":45}},{"start":{"line":924,"column":49},"end":{"line":924,"column":84}},{"start":{"line":925,"column":13},"end":{"line":925,"column":44}},{"start":{"line":925,"column":48},"end":{"line":925,"column":76}}]},"101":{"loc":{"start":{"line":929,"column":10},"end":{"line":933,"column":11}},"type":"if","locations":[{"start":{"line":929,"column":10},"end":{"line":933,"column":11}},{"start":{"line":929,"column":10},"end":{"line":933,"column":11}}]},"102":{"loc":{"start":{"line":929,"column":15},"end":{"line":929,"column":45}},"type":"binary-expr","locations":[{"start":{"line":929,"column":15},"end":{"line":929,"column":45}},{"start":{"line":929,"column":49},"end":{"line":929,"column":85}},{"start":{"line":930,"column":13},"end":{"line":930,"column":42}},{"start":{"line":930,"column":46},"end":{"line":930,"column":76}}]},"103":{"loc":{"start":{"line":934,"column":10},"end":{"line":952,"column":11}},"type":"if","locations":[{"start":{"line":934,"column":10},"end":{"line":952,"column":11}},{"start":{"line":934,"column":10},"end":{"line":952,"column":11}}]}},"s":{"0":9,"1":9,"2":9,"3":9,"4":9,"5":9,"6":0,"7":0,"8":0,"9":0,"10":9,"11":7,"12":7,"13":0,"14":0,"15":0,"16":0,"17":0,"18":0,"19":0,"20":7,"21":9,"22":9,"23":9,"24":9,"25":9,"26":15,"27":15,"28":15,"29":15,"30":15,"31":15,"32":15,"33":15,"34":15,"35":15,"36":0,"37":0,"38":0,"39":0,"40":0,"41":0,"42":15,"43":15,"44":15,"45":15,"46":0,"47":0,"48":0,"49":0,"50":0,"51":15,"52":0,"53":0,"54":0,"55":0,"56":0,"57":0,"58":15,"59":15,"60":15,"61":15,"62":0,"63":15,"64":15,"65":6,"66":6,"67":6,"68":0,"69":0,"70":15,"71":15,"72":15,"73":4,"74":4,"75":4,"76":1,"77":1,"78":1,"79":1,"80":1,"81":1,"82":1,"83":0,"84":0,"85":1,"86":15,"87":19,"88":19,"89":12,"90":19,"91":15,"92":19,"93":19,"94":12,"95":7,"96":7,"97":7,"98":7,"99":7,"100":1,"101":7,"102":7,"103":7,"104":7,"105":7,"106":0,"107":7,"108":7,"109":7,"110":7,"111":7,"112":7,"113":7,"114":0,"115":0,"116":0,"117":0,"118":0,"119":0,"120":0,"121":0,"122":0,"123":0,"124":0,"125":0,"126":0,"127":7,"128":0,"129":7,"130":7,"131":7,"132":7,"133":7,"134":7,"135":7,"136":0,"137":7,"138":0,"139":15,"140":20,"141":20,"142":19,"143":19,"144":1,"145":15,"146":20,"147":20,"148":19,"149":19,"150":1,"151":15,"152":0,"153":0,"154":0,"155":0,"156":0,"157":0,"158":15,"159":6,"160":0,"161":0,"162":0,"163":0,"164":15,"165":0,"166":0,"167":0,"168":0,"169":0,"170":0,"171":0,"172":15,"173":0,"174":0,"175":0,"176":0,"177":0,"178":0,"179":15,"180":0,"181":0,"182":15,"183":0,"184":15,"185":0,"186":15,"187":3,"188":15,"189":0,"190":0,"191":0,"192":0,"193":15,"194":6,"195":6,"196":15,"197":6,"198":3,"199":6,"200":15,"201":15,"202":15,"203":15,"204":4,"205":4,"206":15,"207":20,"208":20,"209":20,"210":0,"211":0,"212":0,"213":0,"214":20,"215":15,"216":20,"217":20,"218":20,"219":0,"220":0,"221":0,"222":0,"223":20,"224":0,"225":15,"226":3,"227":15,"228":6,"229":15,"230":15,"231":15,"232":15,"233":9,"234":0,"235":9,"236":15,"237":2,"238":15,"239":15,"240":9,"241":0,"242":0,"243":9,"244":0,"245":0,"246":0,"247":9,"248":6,"249":6,"250":3,"251":0,"252":3,"253":2,"254":3,"255":1,"256":6,"257":15,"258":15,"259":15,"260":6,"261":6,"262":9,"263":9,"264":15,"265":15,"266":15,"267":15,"268":6,"269":0,"270":0,"271":0,"272":6,"273":15,"274":15,"275":0,"276":0,"277":0,"278":9,"279":0,"280":0,"281":0,"282":0,"283":0,"284":0,"285":0,"286":0,"287":9,"288":0,"289":0,"290":0,"291":0,"292":0,"293":0,"294":0,"295":0,"296":0,"297":0,"298":0,"299":0,"300":9,"301":7,"302":7,"303":7,"304":1,"305":0,"306":0,"307":1,"308":0,"309":0,"310":1,"311":0,"312":0,"313":0,"314":0,"315":0,"316":0,"317":0,"318":0,"319":0,"320":1,"321":1,"322":1,"323":7,"324":9,"325":9},"f":{"0":0,"1":7,"2":9,"3":15,"4":0,"5":15,"6":0,"7":0,"8":15,"9":0,"10":1,"11":0,"12":19,"13":19,"14":7,"15":7,"16":7,"17":0,"18":7,"19":20,"20":20,"21":0,"22":6,"23":0,"24":0,"25":0,"26":0,"27":0,"28":0,"29":0,"30":3,"31":0,"32":6,"33":6,"34":15,"35":20,"36":0,"37":20,"38":0,"39":0,"40":15,"41":0,"42":0,"43":15,"44":6,"45":15,"46":0,"47":0,"48":0,"49":0,"50":0,"51":7,"52":0},"b":{"0":[0,7],"1":[0,0,0],"2":[15,15],"3":[0,0],"4":[15,0],"5":[0,0],"6":[0,0],"7":[0,0],"8":[0,0],"9":[0,0],"10":[0,0],"11":[0,0],"12":[0,15],"13":[6,9],"14":[6,0],"15":[4,11],"16":[15,6],"17":[1,3],"18":[4,4,1],"19":[12,7],"20":[19,12],"21":[12,7],"22":[19,12],"23":[7,0],"24":[1,6],"25":[7,1],"26":[7,0],"27":[7,7,0],"28":[0,7],"29":[0,7],"30":[0,7],"31":[0,7],"32":[1,6],"33":[0,7],"34":[7,0],"35":[0,0],"36":[0,0],"37":[0,0],"38":[0,0],"39":[0,0],"40":[7,0],"41":[0,7],"42":[7,0],"43":[0,7],"44":[19,1],"45":[19,0],"46":[19,1],"47":[19,0],"48":[0,0],"49":[0,0],"50":[0,0],"51":[0,0,0],"52":[0,0],"53":[0,0],"54":[0,0],"55":[0,0],"56":[0,0,0,0],"57":[0,0],"58":[0,0],"59":[0,0],"60":[0,0],"61":[0,0],"62":[0,0],"63":[3,3],"64":[4,11],"65":[15,6],"66":[20,0],"67":[0,20],"68":[20,0],"69":[0,20],"70":[3,12],"71":[15,12],"72":[6,9],"73":[15,12],"74":[6,9],"75":[6,9],"76":[2,13],"77":[0,0],"78":[0,0],"79":[3,3],"80":[0,3],"81":[2,1],"82":[1,2],"83":[3,12],"84":[15,14],"85":[6,9],"86":[0,6],"87":[6,9],"88":[6,9],"89":[0,6],"90":[0,15],"91":[0,0],"92":[0,0],"93":[0,0],"94":[1,6],"95":[0,1],"96":[0,1],"97":[0,1],"98":[1,0],"99":[0,0],"100":[0,0,0,0],"101":[0,0],"102":[0,0,0,0],"103":[0,0]}}
,"C:\\Users\\chetm\\projects\\react-layout-generator\\src\\RLGPanel.tsx": {"path":"C:\\Users\\chetm\\projects\\react-layout-generator\\src\\RLGPanel.tsx","statementMap":{"0":{"start":{"line":1,"column":0},"end":{"line":1,"column":30}},"1":{"start":{"line":32,"column":0},"end":{"line":32,"column":45}},"2":{"start":{"line":32,"column":30},"end":{"line":32,"column":77}},"3":{"start":{"line":34,"column":4},"end":{"line":34,"column":16}},"4":{"start":{"line":36,"column":4},"end":{"line":44,"column":5}},"5":{"start":{"line":37,"column":6},"end":{"line":39,"column":8}},"6":{"start":{"line":41,"column":6},"end":{"line":43,"column":8}},"7":{"start":{"line":47,"column":9},"end":{"line":55,"column":3}},"8":{"start":{"line":48,"column":4},"end":{"line":54,"column":5}},"9":{"start":{"line":49,"column":6},"end":{"line":53,"column":7}},"10":{"start":{"line":50,"column":8},"end":{"line":52,"column":11}},"11":{"start":{"line":57,"column":9},"end":{"line":76,"column":3}},"12":{"start":{"line":58,"column":35},"end":{"line":66,"column":5}},"13":{"start":{"line":70,"column":4},"end":{"line":75,"column":6}},"14":{"start":{"line":77,"column":0},"end":{"line":77,"column":1}},"15":{"start":{"line":32,"column":13},"end":{"line":32,"column":21}}},"fnMap":{"0":{"name":"(anonymous_6)","decl":{"start":{"line":32,"column":0},"end":{"line":null,"column":-1}},"loc":{"start":{"line":32,"column":0},"end":{"line":32,"column":-1}}},"1":{"name":"RLGPanel","decl":{"start":{"line":33,"column":2},"end":{"line":33,"column":13}},"loc":{"start":{"line":33,"column":35},"end":{"line":45,"column":3}}},"2":{"name":"(anonymous_8)","decl":{"start":{"line":47,"column":2},"end":{"line":47,"column":34}},"loc":{"start":{"line":47,"column":56},"end":{"line":55,"column":3}}},"3":{"name":"(anonymous_9)","decl":{"start":{"line":57,"column":2},"end":{"line":null,"column":-1}},"loc":{"start":{"line":57,"column":2},"end":{"line":76,"column":3}}}},"branchMap":{"0":{"loc":{"start":{"line":34,"column":4},"end":{"line":34,"column":16}},"type":"binary-expr","locations":[{"start":{"line":34,"column":4},"end":{"line":34,"column":16}},{"start":{"line":34,"column":16},"end":{"line":45,"column":2}}]},"1":{"loc":{"start":{"line":36,"column":4},"end":{"line":44,"column":5}},"type":"if","locations":[{"start":{"line":36,"column":4},"end":{"line":44,"column":5}},{"start":{"line":36,"column":4},"end":{"line":44,"column":5}}]},"2":{"loc":{"start":{"line":48,"column":4},"end":{"line":54,"column":5}},"type":"if","locations":[{"start":{"line":48,"column":4},"end":{"line":54,"column":5}},{"start":{"line":48,"column":4},"end":{"line":54,"column":5}}]},"3":{"loc":{"start":{"line":49,"column":6},"end":{"line":53,"column":7}},"type":"if","locations":[{"start":{"line":49,"column":6},"end":{"line":53,"column":7}},{"start":{"line":49,"column":6},"end":{"line":53,"column":7}}]}},"s":{"0":2,"1":2,"2":2,"3":0,"4":0,"5":0,"6":0,"7":2,"8":0,"9":0,"10":0,"11":2,"12":0,"13":0,"14":2,"15":2},"f":{"0":2,"1":0,"2":0,"3":0},"b":{"0":[0,0],"1":[0,0],"2":[0,0],"3":[0,0]}}
,"C:\\Users\\chetm\\projects\\react-layout-generator\\src\\RLGPromise.tsx": {"path":"C:\\Users\\chetm\\projects\\react-layout-generator\\src\\RLGPromise.tsx","statementMap":{"0":{"start":{"line":1,"column":0},"end":{"line":1,"column":30}},"1":{"start":{"line":26,"column":0},"end":{"line":26,"column":47}},"2":{"start":{"line":26,"column":32},"end":{"line":26,"column":83}},"3":{"start":{"line":29,"column":4},"end":{"line":29,"column":16}},"4":{"start":{"line":41,"column":9},"end":{"line":43,"column":3}},"5":{"start":{"line":42,"column":4},"end":{"line":42,"column":47}},"6":{"start":{"line":30,"column":4},"end":{"line":30,"column":28}},"7":{"start":{"line":33,"column":9},"end":{"line":39,"column":3}},"8":{"start":{"line":34,"column":14},"end":{"line":34,"column":32}},"9":{"start":{"line":35,"column":4},"end":{"line":38,"column":5}},"10":{"start":{"line":36,"column":26},"end":{"line":36,"column":69}},"11":{"start":{"line":37,"column":6},"end":{"line":37,"column":32}},"12":{"start":{"line":45,"column":9},"end":{"line":55,"column":3}},"13":{"start":{"line":46,"column":4},"end":{"line":46,"column":34}},"14":{"start":{"line":47,"column":14},"end":{"line":47,"column":32}},"15":{"start":{"line":48,"column":4},"end":{"line":53,"column":5}},"16":{"start":{"line":49,"column":16},"end":{"line":49,"column":50}},"17":{"start":{"line":50,"column":6},"end":{"line":52,"column":7}},"18":{"start":{"line":51,"column":8},"end":{"line":51,"column":46}},"19":{"start":{"line":54,"column":4},"end":{"line":54,"column":42}},"20":{"start":{"line":56,"column":0},"end":{"line":56,"column":1}},"21":{"start":{"line":26,"column":13},"end":{"line":26,"column":23}}},"fnMap":{"0":{"name":"(anonymous_6)","decl":{"start":{"line":26,"column":0},"end":{"line":null,"column":-1}},"loc":{"start":{"line":26,"column":0},"end":{"line":26,"column":-1}}},"1":{"name":"RLGPromise","decl":{"start":{"line":28,"column":2},"end":{"line":28,"column":13}},"loc":{"start":{"line":28,"column":37},"end":{"line":31,"column":3}}},"2":{"name":"(anonymous_8)","decl":{"start":{"line":41,"column":18},"end":{"line":null,"column":-1}},"loc":{"start":{"line":41,"column":18},"end":{"line":43,"column":3}}},"3":{"name":"(anonymous_9)","decl":{"start":{"line":33,"column":2},"end":{"line":null,"column":-1}},"loc":{"start":{"line":33,"column":2},"end":{"line":39,"column":3}}},"4":{"name":"(anonymous_10)","decl":{"start":{"line":45,"column":2},"end":{"line":null,"column":-1}},"loc":{"start":{"line":45,"column":2},"end":{"line":55,"column":3}}}},"branchMap":{"0":{"loc":{"start":{"line":29,"column":4},"end":{"line":29,"column":16}},"type":"binary-expr","locations":[{"start":{"line":29,"column":4},"end":{"line":29,"column":16}},{"start":{"line":29,"column":16},"end":{"line":31,"column":2}}]},"1":{"loc":{"start":{"line":35,"column":4},"end":{"line":38,"column":5}},"type":"if","locations":[{"start":{"line":35,"column":4},"end":{"line":38,"column":5}},{"start":{"line":35,"column":4},"end":{"line":38,"column":5}}]},"2":{"loc":{"start":{"line":48,"column":4},"end":{"line":53,"column":5}},"type":"if","locations":[{"start":{"line":48,"column":4},"end":{"line":53,"column":5}},{"start":{"line":48,"column":4},"end":{"line":53,"column":5}}]},"3":{"loc":{"start":{"line":50,"column":6},"end":{"line":52,"column":7}},"type":"if","locations":[{"start":{"line":50,"column":6},"end":{"line":52,"column":7}},{"start":{"line":50,"column":6},"end":{"line":52,"column":7}}]},"4":{"loc":{"start":{"line":50,"column":10},"end":{"line":50,"column":11}},"type":"binary-expr","locations":[{"start":{"line":50,"column":10},"end":{"line":50,"column":11}},{"start":{"line":50,"column":15},"end":{"line":50,"column":24}},{"start":{"line":50,"column":28},"end":{"line":50,"column":50}}]}},"s":{"0":1,"1":1,"2":1,"3":0,"4":0,"5":0,"6":0,"7":1,"8":0,"9":0,"10":0,"11":0,"12":1,"13":0,"14":0,"15":0,"16":0,"17":0,"18":0,"19":0,"20":1,"21":1},"f":{"0":1,"1":0,"2":0,"3":0,"4":0},"b":{"0":[0,0],"1":[0,0],"2":[0,0],"3":[0,0],"4":[0,0,0]}}
,"C:\\Users\\chetm\\projects\\react-layout-generator\\src\\RLGPromiseResolve.tsx": {"path":"C:\\Users\\chetm\\projects\\react-layout-generator\\src\\RLGPromiseResolve.tsx","statementMap":{"0":{"start":{"line":1,"column":0},"end":{"line":1,"column":30}},"1":{"start":{"line":27,"column":0},"end":{"line":27,"column":54}},"2":{"start":{"line":27,"column":39},"end":{"line":27,"column":79}},"3":{"start":{"line":33,"column":9},"end":{"line":45,"column":3}},"4":{"start":{"line":34,"column":14},"end":{"line":34,"column":32}},"5":{"start":{"line":35,"column":4},"end":{"line":35,"column":37}},"6":{"start":{"line":36,"column":4},"end":{"line":44,"column":5}},"7":{"start":{"line":37,"column":16},"end":{"line":37,"column":50}},"8":{"start":{"line":38,"column":6},"end":{"line":43,"column":7}},"9":{"start":{"line":39,"column":8},"end":{"line":39,"column":35}},"10":{"start":{"line":40,"column":8},"end":{"line":40,"column":34}},"11":{"start":{"line":41,"column":8},"end":{"line":41,"column":19}},"12":{"start":{"line":42,"column":8},"end":{"line":42,"column":48}},"13":{"start":{"line":47,"column":9},"end":{"line":49,"column":3}},"14":{"start":{"line":48,"column":4},"end":{"line":48,"column":15}},"15":{"start":{"line":50,"column":0},"end":{"line":50,"column":1}},"16":{"start":{"line":27,"column":13},"end":{"line":27,"column":30}}},"fnMap":{"0":{"name":"(anonymous_6)","decl":{"start":{"line":27,"column":0},"end":{"line":null,"column":-1}},"loc":{"start":{"line":27,"column":0},"end":{"line":27,"column":-1}}},"1":{"name":"RLGPromiseResolve","decl":{"start":{"line":29,"column":2},"end":{"line":29,"column":13}},"loc":{"start":{"line":29,"column":44},"end":{"line":31,"column":3}}},"2":{"name":"(anonymous_8)","decl":{"start":{"line":33,"column":2},"end":{"line":null,"column":-1}},"loc":{"start":{"line":33,"column":2},"end":{"line":45,"column":3}}},"3":{"name":"(anonymous_9)","decl":{"start":{"line":47,"column":2},"end":{"line":null,"column":-1}},"loc":{"start":{"line":47,"column":2},"end":{"line":49,"column":3}}}},"branchMap":{"0":{"loc":{"start":{"line":30,"column":4},"end":{"line":30,"column":16}},"type":"binary-expr","locations":[{"start":{"line":30,"column":4},"end":{"line":30,"column":16}},{"start":{"line":30,"column":16},"end":{"line":null,"column":-1}}]},"1":{"loc":{"start":{"line":36,"column":4},"end":{"line":44,"column":5}},"type":"if","locations":[{"start":{"line":36,"column":4},"end":{"line":44,"column":5}},{"start":{"line":36,"column":4},"end":{"line":44,"column":5}}]},"2":{"loc":{"start":{"line":38,"column":6},"end":{"line":43,"column":7}},"type":"if","locations":[{"start":{"line":38,"column":6},"end":{"line":43,"column":7}},{"start":{"line":38,"column":6},"end":{"line":43,"column":7}}]},"3":{"loc":{"start":{"line":38,"column":10},"end":{"line":38,"column":11}},"type":"binary-expr","locations":[{"start":{"line":38,"column":10},"end":{"line":38,"column":11}},{"start":{"line":38,"column":15},"end":{"line":38,"column":23}}]}},"s":{"0":1,"1":1,"2":1,"3":1,"4":1,"5":1,"6":1,"7":1,"8":1,"9":0,"10":0,"11":0,"12":0,"13":1,"14":1,"15":1,"16":1},"f":{"0":1,"1":1,"2":1,"3":1},"b":{"0":[1,1],"1":[1,0],"2":[0,1],"3":[1,0]}}
,"C:\\Users\\chetm\\projects\\react-layout-generator\\src\\types.ts": {"path":"C:\\Users\\chetm\\projects\\react-layout-generator\\src\\types.ts","statementMap":{"0":{"start":{"line":12,"column":0},"end":{"line":29,"column":1}},"1":{"start":{"line":16,"column":2},"end":{"line":16,"column":13}},"2":{"start":{"line":20,"column":2},"end":{"line":20,"column":8}},"3":{"start":{"line":24,"column":2},"end":{"line":24,"column":8}},"4":{"start":{"line":28,"column":2},"end":{"line":28,"column":6}},"5":{"start":{"line":47,"column":0},"end":{"line":100,"column":1}},"6":{"start":{"line":54,"column":2},"end":{"line":54,"column":11}},"7":{"start":{"line":61,"column":2},"end":{"line":61,"column":9}},"8":{"start":{"line":69,"column":2},"end":{"line":69,"column":10}},"9":{"start":{"line":74,"column":2},"end":{"line":74,"column":15}},"10":{"start":{"line":79,"column":2},"end":{"line":79,"column":16}},"11":{"start":{"line":89,"column":2},"end":{"line":89,"column":11}},"12":{"start":{"line":94,"column":2},"end":{"line":94,"column":16}},"13":{"start":{"line":99,"column":2},"end":{"line":99,"column":17}},"14":{"start":{"line":107,"column":2},"end":{"line":107,"column":46}},"15":{"start":{"line":106,"column":0},"end":{"line":108,"column":1}},"16":{"start":{"line":115,"column":15},"end":{"line":115,"column":16}},"17":{"start":{"line":116,"column":2},"end":{"line":121,"column":3}},"18":{"start":{"line":120,"column":4},"end":{"line":120,"column":16}},"19":{"start":{"line":122,"column":2},"end":{"line":122,"column":15}},"20":{"start":{"line":114,"column":0},"end":{"line":123,"column":1}},"21":{"start":{"line":130,"column":12},"end":{"line":130,"column":23}},"22":{"start":{"line":131,"column":2},"end":{"line":163,"column":3}},"23":{"start":{"line":133,"column":6},"end":{"line":133,"column":23}},"24":{"start":{"line":136,"column":6},"end":{"line":136,"column":25}},"25":{"start":{"line":139,"column":6},"end":{"line":139,"column":27}},"26":{"start":{"line":142,"column":6},"end":{"line":149,"column":7}},"27":{"start":{"line":144,"column":10},"end":{"line":144,"column":36}},"28":{"start":{"line":147,"column":10},"end":{"line":147,"column":36}},"29":{"start":{"line":150,"column":6},"end":{"line":150,"column":11}},"30":{"start":{"line":153,"column":6},"end":{"line":160,"column":7}},"31":{"start":{"line":155,"column":10},"end":{"line":155,"column":35}},"32":{"start":{"line":158,"column":10},"end":{"line":158,"column":36}},"33":{"start":{"line":161,"column":6},"end":{"line":161,"column":11}},"34":{"start":{"line":164,"column":2},"end":{"line":164,"column":19}},"35":{"start":{"line":129,"column":0},"end":{"line":165,"column":1}},"36":{"start":{"line":172,"column":13},"end":{"line":172,"column":22}},"37":{"start":{"line":173,"column":2},"end":{"line":207,"column":3}},"38":{"start":{"line":175,"column":6},"end":{"line":175,"column":20}},"39":{"start":{"line":176,"column":6},"end":{"line":176,"column":11}},"40":{"start":{"line":179,"column":6},"end":{"line":179,"column":22}},"41":{"start":{"line":180,"column":6},"end":{"line":180,"column":11}},"42":{"start":{"line":183,"column":6},"end":{"line":183,"column":23}},"43":{"start":{"line":184,"column":6},"end":{"line":184,"column":11}},"44":{"start":{"line":187,"column":6},"end":{"line":187,"column":28}},"45":{"start":{"line":188,"column":6},"end":{"line":188,"column":11}},"46":{"start":{"line":191,"column":6},"end":{"line":191,"column":29}},"47":{"start":{"line":192,"column":6},"end":{"line":192,"column":11}},"48":{"start":{"line":196,"column":6},"end":{"line":196,"column":24}},"49":{"start":{"line":197,"column":6},"end":{"line":197,"column":11}},"50":{"start":{"line":200,"column":6},"end":{"line":200,"column":29}},"51":{"start":{"line":201,"column":6},"end":{"line":201,"column":11}},"52":{"start":{"line":204,"column":6},"end":{"line":204,"column":30}},"53":{"start":{"line":205,"column":6},"end":{"line":205,"column":11}},"54":{"start":{"line":208,"column":2},"end":{"line":208,"column":13}},"55":{"start":{"line":171,"column":0},"end":{"line":209,"column":1}},"56":{"start":{"line":215,"column":0},"end":{"line":236,"column":1}},"57":{"start":{"line":217,"column":2},"end":{"line":217,"column":10}},"58":{"start":{"line":219,"column":2},"end":{"line":219,"column":10}},"59":{"start":{"line":221,"column":2},"end":{"line":221,"column":5}},"60":{"start":{"line":223,"column":2},"end":{"line":223,"column":8}},"61":{"start":{"line":225,"column":2},"end":{"line":225,"column":6}},"62":{"start":{"line":227,"column":2},"end":{"line":227,"column":7}},"63":{"start":{"line":229,"column":2},"end":{"line":229,"column":9}},"64":{"start":{"line":231,"column":2},"end":{"line":231,"column":10}},"65":{"start":{"line":233,"column":2},"end":{"line":233,"column":12}},"66":{"start":{"line":235,"column":2},"end":{"line":235,"column":13}},"67":{"start":{"line":243,"column":13},"end":{"line":243,"column":22}},"68":{"start":{"line":244,"column":2},"end":{"line":281,"column":3}},"69":{"start":{"line":246,"column":6},"end":{"line":246,"column":23}},"70":{"start":{"line":247,"column":6},"end":{"line":247,"column":11}},"71":{"start":{"line":250,"column":6},"end":{"line":250,"column":18}},"72":{"start":{"line":251,"column":6},"end":{"line":251,"column":11}},"73":{"start":{"line":254,"column":6},"end":{"line":254,"column":21}},"74":{"start":{"line":255,"column":6},"end":{"line":255,"column":11}},"75":{"start":{"line":258,"column":6},"end":{"line":258,"column":19}},"76":{"start":{"line":259,"column":6},"end":{"line":259,"column":11}},"77":{"start":{"line":262,"column":6},"end":{"line":262,"column":20}},"78":{"start":{"line":263,"column":6},"end":{"line":263,"column":11}},"79":{"start":{"line":266,"column":6},"end":{"line":266,"column":22}},"80":{"start":{"line":267,"column":6},"end":{"line":267,"column":11}},"81":{"start":{"line":270,"column":6},"end":{"line":270,"column":23}},"82":{"start":{"line":271,"column":6},"end":{"line":271,"column":11}},"83":{"start":{"line":274,"column":6},"end":{"line":274,"column":25}},"84":{"start":{"line":275,"column":6},"end":{"line":275,"column":11}},"85":{"start":{"line":278,"column":6},"end":{"line":278,"column":26}},"86":{"start":{"line":279,"column":6},"end":{"line":279,"column":11}},"87":{"start":{"line":282,"column":2},"end":{"line":282,"column":13}},"88":{"start":{"line":242,"column":0},"end":{"line":283,"column":1}},"89":{"start":{"line":288,"column":0},"end":{"line":334,"column":1}},"90":{"start":{"line":293,"column":2},"end":{"line":293,"column":10}},"91":{"start":{"line":298,"column":2},"end":{"line":298,"column":15}},"92":{"start":{"line":303,"column":2},"end":{"line":303,"column":18}},"93":{"start":{"line":308,"column":2},"end":{"line":308,"column":16}},"94":{"start":{"line":313,"column":2},"end":{"line":313,"column":16}},"95":{"start":{"line":318,"column":2},"end":{"line":318,"column":17}},"96":{"start":{"line":323,"column":2},"end":{"line":323,"column":15}},"97":{"start":{"line":328,"column":2},"end":{"line":328,"column":22}},"98":{"start":{"line":333,"column":2},"end":{"line":333,"column":18}},"99":{"start":{"line":344,"column":0},"end":{"line":353,"column":1}},"100":{"start":{"line":348,"column":2},"end":{"line":348,"column":10}},"101":{"start":{"line":352,"column":2},"end":{"line":352,"column":5}},"102":{"start":{"line":370,"column":2},"end":{"line":370,"column":51}},"103":{"start":{"line":369,"column":0},"end":{"line":371,"column":1}},"104":{"start":{"line":378,"column":2},"end":{"line":378,"column":33}},"105":{"start":{"line":377,"column":0},"end":{"line":379,"column":1}},"106":{"start":{"line":420,"column":0},"end":{"line":540,"column":0}},"107":{"start":{"line":421,"column":9},"end":{"line":421,"column":22}},"108":{"start":{"line":422,"column":9},"end":{"line":422,"column":22}},"109":{"start":{"line":423,"column":9},"end":{"line":423,"column":26}},"110":{"start":{"line":424,"column":9},"end":{"line":424,"column":27}},"111":{"start":{"line":430,"column":4},"end":{"line":430,"
[...]
":5}},"27":{"start":{"line":95,"column":6},"end":{"line":95,"column":36}},"28":{"start":{"line":99,"column":4},"end":{"line":99,"column":13}},"29":{"start":{"line":102,"column":2},"end":{"line":102,"column":52}},"30":{"start":{"line":7,"column":0},"end":{"line":103,"column":1}}},"fnMap":{"0":{"name":"columnsGenerator","decl":{"start":{"line":7,"column":16},"end":{"line":7,"column":32}},"loc":{"start":{"line":7,"column":64},"end":{"line":103,"column":1}}},"1":{"name":"init","decl":{"start":{"line":22,"column":11},"end":{"line":22,"column":15}},"loc":{"start":{"line":22,"column":29},"end":{"line":38,"column":3}}},"2":{"name":"centerColumns","decl":{"start":{"line":45,"column":11},"end":{"line":45,"column":24}},"loc":{"start":{"line":45,"column":55},"end":{"line":66,"column":3}}},"3":{"name":"(anonymous_3)","decl":{"start":{"line":52,"column":23},"end":{"line":52,"column":23}},"loc":{"start":{"line":52,"column":29},"end":{"line":54,"column":5}}},"4":{"name":"(anonymous_4)","decl":{"start":{"line":61,"column":23},"end":{"line":61,"column":23}},"loc":{"start":{"line":61,"column":29},"end":{"line":65,"column":5}}},"5":{"name":"create","decl":{"start":{"line":68,"column":11},"end":{"line":68,"column":17}},"loc":{"start":{"line":68,"column":31},"end":{"line":100,"column":3}}}},"branchMap":{"0":{"loc":{"start":{"line":18,"column":29},"end":{"line":18,"column":59}},"type":"cond-expr","locations":[{"start":{"line":18,"column":29},"end":{"line":18,"column":59}},{"start":{"line":18,"column":62},"end":{"line":20,"column":4}}]},"1":{"loc":{"start":{"line":80,"column":4},"end":{"line":85,"column":5}},"type":"if","locations":[{"start":{"line":80,"column":4},"end":{"line":85,"column":5}},{"start":{"line":80,"column":4},"end":{"line":85,"column":5}}]},"2":{"loc":{"start":{"line":94,"column":4},"end":{"line":96,"column":5}},"type":"if","locations":[{"start":{"line":94,"column":4},"end":{"line":96,"column":5}},{"start":{"line":94,"column":4},"end":{"line":96,"column":5}}]}},"s":{"0":2,"1":2,"2":2,"3":1,"4":1,"5":1,"6":1,"7":1,"8":1,"9":1,"10":1,"11":1,"12":1,"13":1,"14":1,"15":1,"16":1,"17":1,"18":1,"19":1,"20":1,"21":1,"22":1,"23":0,"24":1,"25":1,"26":1,"27":1,"28":1,"29":1,"30":2},"f":{"0":1,"1":1,"2":1,"3":1,"4":1,"5":1},"b":{"0":[0,1],"1":[0,1],"2":[1,0]}}
,"C:\\Users\\chetm\\projects\\react-layout-generator\\src\\generators\\desktopGenerator.tsx": {"path":"C:\\Users\\chetm\\projects\\react-layout-generator\\src\\generators\\desktopGenerator.tsx","statementMap":{"0":{"start":{"line":2,"column":0},"end":{"line":2,"column":57}},"1":{"start":{"line":3,"column":0},"end":{"line":3,"column":71}},"2":{"start":{"line":4,"column":0},"end":{"line":4,"column":72}},"3":{"start":{"line":5,"column":0},"end":{"line":5,"column":53}},"4":{"start":{"line":9,"column":28},"end":{"line":9,"column":29}},"5":{"start":{"line":10,"column":23},"end":{"line":10,"column":25}},"6":{"start":{"line":11,"column":25},"end":{"line":11,"column":28}},"7":{"start":{"line":12,"column":26},"end":{"line":12,"column":27}},"8":{"start":{"line":13,"column":24},"end":{"line":13,"column":26}},"9":{"start":{"line":14,"column":24},"end":{"line":14,"column":26}},"10":{"start":{"line":16,"column":46},"end":{"line":24,"column":3}},"11":{"start":{"line":26,"column":18},"end":{"line":28,"column":4}},"12":{"start":{"line":31,"column":19},"end":{"line":31,"column":29}},"13":{"start":{"line":32,"column":19},"end":{"line":32,"column":29}},"14":{"start":{"line":33,"column":26},"end":{"line":33,"column":62}},"15":{"start":{"line":34,"column":29},"end":{"line":34,"column":69}},"16":{"start":{"line":35,"column":24},"end":{"line":35,"column":59}},"17":{"start":{"line":36,"column":24},"end":{"line":36,"column":61}},"18":{"start":{"line":37,"column":25},"end":{"line":37,"column":63}},"19":{"start":{"line":38,"column":25},"end":{"line":38,"column":61}},"20":{"start":{"line":39,"column":25},"end":{"line":39,"column":61}},"21":{"start":{"line":41,"column":4},"end":{"line":44,"column":5}},"22":{"start":{"line":42,"column":6},"end":{"line":42,"column":24}},"23":{"start":{"line":43,"column":6},"end":{"line":43,"column":25}},"24":{"start":{"line":51,"column":4},"end":{"line":51,"column":12}},"25":{"start":{"line":52,"column":4},"end":{"line":52,"column":15}},"26":{"start":{"line":53,"column":4},"end":{"line":53,"column":15}},"27":{"start":{"line":54,"column":4},"end":{"line":54,"column":13}},"28":{"start":{"line":55,"column":4},"end":{"line":55,"column":14}},"29":{"start":{"line":56,"column":4},"end":{"line":56,"column":13}},"30":{"start":{"line":58,"column":4},"end":{"line":58,"column":18}},"31":{"start":{"line":61,"column":6},"end":{"line":80,"column":7}},"32":{"start":{"line":62,"column":8},"end":{"line":65,"column":10}},"33":{"start":{"line":66,"column":8},"end":{"line":69,"column":10}},"34":{"start":{"line":72,"column":8},"end":{"line":75,"column":10}},"35":{"start":{"line":76,"column":8},"end":{"line":79,"column":10}},"36":{"start":{"line":81,"column":6},"end":{"line":89,"column":8}},"37":{"start":{"line":90,"column":6},"end":{"line":90,"column":33}},"38":{"start":{"line":94,"column":6},"end":{"line":97,"column":8}},"39":{"start":{"line":98,"column":6},"end":{"line":101,"column":8}},"40":{"start":{"line":103,"column":6},"end":{"line":106,"column":8}},"41":{"start":{"line":107,"column":6},"end":{"line":107,"column":34}},"42":{"start":{"line":111,"column":6},"end":{"line":130,"column":7}},"43":{"start":{"line":112,"column":8},"end":{"line":115,"column":10}},"44":{"start":{"line":116,"column":8},"end":{"line":119,"column":10}},"45":{"start":{"line":122,"column":8},"end":{"line":125,"column":10}},"46":{"start":{"line":126,"column":8},"end":{"line":129,"column":10}},"47":{"start":{"line":131,"column":6},"end":{"line":139,"column":8}},"48":{"start":{"line":140,"column":6},"end":{"line":140,"column":33}},"49":{"start":{"line":170,"column":6},"end":{"line":189,"column":7}},"50":{"start":{"line":171,"column":8},"end":{"line":174,"column":10}},"51":{"start":{"line":175,"column":8},"end":{"line":178,"column":10}},"52":{"start":{"line":181,"column":8},"end":{"line":184,"column":10}},"53":{"start":{"line":185,"column":8},"end":{"line":188,"column":10}},"54":{"start":{"line":190,"column":6},"end":{"line":198,"column":8}},"55":{"start":{"line":199,"column":6},"end":{"line":199,"column":36}},"56":{"start":{"line":203,"column":6},"end":{"line":222,"column":7}},"57":{"start":{"line":204,"column":8},"end":{"line":207,"column":10}},"58":{"start":{"line":208,"column":8},"end":{"line":211,"column":10}},"59":{"start":{"line":214,"column":8},"end":{"line":217,"column":10}},"60":{"start":{"line":218,"column":8},"end":{"line":221,"column":10}},"61":{"start":{"line":223,"column":6},"end":{"line":235,"column":8}},"62":{"start":{"line":236,"column":6},"end":{"line":236,"column":35}},"63":{"start":{"line":240,"column":6},"end":{"line":243,"column":8}},"64":{"start":{"line":244,"column":6},"end":{"line":247,"column":8}},"65":{"start":{"line":248,"column":6},"end":{"line":258,"column":8}},"66":{"start":{"line":259,"column":6},"end":{"line":259,"column":32}},"67":{"start":{"line":265,"column":4},"end":{"line":267,"column":5}},"68":{"start":{"line":266,"column":6},"end":{"line":266,"column":57}},"69":{"start":{"line":269,"column":4},"end":{"line":269,"column":65}},"70":{"start":{"line":272,"column":2},"end":{"line":272,"column":52}},"71":{"start":{"line":7,"column":0},"end":{"line":273,"column":1}}},"fnMap":{"0":{"name":"desktopGenerator","decl":{"start":{"line":7,"column":16},"end":{"line":7,"column":32}},"loc":{"start":{"line":7,"column":64},"end":{"line":273,"column":1}}},"1":{"name":"init","decl":{"start":{"line":30,"column":11},"end":{"line":30,"column":15}},"loc":{"start":{"line":30,"column":29},"end":{"line":261,"column":3}}},"2":{"name":"footer","decl":{"start":{"line":60,"column":13},"end":{"line":60,"column":19}},"loc":{"start":{"line":60,"column":19},"end":{"line":91,"column":5}}},"3":{"name":"content","decl":{"start":{"line":93,"column":13},"end":{"line":93,"column":20}},"loc":{"start":{"line":93,"column":20},"end":{"line":108,"column":5}}},"4":{"name":"header","decl":{"start":{"line":110,"column":13},"end":{"line":110,"column":19}},"loc":{"start":{"line":110,"column":19},"end":{"line":141,"column":5}}},"5":{"name":"rightSde","decl":{"start":{"line":169,"column":13},"end":{"line":169,"column":21}},"loc":{"start":{"line":169,"column":21},"end":{"line":200,"column":5}}},"6":{"name":"leftSide","decl":{"start":{"line":202,"column":13},"end":{"line":202,"column":21}},"loc":{"start":{"line":202,"column":21},"end":{"line":237,"column":5}}},"7":{"name":"title","decl":{"start":{"line":239,"column":13},"end":{"line":239,"column":18}},"loc":{"start":{"line":239,"column":18},"end":{"line":260,"column":5}}},"8":{"name":"create","decl":{"start":{"line":263,"column":11},"end":{"line":263,"column":17}},"loc":{"start":{"line":263,"column":31},"end":{"line":270,"column":3}}}},"branchMap":{"0":{"loc":{"start":{"line":26,"column":29},"end":{"line":26,"column":59}},"type":"cond-expr","locations":[{"start":{"line":26,"column":29},"end":{"line":26,"column":59}},{"start":{"line":26,"column":62},"end":{"line":28,"column":4}}]},"1":{"loc":{"start":{"line":41,"column":4},"end":{"line":44,"column":5}},"type":"if","locations":[{"start":{"line":41,"column":4},"end":{"line":44,"column":5}},{"start":{"line":41,"column":4},"end":{"line":44,"column":5}}]},"2":{"loc":{"start":{"line":61,"column":6},"end":{"line":80,"column":7}},"type":"if","locations":[{"start":{"line":61,"column":6},"end":{"line":80,"column":7}},{"start":{"line":61,"column":6},"end":{"line":80,"column":7}}]},"3":{"loc":{"start":{"line":111,"column":6},"end":{"line":130,"column":7}},"type":"if","locations":[{"start":{"line":111,"column":6},"end":{"line":130,"column":7}},{"start":{"line":111,"column":6},"end":{"line":130,"column":7}}]},"4":{"loc":{"start":{"line":170,"column":6},"end":{"line":189,"column":7}},"type":"if","locations":[{"start":{"line":170,"column":6},"end":{"line":189,"column":7}},{"start":{"line":170,"column":6},"end":{"line":189,"column":7}}]},"5":{"loc":{"start":{"line":203,"column":6},"end":{"line":222,"column":7}},"type":"if","locations":[{"start":{"line":203,"column":6},"end":{"line":222,"column":7}},{"start":{"line":203,"column":6},"end":{"line":222,"column":7}}]},"6":{"loc":{"start":{"line":265,"column":4},"end":{"line":267,"column":5}},"type":"if","locations":[{"start":{"line":265,"column":4},"end":{"line":267,"column":5}},{"start":{"line":265,"column":4},"end":{"line":267,"column":5}}]}},"s":{"0":2,"1":2,"2":2,"3":2,"4":1,"5":1,"6":1,"7":1,"8":1,"9":1,"10":1,"11":1,"12":1,"13":1,"14":1,"15":1,"16":1,"17":1,"18":1,"19":1,"20":1,"21":1,"22":0,"23":0,"24":1,"25":1,"26":1,"27":1,"28":1,"29":1,"30":1,"31":1,"32":0,"33":0,"34":1,"35":1,"36":1,"37":1,"38":1,"39":1,"40":1,"41":1,"42":1,"43":0,"44":0,"45":1,"46":1,"47":1,"48":1,"49":1,"50":0,"51":0,"52":1,"53":1,"54":1,"55":1,"56":1,"57":0,"58":0,"59":1,"60":1,"61":1,"62":1,"63":1,"64":1,"65":1,"66":1,"67":0,"68":0,"69":0,"70":1,"71":2},"f":{"0":1,"1":1,"2":1,"3":1,"4":1,"5":1,"6":1,"7":1,"8":0},"b":{"0":[0,1],"1":[0,1],"2":[0,1],"3":[0,1],"4":[0,1],"5":[0,1],"6":[0,0]}}
,"C:\\Users\\chetm\\projects\\react-layout-generator\\src\\generators\\dynamicGenerator.tsx": {"path":"C:\\Users\\chetm\\projects\\react-layout-generator\\src\\generators\\dynamicGenerator.tsx","statementMap":{"0":{"start":{"line":3,"column":0},"end":{"line":3,"column":57}},"1":{"start":{"line":4,"column":0},"end":{"line":4,"column":60}},"2":{"start":{"line":10,"column":46},"end":{"line":12,"column":3}},"3":{"start":{"line":14,"column":18},"end":{"line":16,"column":4}},"4":{"start":{"line":19,"column":19},"end":{"line":19,"column":29}},"5":{"start":{"line":20,"column":19},"end":{"line":20,"column":29}},"6":{"start":{"line":22,"column":4},"end":{"line":27,"column":5}},"7":{"start":{"line":24,"column":6},"end":{"line":26,"column":9}},"8":{"start":{"line":25,"column":8},"end":{"line":25,"column":22}},"9":{"start":{"line":28,"column":4},"end":{"line":28,"column":18}},"10":{"start":{"line":33,"column":4},"end":{"line":36,"column":5}},"11":{"start":{"line":34,"column":6},"end":{"line":35,"column":54}},"12":{"start":{"line":38,"column":4},"end":{"line":38,"column":65}},"13":{"start":{"line":41,"column":2},"end":{"line":41,"column":52}},"14":{"start":{"line":6,"column":0},"end":{"line":42,"column":1}}},"fnMap":{"0":{"name":"dynamicGenerator","decl":{"start":{"line":6,"column":16},"end":{"line":6,"column":32}},"loc":{"start":{"line":8,"column":19},"end":{"line":42,"column":1}}},"1":{"name":"init","decl":{"start":{"line":18,"column":11},"end":{"line":18,"column":15}},"loc":{"start":{"line":18,"column":29},"end":{"line":29,"column":3}}},"2":{"name":"(anonymous_2)","decl":{"start":{"line":24,"column":25},"end":{"line":24,"column":25}},"loc":{"start":{"line":24,"column":38},"end":{"line":26,"column":7}}},"3":{"name":"create","decl":{"start":{"line":31,"column":11},"end":{"line":31,"column":17}},"loc":{"start":{"line":31,"column":31},"end":{"line":39,"column":3}}}},"branchMap":{"0":{"loc":{"start":{"line":14,"column":29},"end":{"line":14,"column":59}},"type":"cond-expr","locations":[{"start":{"line":14,"column":29},"end":{"line":14,"column":59}},{"start":{"line":14,"column":62},"end":{"line":16,"column":4}}]},"1":{"loc":{"start":{"line":22,"column":4},"end":{"line":27,"column":5}},"type":"if","locations":[{"start":{"line":22,"column":4},"end":{"line":27,"column":5}},{"start":{"line":22,"column":4},"end":{"line":27,"column":5}}]},"2":{"loc":{"start":{"line":33,"column":4},"end":{"line":36,"column":5}},"type":"if","locations":[{"start":{"line":33,"column":4},"end":{"line":36,"column":5}},{"start":{"line":33,"column":4},"end":{"line":36,"column":5}}]}},"s":{"0":2,"1":2,"2":2,"3":2,"4":3,"5":3,"6":3,"7":2,"8":0,"9":3,"10":4,"11":0,"12":4,"13":2,"14":2},"f":{"0":2,"1":3,"2":0,"3":4},"b":{"0":[0,2],"1":[2,1],"2":[0,4]}}
,"C:\\Users\\chetm\\projects\\react-layout-generator\\src\\generators\\rowsGenerator.tsx": {"path":"C:\\Users\\chetm\\projects\\react-layout-generator\\src\\generators\\rowsGenerator.tsx","statementMap":{"0":{"start":{"line":3,"column":0},"end":{"line":3,"column":57}},"1":{"start":{"line":4,"column":0},"end":{"line":4,"column":96}},"2":{"start":{"line":5,"column":0},"end":{"line":5,"column":53}},"3":{"start":{"line":9,"column":46},"end":{"line":15,"column":3}},"4":{"start":{"line":17,"column":18},"end":{"line":19,"column":4}},"5":{"start":{"line":22,"column":19},"end":{"line":22,"column":29}},"6":{"start":{"line":23,"column":19},"end":{"line":23,"column":29}},"7":{"start":{"line":25,"column":4},"end":{"line":27,"column":5}},"8":{"start":{"line":26,"column":6},"end":{"line":26,"column":37}},"9":{"start":{"line":28,"column":4},"end":{"line":28,"column":18}},"10":{"start":{"line":36,"column":26},"end":{"line":36,"column":62}},"11":{"start":{"line":38,"column":19},"end":{"line":38,"column":56}},"12":{"start":{"line":41,"column":24},"end":{"line":41,"column":34}},"13":{"start":{"line":42,"column":4},"end":{"line":47,"column":7}},"14":{"start":{"line":43,"column":19},"end":{"line":43,"column":31}},"15":{"start":{"line":44,"column":26},"end":{"line":44,"column":97}},"16":{"start":{"line":45,"column":6},"end":{"line":45,"column":72}},"17":{"start":{"line":46,"column":6},"end":{"line":46,"column":64}},"18":{"start":{"line":52,"column":19},"end":{"line":52,"column":34}},"19":{"start":{"line":53,"column":26},"end":{"line":53,"column":62}},"20":{"start":{"line":54,"column":17},"end":{"line":54,"column":48}},"21":{"start":{"line":56,"column":19},"end":{"line":56,"column":34}},"22":{"start":{"line":58,"column":12},"end":{"line":58,"column":25}},"23":{"start":{"line":60,"column":4},"end":{"line":65,"column":5}},"24":{"start":{"line":61,"column":6},"end":{"line":64,"column":7}},"25":{"start":{"line":67,"column":19},"end":{"line":67,"column":56}},"26":{"start":{"line":68,"column":20},"end":{"line":68,"column":30}},"27":{"start":{"line":69,"column":4},"end":{"line":73,"column":5}},"28":{"start":{"line":70,"column":20},"end":{"line":70,"column":52}},"29":{"start":{"line":71,"column":16},"end":{"line":71,"column":28}},"30":{"start":{"line":72,"column":6},"end":{"line":72,"column":62}},"31":{"start":{"line":74,"column":23},"end":{"line":74,"column":96}},"32":{"start":{"line":75,"column":4},"end":{"line":75,"column":48}},"33":{"start":{"line":77,"column":4},"end":{"line":77,"column":44}},"34":{"start":{"line":80,"column":2},"end":{"line":80,"column":68}},"35":{"start":{"line":7,"column":0},"end":{"line":81,"column":1}}},"fnMap":{"0":{"name":"rowsGenerator","decl":{"start":{"line":7,"column":16},"end":{"line":7,"column":29}},"loc":{"start":{"line":7,"column":57},"end":{"line":81,"column":1}}},"1":{"name":"init","decl":{"start":{"line":21,"column":11},"end":{"line":21,"column":15}},"loc":{"start":{"line":21,"column":29},"end":{"line":29,"column":3}}},"2":{"name":"distributeRows","decl":{"start":{"line":34,"column":11},"end":{"line":34,"column":25}},"loc":{"start":{"line":34,"column":56},"end":{"line":48,"column":3}}},"3":{"name":"(anonymous_3)","decl":{"start":{"line":42,"column":23},"end":{"line":42,"column":23}},"loc":{"start":{"line":42,"column":29},"end":{"line":47,"column":5}}},"4":{"name":"create","decl":{"start":{"line":50,"column":11},"end":{"line":50,"column":17}},"loc":{"start":{"line":50,"column":31},"end":{"line":78,"column":3}}}},"branchMap":{"0":{"loc":{"start":{"line":17,"column":33},"end":{"line":17,"column":67}},"type":"cond-expr","locations":[{"start":{"line":17,"column":33},"end":{"line":17,"column":67}},{"start":{"line":17,"column":70},"end":{"line":19,"column":4}}]},"1":{"loc":{"start":{"line":25,"column":4},"end":{"line":27,"column":5}},"type":"if","locations":[{"start":{"line":25,"column":4},"end":{"line":27,"column":5}},{"start":{"line":25,"column":4},"end":{"line":27,"column":5}}]},"2":{"loc":{"start":{"line":60,"column":4},"end":{"line":65,"column":5}},"type":"if","locations":[{"start":{"line":60,"column":4},"end":{"line":65,"column":5}},{"start":{"line":60,"column":4},"end":{"line":65,"column":5}}]},"3":{"loc":{"start":{"line":69,"column":4},"end":{"line":73,"column":5}},"type":"if","locations":[{"start":{"line":69,"column":4},"end":{"line":73,"column":5}},{"start":{"line":69,"column":4},"end":{"line":73,"column":5}}]}},"s":{"0":2,"1":2,"2":2,"3":1,"4":1,"5":1,"6":1,"7":1,"8":1,"9":1,"10":1,"11":1,"12":1,"13":1,"14":0,"15":0,"16":0,"17":0,"18":1,"19":1,"20":1,"21":1,"22":1,"23":1,"24":0,"25":1,"26":1,"27":1,"28":0,"29":0,"30":0,"31":1,"32":1,"33":1,"34":1,"35":2},"f":{"0":1,"1":1,"2":1,"3":0,"4":1},"b":{"0":[0,1],"1":[1,0],"2":[0,1],"3":[0,1]}}
,"C:\\Users\\chetm\\projects\\react-layout-generator\\src\\generators\\utils.ts": {"path":"C:\\Users\\chetm\\projects\\react-layout-generator\\src\\generators\\utils.ts","statementMap":{"0":{"start":{"line":9,"column":27},"end":{"line":9,"column":67}},"1":{"start":{"line":10,"column":2},"end":{"line":12,"column":3}},"2":{"start":{"line":11,"column":4},"end":{"line":11,"column":24}},"3":{"start":{"line":13,"column":2},"end":{"line":13,"column":18}},"4":{"start":{"line":8,"column":0},"end":{"line":14,"column":1}},"5":{"start":{"line":22,"column":2},"end":{"line":22,"column":65}},"6":{"start":{"line":17,"column":0},"end":{"line":23,"column":1}}},"fnMap":{"0":{"name":"loadFromLocalStorage","decl":{"start":{"line":8,"column":16},"end":{"line":8,"column":36}},"loc":{"start":{"line":8,"column":64},"end":{"line":14,"column":1}}},"1":{"name":"saveToLocalStorage","decl":{"start":{"line":17,"column":16},"end":{"line":17,"column":34}},"loc":{"start":{"line":20,"column":19},"end":{"line":23,"column":1}}}},"branchMap":{"0":{"loc":{"start":{"line":10,"column":2},"end":{"line":12,"column":3}},"type":"if","locations":[{"start":{"line":10,"column":2},"end":{"line":12,"column":3}},{"start":{"line":10,"column":2},"end":{"line":12,"column":3}}]}},"s":{"0":0,"1":0,"2":0,"3":0,"4":1,"5":0,"6":1},"f":{"0":0,"1":0},"b":{"0":[0,0]}}
}
