TN:
SF:C:\Users\chetm\projects\react-layout-generator\src\RLGDynamic.tsx
FN:22,(anonymous_8)
FN:25,RLGDynamic
FN:31,(anonymous_10)
FN:38,(anonymous_11)
FNF:4
FNH:0
FNDA:0,(anonymous_8)
FNDA:0,RLGDynamic
FNDA:0,(anonymous_10)
FNDA:0,(anonymous_11)
DA:1,0
DA:22,0
DA:23,0
DA:26,0
DA:28,0
DA:31,0
DA:32,0
DA:33,0
DA:34,0
DA:38,0
DA:39,0
DA:48,0
LF:12
LH:0
BRDA:26,0,0,0
BRDA:26,0,1,0
BRDA:33,1,0,0
BRDA:33,1,1,0
BRF:4
BRH:0
end_of_record
TN:
SF:C:\Users\chetm\projects\react-layout-generator\src\RLGLayout.tsx
FN:26,selectedStyle
FN:43,layoutStyle
FN:55,tileStyle
FN:114,(anonymous_11)
FN:141,(anonymous_12)
FN:154,RLGLayout
FN:199,(anonymous_14)
FN:259,(anonymous_15)
FN:299,(anonymous_16)
FN:310,(anonymous_17)
FN:332,(anonymous_18)
FN:334,(anonymous_19)
FN:361,(anonymous_20)
FN:373,(anonymous_21)
FN:394,(anonymous_22)
FN:398,(anonymous_23)
FN:408,(anonymous_24)
FN:431,(anonymous_25)
FN:535,(anonymous_26)
FN:644,(anonymous_27)
FN:661,(anonymous_28)
FN:700,(anonymous_29)
FN:708,(anonymous_30)
FN:726,(anonymous_31)
FN:727,(anonymous_32)
FN:751,(anonymous_33)
FN:758,(anonymous_34)
FN:766,(anonymous_35)
FN:780,(anonymous_36)
FN:786,(anonymous_37)
FN:790,(anonymous_38)
FN:794,(anonymous_39)
FN:798,(anonymous_40)
FN:806,(anonymous_41)
FN:811,(anonymous_42)
FN:819,(anonymous_43)
FN:830,(anonymous_44)
FN:834,(anonymous_45)
FN:849,(anonymous_46)
FN:853,(anonymous_47)
FN:170,(anonymous_48)
FN:180,(anonymous_49)
FN:185,(anonymous_50)
FN:210,(anonymous_51)
FN:275,(anonymous_52)
FN:281,(anonymous_53)
FN:293,(anonymous_54)
FN:893,(anonymous_55)
FN:906,(anonymous_56)
FN:912,(anonymous_57)
FN:974,(anonymous_58)
FN:987,(anonymous_59)
FNF:52
FNH:0
FNDA:0,selectedStyle
FNDA:0,layoutStyle
FNDA:0,tileStyle
FNDA:0,(anonymous_11)
FNDA:0,(anonymous_12)
FNDA:0,RLGLayout
FNDA:0,(anonymous_14)
FNDA:0,(anonymous_15)
FNDA:0,(anonymous_16)
FNDA:0,(anonymous_17)
FNDA:0,(anonymous_18)
FNDA:0,(anonymous_19)
FNDA:0,(anonymous_20)
FNDA:0,(anonymous_21)
FNDA:0,(anonymous_22)
FNDA:0,(anonymous_23)
FNDA:0,(anonymous_24)
FNDA:0,(anonymous_25)
FNDA:0,(anonymous_26)
FNDA:0,(anonymous_27)
FNDA:0,(anonymous_28)
FNDA:0,(anonymous_29)
FNDA:0,(anonymous_30)
FNDA:0,(anonymous_31)
FNDA:0,(anonymous_32)
FNDA:0,(anonymous_33)
FNDA:0,(anonymous_34)
FNDA:0,(anonymous_35)
FNDA:0,(anonymous_36)
FNDA:0,(anonymous_37)
FNDA:0,(anonymous_38)
FNDA:0,(anonymous_39)
FNDA:0,(anonymous_40)
FNDA:0,(anonymous_41)
FNDA:0,(anonymous_42)
FNDA:0,(anonymous_43)
FNDA:0,(anonymous_44)
FNDA:0,(anonymous_45)
FNDA:0,(anonymous_46)
FNDA:0,(anonymous_47)
FNDA:0,(anonymous_48)
FNDA:0,(anonymous_49)
FNDA:0,(anonymous_50)
FNDA:0,(anonymous_51)
FNDA:0,(anonymous_52)
FNDA:0,(anonymous_53)
FNDA:0,(anonymous_54)
FNDA:0,(anonymous_55)
FNDA:0,(anonymous_56)
FNDA:0,(anonymous_57)
FNDA:0,(anonymous_58)
FNDA:0,(anonymous_59)
DA:1,0
DA:2,0
DA:10,0
DA:11,0
DA:12,0
DA:15,0
DA:26,0
DA:27,0
DA:28,0
DA:29,0
DA:30,0
DA:43,0
DA:44,0
DA:75,0
DA:79,0
DA:81,0
DA:82,0
DA:85,0
DA:88,0
DA:91,0
DA:94,0
DA:98,0
DA:112,0
DA:114,0
DA:115,0
DA:116,0
DA:119,0
DA:141,0
DA:142,0
DA:144,0
DA:145,0
DA:146,0
DA:147,0
DA:149,0
DA:150,0
DA:151,0
DA:152,0
DA:155,0
DA:156,0
DA:165,0
DA:167,0
DA:170,0
DA:171,0
DA:172,0
DA:176,0
DA:177,0
DA:180,0
DA:181,0
DA:182,0
DA:185,0
DA:186,0
DA:190,0
DA:191,0
DA:199,0
DA:200,0
DA:201,0
DA:202,0
DA:203,0
DA:204,0
DA:206,0
DA:210,0
DA:212,0
DA:219,0
DA:220,0
DA:221,0
DA:248,0
DA:259,0
DA:260,0
DA:261,0
DA:275,0
DA:276,0
DA:277,0
DA:278,0
DA:279,0
DA:280,0
DA:281,0
DA:283,0
DA:287,0
DA:290,0
DA:291,0
DA:292,0
DA:293,0
DA:294,0
DA:299,0
DA:300,0
DA:302,0
DA:303,0
DA:304,0
DA:306,0
DA:310,0
DA:312,0
DA:313,0
DA:316,0
DA:320,0
DA:327,0
DA:328,0
DA:332,0
DA:334,0
DA:335,0
DA:336,0
DA:337,0
DA:338,0
DA:340,0
DA:341,0
DA:342,0
DA:344,0
DA:345,0
DA:349,0
DA:350,0
DA:353,0
DA:356,0
DA:361,0
DA:362,0
DA:364,0
DA:365,0
DA:366,0
DA:369,0
DA:370,0
DA:371,0
DA:372,0
DA:373,0
DA:374,0
DA:375,0
DA:380,0
DA:382,0
DA:385,0
DA:386,0
DA:387,0
DA:388,0
DA:390,0
DA:392,0
DA:393,0
DA:394,0
DA:395,0
DA:397,0
DA:398,0
DA:399,0
DA:400,0
DA:403,0
DA:408,0
DA:417,0
DA:418,0
DA:419,0
DA:428,0
DA:431,0
DA:441,0
DA:442,0
DA:443,0
DA:446,0
DA:448,0
DA:450,0
DA:452,0
DA:453,0
DA:457,0
DA:459,0
DA:461,0
DA:464,0
DA:465,0
DA:468,0
DA:469,0
DA:479,0
DA:481,0
DA:483,0
DA:484,0
DA:486,0
DA:490,0
DA:499,0
DA:514,0
DA:515,0
DA:516,0
DA:521,0
DA:532,0
DA:535,0
DA:545,0
DA:546,0
DA:547,0
DA:550,0
DA:551,0
DA:552,0
DA:554,0
DA:556,0
DA:566,0
DA:568,0
DA:570,0
DA:571,0
DA:578,0
DA:579,0
DA:586,0
DA:587,0
DA:594,0
DA:598,0
DA:607,0
DA:622,0
DA:623,0
DA:629,0
DA:632,0
DA:634,0
DA:641,0
DA:644,0
DA:645,0
DA:647,0
DA:648,0
DA:649,0
DA:650,0
DA:651,0
DA:653,0
DA:654,0
DA:658,0
DA:661,0
DA:662,0
DA:664,0
DA:665,0
DA:666,0
DA:667,0
DA:668,0
DA:669,0
DA:670,0
DA:671,0
DA:672,0
DA:675,0
DA:680,0
DA:684,0
DA:685,0
DA:686,0
DA:689,0
DA:694,0
DA:700,0
DA:701,0
DA:708,0
DA:710,0
DA:711,0
DA:714,0
DA:719,0
DA:722,0
DA:723,0
DA:726,0
DA:727,0
DA:729,0
DA:730,0
DA:733,0
DA:734,0
DA:751,0
DA:753,0
DA:755,0
DA:756,0
DA:757,0
DA:758,0
DA:759,0
DA:763,0
DA:766,0
DA:767,0
DA:769,0
DA:770,0
DA:773,0
DA:774,0
DA:776,0
DA:780,0
DA:781,0
DA:782,0
DA:786,0
DA:787,0
DA:790,0
DA:791,0
DA:794,0
DA:795,0
DA:798,0
DA:799,0
DA:800,0
DA:802,0
DA:806,0
DA:807,0
DA:808,0
DA:811,0
DA:813,0
DA:814,0
DA:816,0
DA:819,0
DA:820,0
DA:821,0
DA:824,0
DA:825,0
DA:826,0
DA:830,0
DA:831,0
DA:832,0
DA:833,0
DA:834,0
DA:835,0
DA:836,0
DA:837,0
DA:841,0
DA:849,0
DA:850,0
DA:851,0
DA:852,0
DA:853,0
DA:854,0
DA:855,0
DA:856,0
DA:860,0
DA:863,0
DA:868,0
DA:869,0
DA:882,0
DA:890,0
DA:893,0
DA:894,0
DA:895,0
DA:896,0
DA:897,0
DA:898,0
DA:899,0
DA:900,0
DA:902,0
DA:906,0
DA:907,0
DA:912,0
DA:913,0
DA:914,0
DA:915,0
DA:916,0
DA:926,0
DA:935,0
DA:948,0
DA:950,0
DA:959,0
DA:974,0
DA:975,0
DA:976,0
DA:977,0
DA:978,0
DA:979,0
DA:981,0
DA:982,0
DA:983,0
DA:985,0
DA:986,0
DA:987,0
DA:989,0
DA:992,0
DA:994,0
DA:997,0
DA:999,0
DA:1000,0
DA:1013,0
DA:1020,0
DA:1021,0
DA:1022,0
DA:1036,0
DA:1038,0
LF:350
LH:0
BRDA:80,0,0,0
BRDA:80,0,1,0
BRDA:80,0,2,0
BRDA:114,1,0,0
BRDA:114,1,1,0
BRDA:155,2,0,0
BRDA:155,2,1,0
BRDA:201,3,0,0
BRDA:201,3,1,0
BRDA:260,4,0,0
BRDA:260,4,1,0
BRDA:300,5,0,0
BRDA:300,5,1,0
BRDA:302,6,0,0
BRDA:302,6,1,0
BRDA:302,7,0,0
BRDA:302,7,1,0
BRDA:316,8,0,0
BRDA:316,8,1,0
BRDA:316,9,0,0
BRDA:316,9,1,0
BRDA:327,10,0,0
BRDA:327,10,1,0
BRDA:327,11,0,0
BRDA:327,11,1,0
BRDA:336,12,0,0
BRDA:336,12,1,0
BRDA:341,13,0,0
BRDA:341,13,1,0
BRDA:344,14,0,0
BRDA:344,14,1,0
BRDA:349,15,0,0
BRDA:349,15,1,0
BRDA:349,16,0,0
BRDA:349,16,1,0
BRDA:365,17,0,0
BRDA:365,17,1,0
BRDA:370,18,0,0
BRDA:370,18,1,0
BRDA:372,19,0,0
BRDA:372,19,1,0
BRDA:385,20,0,0
BRDA:385,20,1,0
BRDA:385,21,0,0
BRDA:385,21,1,0
BRDA:388,22,0,0
BRDA:388,22,1,0
BRDA:388,23,0,0
BRDA:388,23,1,0
BRDA:388,23,2,0
BRDA:418,24,0,0
BRDA:418,24,1,0
BRDA:418,25,0,0
BRDA:418,25,1,0
BRDA:442,26,0,0
BRDA:442,26,1,0
BRDA:442,27,0,0
BRDA:442,27,1,0
BRDA:450,28,0,0
BRDA:450,28,1,0
BRDA:450,29,0,0
BRDA:450,29,1,0
BRDA:453,30,0,0
BRDA:453,30,1,0
BRDA:457,31,0,0
BRDA:457,31,1,0
BRDA:464,32,0,0
BRDA:464,32,1,0
BRDA:464,33,0,0
BRDA:464,33,1,0
BRDA:468,34,0,0
BRDA:468,34,1,0
BRDA:468,35,0,0
BRDA:468,35,1,0
BRDA:470,36,0,0
BRDA:470,36,1,0
BRDA:471,37,0,0
BRDA:471,37,1,0
BRDA:475,38,0,0
BRDA:475,38,1,0
BRDA:483,39,0,0
BRDA:483,39,1,0
BRDA:486,40,0,0
BRDA:486,40,1,0
BRDA:515,41,0,0
BRDA:515,41,1,0
BRDA:515,42,0,0
BRDA:515,42,1,0
BRDA:524,43,0,0
BRDA:524,43,1,0
BRDA:546,44,0,0
BRDA:546,44,1,0
BRDA:546,45,0,0
BRDA:546,45,1,0
BRDA:551,46,0,0
BRDA:551,46,1,0
BRDA:557,47,0,0
BRDA:557,47,1,0
BRDA:558,48,0,0
BRDA:558,48,1,0
BRDA:562,49,0,0
BRDA:562,49,1,0
BRDA:570,50,0,0
BRDA:570,50,1,0
BRDA:578,51,0,0
BRDA:578,51,1,0
BRDA:586,52,0,0
BRDA:586,52,1,0
BRDA:594,53,0,0
BRDA:594,53,1,0
BRDA:622,54,0,0
BRDA:622,54,1,0
BRDA:622,55,0,0
BRDA:622,55,1,0
BRDA:647,56,0,0
BRDA:647,56,1,0
BRDA:648,57,0,0
BRDA:648,57,1,0
BRDA:648,58,0,0
BRDA:648,58,1,0
BRDA:650,59,0,0
BRDA:650,59,1,0
BRDA:653,60,0,0
BRDA:653,60,1,0
BRDA:664,61,0,0
BRDA:664,61,1,0
BRDA:665,62,0,0
BRDA:665,62,1,0
BRDA:665,63,0,0
BRDA:665,63,1,0
BRDA:667,64,0,0
BRDA:667,64,1,0
BRDA:672,65,0,0
BRDA:672,65,1,0
BRDA:672,66,0,0
BRDA:672,66,1,0
BRDA:684,67,0,0
BRDA:684,67,1,0
BRDA:686,68,0,0
BRDA:686,68,1,0
BRDA:686,69,0,0
BRDA:686,69,1,0
BRDA:710,70,0,0
BRDA:710,70,1,0
BRDA:710,71,0,0
BRDA:710,71,1,0
BRDA:714,72,0,0
BRDA:714,72,1,0
BRDA:715,73,0,0
BRDA:715,73,1,0
BRDA:715,73,2,0
BRDA:729,74,0,0
BRDA:729,74,1,0
BRDA:729,75,0,0
BRDA:729,75,1,0
BRDA:753,76,0,0
BRDA:753,76,1,0
BRDA:755,77,0,0
BRDA:755,77,1,0
BRDA:755,78,0,0
BRDA:755,78,1,0
BRDA:755,78,2,0
BRDA:755,78,3,0
BRDA:767,79,0,0
BRDA:767,79,1,0
BRDA:769,80,0,0
BRDA:769,80,1,0
BRDA:769,81,0,0
BRDA:769,81,1,0
BRDA:781,82,0,0
BRDA:781,82,1,0
BRDA:798,83,0,0
BRDA:798,83,1,0
BRDA:799,84,0,0
BRDA:799,84,1,0
BRDA:813,85,0,0
BRDA:813,85,1,0
BRDA:824,86,0,0
BRDA:824,86,1,0
BRDA:824,87,0,0
BRDA:824,87,1,0
BRDA:832,88,0,0
BRDA:832,88,1,0
BRDA:833,89,0,0
BRDA:833,89,1,0
BRDA:851,90,0,0
BRDA:851,90,1,0
BRDA:852,91,0,0
BRDA:852,91,1,0
BRDA:868,92,0,0
BRDA:868,92,1,0
BRDA:171,93,0,0
BRDA:171,93,1,0
BRDA:186,94,0,0
BRDA:186,94,1,0
BRDA:187,95,0,0
BRDA:187,95,1,0
BRDA:219,96,0,0
BRDA:219,96,1,0
BRDA:233,97,0,0
BRDA:233,97,1,0
BRDA:276,98,0,0
BRDA:276,98,1,0
BRDA:278,99,0,0
BRDA:278,99,1,0
BRDA:279,100,0,0
BRDA:279,100,1,0
BRDA:291,101,0,0
BRDA:291,101,1,0
BRDA:894,102,0,0
BRDA:894,102,1,0
BRDA:914,103,0,0
BRDA:914,103,1,0
BRDA:923,104,0,0
BRDA:923,104,1,0
BRDA:976,105,0,0
BRDA:976,105,1,0
BRDA:977,106,0,0
BRDA:977,106,1,0
BRDA:981,107,0,0
BRDA:981,107,1,0
BRDA:985,108,0,0
BRDA:985,108,1,0
BRDA:985,109,0,0
BRDA:985,109,1,0
BRDA:989,110,0,0
BRDA:989,110,1,0
BRDA:989,111,0,0
BRDA:989,111,1,0
BRDA:989,111,2,0
BRDA:994,112,0,0
BRDA:994,112,1,0
BRDA:994,113,0,0
BRDA:994,113,1,0
BRDA:994,113,2,0
BRDA:999,114,0,0
BRDA:999,114,1,0
BRF:237
BRH:0
end_of_record
TN:
SF:C:\Users\chetm\projects\react-layout-generator\src\RLGPanel.tsx
FN:32,(anonymous_6)
FN:33,RLGPanel
FN:47,(anonymous_8)
FN:57,(anonymous_9)
FNF:4
FNH:0
FNDA:0,(anonymous_6)
FNDA:0,RLGPanel
FNDA:0,(anonymous_8)
FNDA:0,(anonymous_9)
DA:1,0
DA:32,0
DA:34,0
DA:36,0
DA:37,0
DA:41,0
DA:47,0
DA:48,0
DA:49,0
DA:50,0
DA:57,0
DA:58,0
DA:70,0
DA:77,0
LF:14
LH:0
BRDA:34,0,0,0
BRDA:34,0,1,0
BRDA:36,1,0,0
BRDA:36,1,1,0
BRDA:48,2,0,0
BRDA:48,2,1,0
BRDA:49,3,0,0
BRDA:49,3,1,0
BRF:8
BRH:0
end_of_record
TN:
SF:C:\Users\chetm\projects\react-layout-generator\src\react-layout-generator.ts
FNF:0
FNH:0
DA:5,0
LF:1
LH:0
BRF:0
BRH:0
end_of_record
TN:
SF:C:\Users\chetm\projects\react-layout-generator\src\types.ts
FN:14,(anonymous_0)
FN:27,symbolToIUnit
FN:64,namedUnit
FN:109,(anonymous_3)
FN:122,namedPositionRef
FN:165,(anonymous_5)
FN:202,rectSize
FN:206,rectPoint
FN:243,(anonymous_8)
FN:252,Rect
FN:256,(anonymous_10)
FN:261,(anonymous_11)
FN:266,(anonymous_12)
FN:280,(anonymous_13)
FN:276,(anonymous_14)
FN:284,(anonymous_15)
FN:288,(anonymous_16)
FN:292,(anonymous_17)
FN:299,(anonymous_18)
FN:303,(anonymous_19)
FN:307,(anonymous_20)
FN:311,(anonymous_21)
FN:323,(anonymous_22)
FN:327,(anonymous_23)
FN:336,(anonymous_24)
FN:374,(anonymous_25)
FN:378,(anonymous_27)
FNF:27
FNH:14
FNDA:6,(anonymous_0)
FNDA:0,symbolToIUnit
FNDA:0,namedUnit
FNDA:6,(anonymous_3)
FNDA:0,namedPositionRef
FNDA:6,(anonymous_5)
FNDA:0,rectSize
FNDA:0,rectPoint
FNDA:6,(anonymous_8)
FNDA:27,Rect
FNDA:34,(anonymous_10)
FNDA:35,(anonymous_11)
FNDA:7,(anonymous_12)
FNDA:3,(anonymous_13)
FNDA:1,(anonymous_14)
FNDA:3,(anonymous_15)
FNDA:1,(anonymous_16)
FNDA:35,(anonymous_17)
FNDA:0,(anonymous_18)
FNDA:0,(anonymous_19)
FNDA:0,(anonymous_20)
FNDA:0,(anonymous_21)
FNDA:0,(anonymous_22)
FNDA:0,(anonymous_23)
FNDA:0,(anonymous_24)
FNDA:6,(anonymous_25)
FNDA:0,(anonymous_27)
DA:14,6
DA:15,6
DA:16,6
DA:17,6
DA:18,6
DA:19,6
DA:22,6
DA:23,6
DA:24,6
DA:27,6
DA:28,0
DA:30,0
DA:33,0
DA:36,0
DA:39,0
DA:41,0
DA:44,0
DA:47,0
DA:50,0
DA:52,0
DA:55,0
DA:58,0
DA:61,0
DA:64,6
DA:65,0
DA:66,0
DA:68,0
DA:69,0
DA:72,0
DA:73,0
DA:76,0
DA:77,0
DA:80,0
DA:81,0
DA:84,0
DA:85,0
DA:89,0
DA:90,0
DA:93,0
DA:94,0
DA:97,0
DA:98,0
DA:101,0
DA:109,6
DA:110,6
DA:111,6
DA:112,6
DA:113,6
DA:114,6
DA:115,6
DA:116,6
DA:117,6
DA:118,6
DA:119,6
DA:122,6
DA:123,0
DA:124,0
DA:126,0
DA:127,0
DA:130,0
DA:131,0
DA:134,0
DA:135,0
DA:138,0
DA:139,0
DA:142,0
DA:143,0
DA:146,0
DA:147,0
DA:150,0
DA:151,0
DA:154,0
DA:155,0
DA:158,0
DA:159,0
DA:162,0
DA:165,6
DA:166,6
DA:168,6
DA:170,6
DA:172,6
DA:174,6
DA:176,6
DA:178,6
DA:180,6
DA:182,6
DA:184,6
DA:186,6
DA:188,6
DA:202,6
DA:203,0
DA:206,6
DA:207,0
DA:243,6
DA:244,27
DA:245,27
DA:246,27
DA:247,27
DA:253,27
DA:256,6
DA:257,34
DA:258,34
DA:261,6
DA:262,35
DA:263,35
DA:266,6
DA:267,7
DA:273,7
DA:276,6
DA:277,1
DA:281,3
DA:284,6
DA:285,3
DA:289,1
DA:292,6
DA:293,35
DA:294,35
DA:299,6
DA:300,0
DA:303,6
DA:304,0
DA:307,6
DA:308,0
DA:311,6
DA:312,0
DA:323,6
DA:324,0
DA:327,6
DA:328,0
DA:336,6
DA:337,0
DA:351,6
DA:374,6
DA:375,0
DA:376,0
DA:378,0
DA:379,0
DA:381,6
LF:138
LH:72
BRDA:14,0,0,6
BRDA:14,0,1,6
BRDA:29,1,0,0
BRDA:29,1,1,0
BRDA:29,1,2,0
BRDA:29,1,3,0
BRDA:29,1,4,0
BRDA:40,2,0,0
BRDA:40,2,1,0
BRDA:51,3,0,0
BRDA:51,3,1,0
BRDA:67,4,0,0
BRDA:67,4,1,0
BRDA:67,4,2,0
BRDA:67,4,3,0
BRDA:67,4,4,0
BRDA:67,4,5,0
BRDA:67,4,6,0
BRDA:67,4,7,0
BRDA:109,5,0,6
BRDA:109,5,1,6
BRDA:125,6,0,0
BRDA:125,6,1,0
BRDA:125,6,2,0
BRDA:125,6,3,0
BRDA:125,6,4,0
BRDA:125,6,5,0
BRDA:125,6,6,0
BRDA:125,6,7,0
BRDA:125,6,8,0
BRDA:165,7,0,6
BRDA:165,7,1,6
BRDA:379,8,0,0
BRDA:379,8,1,0
BRF:34
BRH:6
end_of_record
TN:
SF:C:\Users\chetm\projects\react-layout-generator\src\utils.ts
FN:3,clone
FN:23,(anonymous_1)
FN:26,PixelPoint
FN:30,(anonymous_3)
FN:38,toPixel
FN:124,toPercent
FN:210,add
FNF:7
FNH:3
FNDA:115,clone
FNDA:4,(anonymous_1)
FNDA:0,PixelPoint
FNDA:0,(anonymous_3)
FNDA:3,toPixel
FNDA:0,toPercent
FNDA:0,add
DA:1,4
DA:3,4
DA:4,115
DA:5,0
DA:8,115
DA:9,115
DA:10,276
DA:11,276
DA:12,276
DA:15,115
DA:23,4
DA:27,0
DA:30,4
DA:31,0
DA:36,4
DA:38,4
DA:39,3
DA:41,0
DA:42,0
DA:45,1
DA:46,1
DA:47,1
DA:52,0
DA:53,0
DA:58,0
DA:62,2
DA:65,2
DA:66,2
DA:67,2
DA:72,0
DA:73,0
DA:78,0
DA:81,0
DA:82,0
DA:83,0
DA:84,0
DA:89,0
DA:90,0
DA:95,0
DA:98,0
DA:99,0
DA:100,0
DA:101,0
DA:106,0
DA:107,0
DA:112,0
DA:117,0
DA:118,0
DA:121,0
DA:124,4
DA:125,0
DA:127,0
DA:128,0
DA:129,0
DA:134,0
DA:135,0
DA:140,0
DA:143,0
DA:144,0
DA:148,0
DA:151,0
DA:152,0
DA:153,0
DA:158,0
DA:159,0
DA:164,0
DA:167,0
DA:168,0
DA:169,0
DA:170,0
DA:175,0
DA:176,0
DA:181,0
DA:184,0
DA:185,0
DA:186,0
DA:187,0
DA:192,0
DA:193,0
DA:198,0
DA:203,0
DA:204,0
DA:207,0
DA:210,4
DA:211,0
DA:212,0
DA:214,0
DA:215,0
DA:220,0
DA:221,0
DA:227,0
LF:91
LH:23
BRDA:4,0,0,0
BRDA:4,0,1,115
BRDA:8,1,0,0
BRDA:8,1,1,115
BRDA:10,2,0,276
BRDA:10,2,1,0
BRDA:12,3,0,92
BRDA:12,3,1,184
BRDA:40,4,0,0
BRDA:40,4,1,1
BRDA:40,4,2,2
BRDA:40,4,3,0
BRDA:40,4,4,0
BRDA:40,4,5,0
BRDA:40,4,6,0
BRDA:40,4,7,0
BRDA:45,5,0,1
BRDA:45,5,1,0
BRDA:63,6,0,2
BRDA:63,6,1,0
BRDA:65,7,0,2
BRDA:65,7,1,0
BRDA:82,8,0,0
BRDA:82,8,1,0
BRDA:99,9,0,0
BRDA:99,9,1,0
BRDA:126,10,0,0
BRDA:126,10,1,0
BRDA:126,10,2,0
BRDA:126,10,3,0
BRDA:126,10,4,0
BRDA:126,10,5,0
BRDA:126,10,6,0
BRDA:126,10,7,0
BRDA:127,11,0,0
BRDA:127,11,1,0
BRDA:149,12,0,0
BRDA:149,12,1,0
BRDA:151,13,0,0
BRDA:151,13,1,0
BRDA:168,14,0,0
BRDA:168,14,1,0
BRDA:185,15,0,0
BRDA:185,15,1,0
BRDA:214,16,0,0
BRDA:214,16,1,0
BRDA:214,17,0,0
BRDA:214,17,1,0
BRDA:220,18,0,0
BRDA:220,18,1,0
BRDA:220,19,0,0
BRDA:220,19,1,0
BRF:52
BRH:10
end_of_record
