TN:
SF:C:\Users\chetm\projects\react-layout-generator\src\RLGDynamic.tsx
FN:21,(anonymous_8)
FN:24,RLGDynamic
FN:30,(anonymous_10)
FN:37,(anonymous_11)
FNF:4
FNH:0
FNDA:0,(anonymous_8)
FNDA:0,RLGDynamic
FNDA:0,(anonymous_10)
FNDA:0,(anonymous_11)
DA:1,0
DA:21,0
DA:22,0
DA:25,0
DA:27,0
DA:30,0
DA:31,0
DA:32,0
DA:33,0
DA:37,0
DA:38,0
DA:47,0
LF:12
LH:0
BRDA:25,0,0,0
BRDA:25,0,1,0
BRDA:32,1,0,0
BRDA:32,1,1,0
BRF:4
BRH:0
end_of_record
TN:
SF:C:\Users\chetm\projects\react-layout-generator\src\RLGLayout.tsx
FN:38,selectedStyle
FN:59,layoutStyle
FN:75,tileStyle
FN:186,(anonymous_11)
FN:204,RLGLayout
FN:251,(anonymous_13)
FN:311,(anonymous_14)
FN:353,(anonymous_15)
FN:364,(anonymous_16)
FN:386,(anonymous_17)
FN:388,(anonymous_18)
FN:415,(anonymous_19)
FN:427,(anonymous_20)
FN:448,(anonymous_21)
FN:452,(anonymous_22)
FN:462,(anonymous_23)
FN:485,(anonymous_24)
FN:590,(anonymous_25)
FN:700,(anonymous_26)
FN:717,(anonymous_27)
FN:756,(anonymous_28)
FN:764,(anonymous_29)
FN:782,(anonymous_30)
FN:783,(anonymous_31)
FN:807,(anonymous_32)
FN:814,(anonymous_33)
FN:822,(anonymous_34)
FN:836,(anonymous_35)
FN:842,(anonymous_36)
FN:846,(anonymous_37)
FN:850,(anonymous_38)
FN:854,(anonymous_39)
FN:862,(anonymous_40)
FN:867,(anonymous_41)
FN:875,(anonymous_42)
FN:886,(anonymous_43)
FN:890,(anonymous_44)
FN:905,(anonymous_45)
FN:909,(anonymous_46)
FN:188,(anonymous_47)
FN:222,(anonymous_48)
FN:232,(anonymous_49)
FN:237,(anonymous_50)
FN:262,(anonymous_51)
FN:327,(anonymous_52)
FN:335,(anonymous_53)
FN:347,(anonymous_54)
FN:951,(anonymous_55)
FN:964,(anonymous_56)
FN:970,(anonymous_57)
FN:1034,(anonymous_58)
FN:1047,(anonymous_59)
FNF:52
FNH:19
FNDA:0,selectedStyle
FNDA:0,layoutStyle
FNDA:1,tileStyle
FNDA:3,(anonymous_11)
FNDA:6,RLGLayout
FNDA:0,(anonymous_13)
FNDA:4,(anonymous_14)
FNDA:0,(anonymous_15)
FNDA:0,(anonymous_16)
FNDA:0,(anonymous_17)
FNDA:0,(anonymous_18)
FNDA:6,(anonymous_19)
FNDA:0,(anonymous_20)
FNDA:0,(anonymous_21)
FNDA:0,(anonymous_22)
FNDA:3,(anonymous_23)
FNDA:1,(anonymous_24)
FNDA:0,(anonymous_25)
FNDA:3,(anonymous_26)
FNDA:1,(anonymous_27)
FNDA:0,(anonymous_28)
FNDA:0,(anonymous_29)
FNDA:3,(anonymous_30)
FNDA:0,(anonymous_31)
FNDA:0,(anonymous_32)
FNDA:0,(anonymous_33)
FNDA:0,(anonymous_34)
FNDA:0,(anonymous_35)
FNDA:0,(anonymous_36)
FNDA:0,(anonymous_37)
FNDA:0,(anonymous_38)
FNDA:0,(anonymous_39)
FNDA:3,(anonymous_40)
FNDA:1,(anonymous_41)
FNDA:6,(anonymous_42)
FNDA:3,(anonymous_43)
FNDA:0,(anonymous_44)
FNDA:1,(anonymous_45)
FNDA:0,(anonymous_46)
FNDA:0,(anonymous_47)
FNDA:4,(anonymous_48)
FNDA:0,(anonymous_49)
FNDA:0,(anonymous_50)
FNDA:6,(anonymous_51)
FNDA:6,(anonymous_52)
FNDA:0,(anonymous_53)
FNDA:0,(anonymous_54)
FNDA:0,(anonymous_55)
FNDA:0,(anonymous_56)
FNDA:0,(anonymous_57)
FNDA:1,(anonymous_58)
FNDA:0,(anonymous_59)
DA:1,3
DA:2,3
DA:11,3
DA:12,3
DA:13,3
DA:16,3
DA:38,3
DA:39,0
DA:40,0
DA:41,0
DA:42,0
DA:59,3
DA:60,0
DA:95,1
DA:99,1
DA:101,0
DA:102,0
DA:105,0
DA:108,0
DA:111,0
DA:114,0
DA:118,1
DA:136,3
DA:142,3
DA:186,3
DA:188,3
DA:189,0
DA:192,6
DA:194,6
DA:195,6
DA:196,6
DA:197,6
DA:199,6
DA:200,6
DA:201,6
DA:202,6
DA:205,6
DA:206,6
DA:215,6
DA:217,6
DA:219,6
DA:222,3
DA:223,4
DA:224,0
DA:228,4
DA:229,4
DA:232,3
DA:233,0
DA:234,0
DA:237,3
DA:238,0
DA:242,0
DA:243,0
DA:251,6
DA:252,0
DA:253,0
DA:254,0
DA:255,0
DA:256,0
DA:258,0
DA:262,3
DA:264,6
DA:271,6
DA:272,3
DA:273,3
DA:300,3
DA:311,6
DA:312,4
DA:313,4
DA:327,6
DA:330,6
DA:331,6
DA:332,6
DA:333,2
DA:334,0
DA:335,0
DA:337,0
DA:341,2
DA:344,6
DA:345,6
DA:346,0
DA:347,0
DA:348,0
DA:353,6
DA:354,0
DA:356,0
DA:357,0
DA:358,0
DA:360,0
DA:364,6
DA:366,0
DA:367,0
DA:370,0
DA:374,0
DA:381,0
DA:382,0
DA:386,6
DA:388,0
DA:389,0
DA:390,0
DA:391,0
DA:392,0
DA:394,0
DA:395,0
DA:396,0
DA:398,0
DA:399,0
DA:403,0
DA:404,0
DA:407,0
DA:410,0
DA:415,6
DA:416,6
DA:418,6
DA:419,6
DA:420,0
DA:423,6
DA:424,6
DA:425,3
DA:426,3
DA:427,3
DA:428,0
DA:429,0
DA:434,6
DA:436,6
DA:439,6
DA:440,2
DA:441,2
DA:442,2
DA:444,0
DA:446,0
DA:447,0
DA:448,0
DA:449,0
DA:451,0
DA:452,0
DA:453,0
DA:454,0
DA:457,0
DA:462,6
DA:471,3
DA:472,3
DA:473,3
DA:482,1
DA:485,6
DA:495,1
DA:496,1
DA:497,0
DA:500,1
DA:502,1
DA:504,1
DA:506,0
DA:507,0
DA:511,1
DA:513,1
DA:515,1
DA:518,1
DA:519,0
DA:522,1
DA:523,1
DA:533,1
DA:535,1
DA:537,1
DA:538,0
DA:540,1
DA:544,1
DA:553,1
DA:569,1
DA:570,1
DA:571,0
DA:576,1
DA:587,0
DA:590,6
DA:600,0
DA:601,0
DA:602,0
DA:605,0
DA:606,0
DA:607,0
DA:609,0
DA:611,0
DA:621,0
DA:623,0
DA:625,0
DA:626,0
DA:633,0
DA:634,0
DA:641,0
DA:642,0
DA:649,0
DA:653,0
DA:662,0
DA:678,0
DA:679,0
DA:685,0
DA:688,0
DA:690,0
DA:697,0
DA:700,6
DA:701,3
DA:703,3
DA:704,3
DA:705,0
DA:706,0
DA:707,0
DA:709,3
DA:710,3
DA:714,0
DA:717,6
DA:718,1
DA:720,1
DA:721,1
DA:722,0
DA:723,0
DA:724,0
DA:725,0
DA:726,0
DA:727,0
DA:728,0
DA:731,0
DA:736,0
DA:740,1
DA:741,1
DA:742,1
DA:745,0
DA:750,1
DA:756,0
DA:757,0
DA:764,6
DA:766,0
DA:767,0
DA:770,0
DA:775,0
DA:778,0
DA:779,0
DA:782,6
DA:783,3
DA:785,0
DA:786,0
DA:789,0
DA:790,0
DA:807,6
DA:809,0
DA:811,0
DA:812,0
DA:813,0
DA:814,0
DA:815,0
DA:819,0
DA:822,6
DA:823,0
DA:825,0
DA:826,0
DA:829,0
DA:830,0
DA:832,0
DA:836,6
DA:837,0
DA:838,0
DA:842,6
DA:843,0
DA:846,6
DA:847,0
DA:850,6
DA:851,0
DA:854,6
DA:855,0
DA:856,0
DA:858,0
DA:862,6
DA:863,3
DA:864,3
DA:867,6
DA:869,1
DA:870,0
DA:872,1
DA:875,6
DA:876,6
DA:877,6
DA:880,6
DA:881,2
DA:882,2
DA:886,6
DA:887,3
DA:888,3
DA:889,3
DA:890,0
DA:891,0
DA:892,0
DA:893,0
DA:897,3
DA:905,4
DA:906,1
DA:907,1
DA:908,1
DA:909,0
DA:910,0
DA:911,0
DA:912,0
DA:916,1
DA:919,0
DA:924,4
DA:925,0
DA:938,4
DA:939,0
DA:948,4
DA:951,3
DA:952,0
DA:953,0
DA:954,0
DA:955,0
DA:956,0
DA:957,0
DA:958,0
DA:960,0
DA:964,3
DA:965,0
DA:970,0
DA:971,0
DA:972,0
DA:973,0
DA:974,0
DA:984,0
DA:993,0
DA:1007,0
DA:1009,0
DA:1018,0
DA:1034,3
DA:1035,1
DA:1036,1
DA:1037,0
DA:1038,0
DA:1039,0
DA:1041,0
DA:1042,0
DA:1043,0
DA:1045,0
DA:1046,0
DA:1047,0
DA:1049,0
DA:1052,0
DA:1054,0
DA:1057,0
DA:1059,0
DA:1060,0
DA:1073,0
DA:1080,0
DA:1081,0
DA:1082,0
DA:1096,1
DA:1098,3
LF:351
LH:154
BRDA:100,0,0,0
BRDA:100,0,1,0
BRDA:100,0,2,0
BRDA:205,1,0,6
BRDA:205,1,1,6
BRDA:253,2,0,0
BRDA:253,2,1,0
BRDA:312,3,0,4
BRDA:312,3,1,0
BRDA:354,4,0,0
BRDA:354,4,1,0
BRDA:356,5,0,0
BRDA:356,5,1,0
BRDA:356,6,0,0
BRDA:356,6,1,0
BRDA:370,7,0,0
BRDA:370,7,1,0
BRDA:370,8,0,0
BRDA:370,8,1,0
BRDA:381,9,0,0
BRDA:381,9,1,0
BRDA:381,10,0,0
BRDA:381,10,1,0
BRDA:390,11,0,0
BRDA:390,11,1,0
BRDA:395,12,0,0
BRDA:395,12,1,0
BRDA:398,13,0,0
BRDA:398,13,1,0
BRDA:403,14,0,0
BRDA:403,14,1,0
BRDA:403,15,0,0
BRDA:403,15,1,0
BRDA:419,16,0,0
BRDA:419,16,1,6
BRDA:424,17,0,3
BRDA:424,17,1,3
BRDA:426,18,0,3
BRDA:426,18,1,0
BRDA:439,19,0,2
BRDA:439,19,1,4
BRDA:439,20,0,6
BRDA:439,20,1,2
BRDA:442,21,0,0
BRDA:442,21,1,2
BRDA:442,22,0,2
BRDA:442,22,1,2
BRDA:442,22,2,0
BRDA:472,23,0,3
BRDA:472,23,1,0
BRDA:472,24,0,3
BRDA:472,24,1,3
BRDA:496,25,0,0
BRDA:496,25,1,1
BRDA:496,26,0,1
BRDA:496,26,1,0
BRDA:504,27,0,0
BRDA:504,27,1,1
BRDA:504,28,0,1
BRDA:504,28,1,0
BRDA:507,29,0,0
BRDA:507,29,1,0
BRDA:511,30,0,1
BRDA:511,30,1,0
BRDA:518,31,0,0
BRDA:518,31,1,1
BRDA:518,32,0,1
BRDA:518,32,1,0
BRDA:522,33,0,1
BRDA:522,33,1,0
BRDA:522,34,0,1
BRDA:522,34,1,1
BRDA:524,35,0,0
BRDA:524,35,1,1
BRDA:525,36,0,0
BRDA:525,36,1,1
BRDA:529,37,0,0
BRDA:529,37,1,1
BRDA:537,38,0,0
BRDA:537,38,1,1
BRDA:540,39,0,0
BRDA:540,39,1,1
BRDA:570,40,0,0
BRDA:570,40,1,1
BRDA:570,41,0,1
BRDA:570,41,1,0
BRDA:579,42,0,0
BRDA:579,42,1,1
BRDA:601,43,0,0
BRDA:601,43,1,0
BRDA:601,44,0,0
BRDA:601,44,1,0
BRDA:606,45,0,0
BRDA:606,45,1,0
BRDA:612,46,0,0
BRDA:612,46,1,0
BRDA:613,47,0,0
BRDA:613,47,1,0
BRDA:617,48,0,0
BRDA:617,48,1,0
BRDA:625,49,0,0
BRDA:625,49,1,0
BRDA:633,50,0,0
BRDA:633,50,1,0
BRDA:641,51,0,0
BRDA:641,51,1,0
BRDA:649,52,0,0
BRDA:649,52,1,0
BRDA:678,53,0,0
BRDA:678,53,1,0
BRDA:678,54,0,0
BRDA:678,54,1,0
BRDA:703,55,0,3
BRDA:703,55,1,0
BRDA:704,56,0,0
BRDA:704,56,1,3
BRDA:704,57,0,3
BRDA:704,57,1,0
BRDA:706,58,0,0
BRDA:706,58,1,0
BRDA:709,59,0,3
BRDA:709,59,1,0
BRDA:720,60,0,1
BRDA:720,60,1,0
BRDA:721,61,0,0
BRDA:721,61,1,1
BRDA:721,62,0,1
BRDA:721,62,1,0
BRDA:723,63,0,0
BRDA:723,63,1,0
BRDA:728,64,0,0
BRDA:728,64,1,0
BRDA:728,65,0,0
BRDA:728,65,1,0
BRDA:740,66,0,1
BRDA:740,66,1,0
BRDA:742,67,0,0
BRDA:742,67,1,1
BRDA:742,68,0,1
BRDA:742,68,1,1
BRDA:766,69,0,0
BRDA:766,69,1,0
BRDA:766,70,0,0
BRDA:766,70,1,0
BRDA:770,71,0,0
BRDA:770,71,1,0
BRDA:771,72,0,0
BRDA:771,72,1,0
BRDA:771,72,2,0
BRDA:785,73,0,0
BRDA:785,73,1,0
BRDA:785,74,0,0
BRDA:785,74,1,0
BRDA:809,75,0,0
BRDA:809,75,1,0
BRDA:811,76,0,0
BRDA:811,76,1,0
BRDA:811,77,0,0
BRDA:811,77,1,0
BRDA:811,77,2,0
BRDA:811,77,3,0
BRDA:823,78,0,0
BRDA:823,78,1,0
BRDA:825,79,0,0
BRDA:825,79,1,0
BRDA:825,80,0,0
BRDA:825,80,1,0
BRDA:837,81,0,0
BRDA:837,81,1,0
BRDA:854,82,0,0
BRDA:854,82,1,0
BRDA:855,83,0,0
BRDA:855,83,1,0
BRDA:869,84,0,0
BRDA:869,84,1,1
BRDA:880,85,0,2
BRDA:880,85,1,4
BRDA:880,86,0,6
BRDA:880,86,1,2
BRDA:888,87,0,3
BRDA:888,87,1,0
BRDA:889,88,0,0
BRDA:889,88,1,3
BRDA:907,89,0,1
BRDA:907,89,1,0
BRDA:908,90,0,0
BRDA:908,90,1,1
BRDA:924,91,0,0
BRDA:924,91,1,4
BRDA:924,92,0,4
BRDA:924,92,1,1
BRDA:938,93,0,0
BRDA:938,93,1,4
BRDA:938,94,0,4
BRDA:938,94,1,1
BRDA:207,95,0,1
BRDA:207,95,1,5
BRDA:209,96,0,1
BRDA:209,96,1,5
BRDA:223,97,0,0
BRDA:223,97,1,4
BRDA:238,98,0,0
BRDA:238,98,1,0
BRDA:239,99,0,0
BRDA:239,99,1,0
BRDA:271,100,0,3
BRDA:271,100,1,3
BRDA:285,101,0,0
BRDA:285,101,1,1
BRDA:330,102,0,3
BRDA:330,102,1,3
BRDA:332,103,0,2
BRDA:332,103,1,4
BRDA:333,104,0,0
BRDA:333,104,1,2
BRDA:345,105,0,0
BRDA:345,105,1,6
BRDA:952,106,0,0
BRDA:952,106,1,0
BRDA:972,107,0,0
BRDA:972,107,1,0
BRDA:981,108,0,0
BRDA:981,108,1,0
BRDA:1036,109,0,0
BRDA:1036,109,1,1
BRDA:1037,110,0,0
BRDA:1037,110,1,0
BRDA:1041,111,0,0
BRDA:1041,111,1,0
BRDA:1045,112,0,0
BRDA:1045,112,1,0
BRDA:1045,113,0,0
BRDA:1045,113,1,0
BRDA:1049,114,0,0
BRDA:1049,114,1,0
BRDA:1049,115,0,0
BRDA:1049,115,1,0
BRDA:1049,115,2,0
BRDA:1054,116,0,0
BRDA:1054,116,1,0
BRDA:1054,117,0,0
BRDA:1054,117,1,0
BRDA:1054,117,2,0
BRDA:1059,118,0,0
BRDA:1059,118,1,0
BRF:245
BRH:76
end_of_record
TN:
SF:C:\Users\chetm\projects\react-layout-generator\src\RLGPanel.tsx
FN:32,(anonymous_6)
FN:33,RLGPanel
FN:47,(anonymous_8)
FN:57,(anonymous_9)
FNF:4
FNH:1
FNDA:1,(anonymous_6)
FNDA:0,RLGPanel
FNDA:0,(anonymous_8)
FNDA:0,(anonymous_9)
DA:1,1
DA:32,1
DA:34,0
DA:36,0
DA:37,0
DA:41,0
DA:47,1
DA:48,0
DA:49,0
DA:50,0
DA:57,1
DA:58,0
DA:70,0
DA:77,1
LF:14
LH:5
BRDA:34,0,0,0
BRDA:34,0,1,0
BRDA:36,1,0,0
BRDA:36,1,1,0
BRDA:48,2,0,0
BRDA:48,2,1,0
BRDA:49,3,0,0
BRDA:49,3,1,0
BRF:8
BRH:0
end_of_record
TN:
SF:C:\Users\chetm\projects\react-layout-generator\src\types.ts
FN:14,(anonymous_0)
FN:27,stringToUnit
FN:65,namedUnit
FN:110,(anonymous_3)
FN:123,namedPositionRef
FN:166,(anonymous_5)
FN:194,(anonymous_6)
FN:208,rectSize
FN:212,rectPoint
FN:249,(anonymous_9)
FN:258,Rect
FN:262,(anonymous_11)
FN:267,(anonymous_12)
FN:272,(anonymous_13)
FN:286,(anonymous_14)
FN:282,(anonymous_15)
FN:290,(anonymous_16)
FN:294,(anonymous_17)
FN:298,(anonymous_18)
FN:305,(anonymous_19)
FN:309,(anonymous_20)
FN:313,(anonymous_21)
FN:317,(anonymous_22)
FN:329,(anonymous_23)
FN:333,(anonymous_24)
FN:342,(anonymous_25)
FN:380,(anonymous_26)
FN:384,(anonymous_28)
FNF:28
FNH:20
FNDA:10,(anonymous_0)
FNDA:9,stringToUnit
FNDA:8,namedUnit
FNDA:10,(anonymous_3)
FNDA:10,namedPositionRef
FNDA:10,(anonymous_5)
FNDA:10,(anonymous_6)
FNDA:1,rectSize
FNDA:1,rectPoint
FNDA:10,(anonymous_9)
FNDA:28,Rect
FNDA:36,(anonymous_11)
FNDA:37,(anonymous_12)
FNDA:8,(anonymous_13)
FNDA:3,(anonymous_14)
FNDA:1,(anonymous_15)
FNDA:3,(anonymous_16)
FNDA:1,(anonymous_17)
FNDA:37,(anonymous_18)
FNDA:0,(anonymous_19)
FNDA:0,(anonymous_20)
FNDA:0,(anonymous_21)
FNDA:0,(anonymous_22)
FNDA:0,(anonymous_23)
FNDA:0,(anonymous_24)
FNDA:0,(anonymous_25)
FNDA:10,(anonymous_26)
FNDA:0,(anonymous_28)
DA:14,10
DA:15,10
DA:16,10
DA:17,10
DA:18,10
DA:19,10
DA:22,10
DA:23,10
DA:24,10
DA:27,10
DA:28,9
DA:30,1
DA:33,1
DA:36,1
DA:37,0
DA:40,2
DA:42,1
DA:45,1
DA:48,0
DA:51,2
DA:53,1
DA:56,1
DA:59,0
DA:62,2
DA:65,10
DA:66,8
DA:67,8
DA:69,1
DA:70,1
DA:73,1
DA:74,1
DA:77,1
DA:78,1
DA:81,1
DA:82,1
DA:85,1
DA:86,1
DA:90,1
DA:91,1
DA:94,1
DA:95,1
DA:98,1
DA:99,1
DA:102,8
DA:110,10
DA:111,10
DA:112,10
DA:113,10
DA:114,10
DA:115,10
DA:116,10
DA:117,10
DA:118,10
DA:119,10
DA:120,10
DA:123,10
DA:124,10
DA:125,10
DA:127,1
DA:128,1
DA:131,1
DA:132,1
DA:135,1
DA:136,1
DA:139,1
DA:140,1
DA:143,1
DA:144,1
DA:147,1
DA:148,1
DA:151,1
DA:152,1
DA:155,1
DA:156,1
DA:159,1
DA:160,1
DA:163,10
DA:166,10
DA:167,10
DA:169,10
DA:171,10
DA:173,10
DA:175,10
DA:177,10
DA:179,10
DA:181,10
DA:183,10
DA:185,10
DA:187,10
DA:189,10
DA:194,10
DA:195,10
DA:196,10
DA:208,10
DA:209,1
DA:212,10
DA:213,1
DA:249,10
DA:250,28
DA:251,28
DA:252,28
DA:253,28
DA:259,28
DA:262,10
DA:263,36
DA:264,36
DA:267,10
DA:268,37
DA:269,37
DA:272,10
DA:273,8
DA:279,8
DA:282,10
DA:283,1
DA:287,3
DA:290,10
DA:291,3
DA:295,1
DA:298,10
DA:299,37
DA:300,37
DA:305,10
DA:306,0
DA:309,10
DA:310,0
DA:313,10
DA:314,0
DA:317,10
DA:318,0
DA:329,10
DA:330,0
DA:333,10
DA:334,0
DA:342,10
DA:343,0
DA:357,10
DA:380,10
DA:381,0
DA:382,0
DA:384,0
DA:385,0
DA:387,10
LF:142
LH:128
BRDA:14,0,0,10
BRDA:14,0,1,10
BRDA:29,1,0,1
BRDA:29,1,1,1
BRDA:29,1,2,1
BRDA:29,1,3,2
BRDA:29,1,4,2
BRDA:41,2,0,1
BRDA:41,2,1,1
BRDA:52,3,0,1
BRDA:52,3,1,1
BRDA:68,4,0,1
BRDA:68,4,1,1
BRDA:68,4,2,1
BRDA:68,4,3,1
BRDA:68,4,4,1
BRDA:68,4,5,1
BRDA:68,4,6,1
BRDA:68,4,7,1
BRDA:110,5,0,10
BRDA:110,5,1,10
BRDA:126,6,0,1
BRDA:126,6,1,1
BRDA:126,6,2,1
BRDA:126,6,3,1
BRDA:126,6,4,1
BRDA:126,6,5,1
BRDA:126,6,6,1
BRDA:126,6,7,1
BRDA:126,6,8,1
BRDA:166,7,0,10
BRDA:166,7,1,10
BRDA:194,8,0,10
BRDA:194,8,1,10
BRDA:385,9,0,0
BRDA:385,9,1,0
BRF:36
BRH:34
end_of_record
TN:
SF:C:\Users\chetm\projects\react-layout-generator\src\utils.ts
FN:3,clone
FN:23,(anonymous_1)
FN:26,PixelPoint
FN:30,(anonymous_3)
FN:38,toPixel
FN:124,toPercent
FN:210,add
FNF:7
FNH:3
FNDA:122,clone
FNDA:7,(anonymous_1)
FNDA:0,PixelPoint
FNDA:0,(anonymous_3)
FNDA:3,toPixel
FNDA:0,toPercent
FNDA:0,add
DA:1,7
DA:3,7
DA:4,122
DA:5,2
DA:8,120
DA:9,120
DA:10,288
DA:11,288
DA:12,288
DA:15,120
DA:23,7
DA:27,0
DA:30,7
DA:31,0
DA:36,7
DA:38,7
DA:39,3
DA:41,0
DA:42,0
DA:45,1
DA:46,1
DA:47,1
DA:52,0
DA:53,0
DA:58,0
DA:62,2
DA:65,2
DA:66,2
DA:67,2
DA:72,0
DA:73,0
DA:78,0
DA:81,0
DA:82,0
DA:83,0
DA:84,0
DA:89,0
DA:90,0
DA:95,0
DA:98,0
DA:99,0
DA:100,0
DA:101,0
DA:106,0
DA:107,0
DA:112,0
DA:117,0
DA:118,0
DA:121,0
DA:124,7
DA:125,0
DA:127,0
DA:128,0
DA:129,0
DA:134,0
DA:135,0
DA:140,0
DA:143,0
DA:144,0
DA:148,0
DA:151,0
DA:152,0
DA:153,0
DA:158,0
DA:159,0
DA:164,0
DA:167,0
DA:168,0
DA:169,0
DA:170,0
DA:175,0
DA:176,0
DA:181,0
DA:184,0
DA:185,0
DA:186,0
DA:187,0
DA:192,0
DA:193,0
DA:198,0
DA:203,0
DA:204,0
DA:207,0
DA:210,7
DA:211,0
DA:212,0
DA:214,0
DA:215,0
DA:220,0
DA:221,0
DA:227,0
LF:91
LH:24
BRDA:4,0,0,2
BRDA:4,0,1,120
BRDA:8,1,0,0
BRDA:8,1,1,120
BRDA:10,2,0,288
BRDA:10,2,1,0
BRDA:12,3,0,96
BRDA:12,3,1,192
BRDA:40,4,0,0
BRDA:40,4,1,1
BRDA:40,4,2,2
BRDA:40,4,3,0
BRDA:40,4,4,0
BRDA:40,4,5,0
BRDA:40,4,6,0
BRDA:40,4,7,0
BRDA:45,5,0,1
BRDA:45,5,1,0
BRDA:63,6,0,2
BRDA:63,6,1,0
BRDA:65,7,0,2
BRDA:65,7,1,0
BRDA:82,8,0,0
BRDA:82,8,1,0
BRDA:99,9,0,0
BRDA:99,9,1,0
BRDA:126,10,0,0
BRDA:126,10,1,0
BRDA:126,10,2,0
BRDA:126,10,3,0
BRDA:126,10,4,0
BRDA:126,10,5,0
BRDA:126,10,6,0
BRDA:126,10,7,0
BRDA:127,11,0,0
BRDA:127,11,1,0
BRDA:149,12,0,0
BRDA:149,12,1,0
BRDA:151,13,0,0
BRDA:151,13,1,0
BRDA:168,14,0,0
BRDA:168,14,1,0
BRDA:185,15,0,0
BRDA:185,15,1,0
BRDA:214,16,0,0
BRDA:214,16,1,0
BRDA:214,17,0,0
BRDA:214,17,1,0
BRDA:220,18,0,0
BRDA:220,18,1,0
BRDA:220,19,0,0
BRDA:220,19,1,0
BRF:52
BRH:11
end_of_record
TN:
SF:C:\Users\chetm\projects\react-layout-generator\src\components\Block.ts
FN:45,(anonymous_2)
FN:82,(anonymous_3)
FN:138,Block
FN:152,(anonymous_5)
FN:181,(anonymous_6)
FN:205,(anonymous_7)
FN:238,(anonymous_8)
FN:243,(anonymous_9)
FN:251,(anonymous_10)
FN:258,(anonymous_11)
FN:301,(anonymous_12)
FN:313,(anonymous_13)
FN:397,(anonymous_14)
FN:498,(anonymous_15)
FN:523,(anonymous_16)
FN:627,(anonymous_17)
FN:637,(anonymous_18)
FN:650,(anonymous_19)
FN:664,(anonymous_20)
FN:83,(anonymous_21)
FN:87,(anonymous_22)
FN:91,(anonymous_23)
FN:95,(anonymous_24)
FN:99,(anonymous_25)
FN:103,(anonymous_26)
FN:107,(anonymous_27)
FN:111,(anonymous_28)
FN:115,(anonymous_29)
FN:119,(anonymous_30)
FN:123,(anonymous_31)
FN:161,(anonymous_32)
FN:165,(anonymous_33)
FN:169,(anonymous_34)
FN:173,(anonymous_35)
FN:177,(anonymous_36)
FN:408,(anonymous_37)
FN:416,(anonymous_38)
FN:466,(anonymous_39)
FN:476,(anonymous_40)
FN:488,(anonymous_41)
FN:490,(anonymous_42)
FN:516,(anonymous_43)
FNF:42
FNH:19
FNDA:6,(anonymous_2)
FNDA:6,(anonymous_3)
FNDA:26,Block
FNDA:0,(anonymous_5)
FNDA:0,(anonymous_6)
FNDA:12,(anonymous_7)
FNDA:24,(anonymous_8)
FNDA:8,(anonymous_9)
FNDA:0,(anonymous_10)
FNDA:3,(anonymous_11)
FNDA:0,(anonymous_12)
FNDA:36,(anonymous_13)
FNDA:0,(anonymous_14)
FNDA:0,(anonymous_15)
FNDA:6,(anonymous_16)
FNDA:12,(anonymous_17)
FNDA:3,(anonymous_18)
FNDA:0,(anonymous_19)
FNDA:0,(anonymous_20)
FNDA:2,(anonymous_21)
FNDA:0,(anonymous_22)
FNDA:1,(anonymous_23)
FNDA:0,(anonymous_24)
FNDA:0,(anonymous_25)
FNDA:0,(anonymous_26)
FNDA:0,(anonymous_27)
FNDA:1,(anonymous_28)
FNDA:12,(anonymous_29)
FNDA:0,(anonymous_30)
FNDA:0,(anonymous_31)
FNDA:0,(anonymous_32)
FNDA:0,(anonymous_33)
FNDA:0,(anonymous_34)
FNDA:0,(anonymous_35)
FNDA:1,(anonymous_36)
FNDA:24,(anonymous_37)
FNDA:26,(anonymous_38)
FNDA:0,(anonymous_39)
FNDA:0,(anonymous_40)
FNDA:27,(anonymous_41)
FNDA:0,(anonymous_42)
FNDA:0,(anonymous_43)
DA:3,6
DA:4,6
DA:5,6
DA:8,6
DA:9,6
DA:10,6
DA:45,6
DA:46,6
DA:47,6
DA:48,6
DA:49,6
DA:50,6
DA:82,6
DA:83,6
DA:84,2
DA:87,6
DA:88,0
DA:91,6
DA:92,1
DA:95,6
DA:96,0
DA:99,6
DA:100,0
DA:103,6
DA:104,0
DA:107,6
DA:108,0
DA:111,6
DA:112,1
DA:115,6
DA:116,12
DA:120,0
DA:123,6
DA:124,0
DA:127,26
DA:134,26
DA:138,26
DA:140,26
DA:141,26
DA:142,26
DA:143,24
DA:144,24
DA:145,24
DA:146,24
DA:147,24
DA:148,24
DA:149,24
DA:152,26
DA:153,0
DA:161,6
DA:162,0
DA:166,0
DA:169,6
DA:170,0
DA:174,0
DA:177,6
DA:178,1
DA:181,26
DA:182,0
DA:183,0
DA:184,0
DA:185,0
DA:186,0
DA:187,0
DA:189,0
DA:191,0
DA:192,0
DA:194,0
DA:196,0
DA:199,0
DA:205,26
DA:207,12
DA:208,0
DA:209,0
DA:210,0
DA:211,0
DA:212,0
DA:213,0
DA:217,0
DA:225,12
DA:229,12
DA:230,0
DA:232,12
DA:238,26
DA:240,24
DA:243,26
DA:244,8
DA:245,8
DA:246,8
DA:248,8
DA:251,26
DA:252,0
DA:258,26
DA:262,3
DA:264,3
DA:265,0
DA:267,0
DA:268,0
DA:269,0
DA:271,0
DA:273,0
DA:275,0
DA:277,0
DA:280,0
DA:286,0
DA:288,3
DA:289,3
DA:293,3
DA:298,3
DA:301,26
DA:303,0
DA:307,0
DA:313,26
DA:314,36
DA:316,12
DA:317,12
DA:318,7
DA:319,7
DA:324,5
DA:325,5
DA:330,0
DA:333,0
DA:335,0
DA:337,0
DA:338,0
DA:339,0
DA:344,0
DA:345,0
DA:350,0
DA:353,0
DA:355,0
DA:357,0
DA:358,0
DA:359,0
DA:364,0
DA:365,0
DA:370,0
DA:373,0
DA:375,0
DA:377,0
DA:378,0
DA:379,0
DA:384,0
DA:385,0
DA:390,0
DA:394,24
DA:397,26
DA:398,0
DA:402,0
DA:403,0
DA:404,0
DA:408,6
DA:409,24
DA:410,24
DA:412,0
DA:416,26
DA:417,26
DA:418,24
DA:421,24
DA:422,24
DA:428,9
DA:429,9
DA:430,15
DA:431,15
DA:432,15
DA:434,0
DA:438,24
DA:439,24
DA:445,3
DA:446,3
DA:447,21
DA:448,21
DA:449,21
DA:451,0
DA:455,24
DA:456,0
DA:457,0
DA:458,0
DA:459,0
DA:460,0
DA:461,0
DA:464,24
DA:465,0
DA:466,0
DA:467,0
DA:473,24
DA:476,6
DA:477,0
DA:478,0
DA:480,0
DA:481,0
DA:483,0
DA:484,0
DA:488,27
DA:489,27
DA:490,27
DA:491,0
DA:492,0
DA:493,0
DA:498,26
DA:500,0
DA:501,0
DA:502,0
DA:504,0
DA:505,0
DA:506,0
DA:510,0
DA:511,0
DA:513,0
DA:516,6
DA:517,0
DA:523,26
DA:527,6
DA:529,3
DA:530,3
DA:531,3
DA:532,2
DA:533,2
DA:538,1
DA:539,1
DA:545,0
DA:548,0
DA:550,0
DA:551,0
DA:552,0
DA:553,0
DA:554,0
DA:559,0
DA:560,0
DA:566,0
DA:569,0
DA:570,0
DA:571,0
DA:572,0
DA:573,0
DA:574,0
DA:579,0
DA:580,0
DA:586,0
DA:589,0
DA:590,0
DA:591,0
DA:592,0
DA:593,0
DA:594,0
DA:599,0
DA:600,0
DA:606,0
DA:611,3
DA:627,26
DA:628,12
DA:637,26
DA:638,3
DA:650,26
DA:651,0
DA:664,26
DA:665,0
DA:670,6
LF:258
LH:123
BRDA:45,0,0,6
BRDA:45,0,1,6
BRDA:183,1,0,0
BRDA:183,1,1,0
BRDA:185,2,0,0
BRDA:185,2,1,0
BRDA:207,3,0,0
BRDA:207,3,1,12
BRDA:209,4,0,0
BRDA:209,4,1,0
BRDA:229,5,0,0
BRDA:229,5,1,12
BRDA:244,6,0,8
BRDA:244,6,1,0
BRDA:244,7,0,8
BRDA:244,7,1,0
BRDA:262,8,0,3
BRDA:262,8,1,0
BRDA:264,9,0,0
BRDA:264,9,1,3
BRDA:264,10,0,3
BRDA:264,10,1,0
BRDA:315,11,0,12
BRDA:315,11,1,0
BRDA:315,11,2,0
BRDA:315,11,3,0
BRDA:317,12,0,7
BRDA:317,12,1,5
BRDA:335,13,0,0
BRDA:335,13,1,0
BRDA:337,14,0,0
BRDA:337,14,1,0
BRDA:357,15,0,0
BRDA:357,15,1,0
BRDA:377,16,0,0
BRDA:377,16,1,0
BRDA:398,17,0,0
BRDA:398,17,1,0
BRDA:399,18,0,0
BRDA:399,18,1,0
BRDA:500,19,0,0
BRDA:500,19,1,0
BRDA:501,20,0,0
BRDA:501,20,1,0
BRDA:505,21,0,0
BRDA:505,21,1,0
BRDA:510,22,0,0
BRDA:510,22,1,0
BRDA:528,23,0,3
BRDA:528,23,1,0
BRDA:528,23,2,0
BRDA:528,23,3,0
BRDA:530,24,0,3
BRDA:530,24,1,0
BRDA:530,25,0,3
BRDA:530,25,1,3
BRDA:531,26,0,2
BRDA:531,26,1,1
BRDA:550,27,0,0
BRDA:550,27,1,0
BRDA:551,28,0,0
BRDA:551,28,1,0
BRDA:552,29,0,0
BRDA:552,29,1,0
BRDA:571,30,0,0
BRDA:571,30,1,0
BRDA:572,31,0,0
BRDA:572,31,1,0
BRDA:591,32,0,0
BRDA:591,32,1,0
BRDA:592,33,0,0
BRDA:592,33,1,0
BRDA:409,34,0,24
BRDA:409,34,1,0
BRDA:422,35,0,9
BRDA:422,35,1,15
BRDA:423,36,0,24
BRDA:423,36,1,15
BRDA:423,36,2,15
BRDA:423,36,3,15
BRDA:430,37,0,15
BRDA:430,37,1,0
BRDA:439,38,0,3
BRDA:439,38,1,21
BRDA:440,39,0,24
BRDA:440,39,1,21
BRDA:440,39,2,21
BRDA:440,39,3,21
BRDA:447,40,0,21
BRDA:447,40,1,0
BRDA:455,41,0,0
BRDA:455,41,1,24
BRDA:455,42,0,24
BRDA:455,42,1,0
BRDA:464,43,0,0
BRDA:464,43,1,24
BRDA:465,44,0,0
BRDA:465,44,1,0
BRDA:477,45,0,0
BRDA:477,45,1,0
BRDA:480,46,0,0
BRDA:480,46,1,0
BRDA:483,47,0,0
BRDA:483,47,1,0
BRDA:492,48,0,0
BRDA:492,48,1,0
BRF:106
BRH:36
end_of_record
TN:
SF:C:\Users\chetm\projects\react-layout-generator\src\components\Blocks.ts
FN:4,(anonymous_0)
FN:8,Blocks
FN:11,(anonymous_2)
FN:16,(anonymous_3)
FN:20,(anonymous_4)
FN:24,(anonymous_5)
FN:28,(anonymous_6)
FN:34,(anonymous_7)
FN:38,(anonymous_8)
FNF:9
FNH:8
FNDA:6,(anonymous_0)
FNDA:10,Blocks
FNDA:1,(anonymous_2)
FNDA:12,(anonymous_3)
FNDA:3,(anonymous_4)
FNDA:0,(anonymous_5)
FNDA:4,(anonymous_6)
FNDA:4,(anonymous_7)
FNDA:10,(anonymous_8)
DA:2,6
DA:4,6
DA:8,10
DA:9,10
DA:10,10
DA:11,10
DA:12,1
DA:16,6
DA:17,12
DA:20,6
DA:21,3
DA:24,6
DA:25,0
DA:28,6
DA:31,4
DA:34,6
DA:35,4
DA:38,6
DA:39,10
DA:40,10
DA:41,0
DA:43,10
DA:44,8
DA:45,8
DA:47,8
DA:50,8
DA:52,6
LF:27
LH:25
BRDA:40,0,0,0
BRDA:40,0,1,10
BRDA:45,1,0,8
BRDA:45,1,1,0
BRF:4
BRH:2
end_of_record
TN:
SF:C:\Users\chetm\projects\react-layout-generator\src\components\Params.ts
FN:30,(anonymous_0)
FN:38,Params
FN:51,(anonymous_2)
FN:58,(anonymous_3)
FN:71,(anonymous_4)
FN:84,(anonymous_5)
FN:94,(anonymous_6)
FN:104,(anonymous_7)
FN:108,(anonymous_8)
FN:112,(anonymous_9)
FN:116,(anonymous_10)
FN:120,(anonymous_11)
FN:124,(anonymous_12)
FN:130,(anonymous_13)
FN:134,(anonymous_14)
FN:144,(anonymous_15)
FNF:16
FNH:6
FNDA:6,(anonymous_0)
FNDA:6,Params
FNDA:6,(anonymous_2)
FNDA:0,(anonymous_3)
FNDA:0,(anonymous_4)
FNDA:6,(anonymous_5)
FNDA:0,(anonymous_6)
FNDA:0,(anonymous_7)
FNDA:0,(anonymous_8)
FNDA:0,(anonymous_9)
FNDA:0,(anonymous_10)
FNDA:0,(anonymous_11)
FNDA:0,(anonymous_12)
FNDA:0,(anonymous_13)
FNDA:26,(anonymous_14)
FNDA:13,(anonymous_15)
DA:1,6
DA:3,6
DA:30,6
DA:39,6
DA:40,6
DA:41,6
DA:42,6
DA:43,6
DA:44,6
DA:46,6
DA:47,6
DA:51,6
DA:57,6
DA:58,0
DA:59,0
DA:63,6
DA:64,0
DA:69,6
DA:70,6
DA:71,0
DA:72,0
DA:73,0
DA:75,0
DA:76,0
DA:78,0
DA:80,0
DA:84,6
DA:85,6
DA:89,6
DA:94,0
DA:95,0
DA:96,0
DA:97,0
DA:101,0
DA:104,6
DA:105,0
DA:108,6
DA:109,0
DA:113,0
DA:116,6
DA:117,0
DA:121,0
DA:124,6
DA:125,0
DA:126,0
DA:127,0
DA:130,6
DA:131,0
DA:134,6
DA:135,26
DA:136,0
DA:137,0
DA:138,0
DA:141,26
DA:144,6
DA:145,13
DA:148,13
DA:150,3
DA:151,3
DA:152,0
DA:154,3
DA:155,3
DA:158,10
DA:160,6
DA:161,6
DA:162,0
DA:164,6
DA:165,6
DA:168,4
DA:170,6
LF:70
LH:41
BRDA:44,0,0,0
BRDA:44,0,1,6
BRDA:46,1,0,6
BRDA:46,1,1,0
BRDA:57,2,0,0
BRDA:57,2,1,6
BRDA:63,3,0,0
BRDA:63,3,1,6
BRDA:69,4,0,6
BRDA:69,4,1,0
BRDA:70,5,0,0
BRDA:70,5,1,6
BRDA:73,6,0,0
BRDA:73,6,1,0
BRDA:75,7,0,0
BRDA:75,7,1,0
BRDA:96,8,0,0
BRDA:96,8,1,0
BRDA:135,9,0,0
BRDA:135,9,1,26
BRDA:135,10,0,26
BRDA:135,10,1,0
BRDA:137,11,0,0
BRDA:137,11,1,0
BRDA:148,12,0,3
BRDA:148,12,1,10
BRDA:148,13,0,13
BRDA:148,13,1,7
BRDA:151,14,0,0
BRDA:151,14,1,3
BRDA:158,15,0,6
BRDA:158,15,1,4
BRDA:161,16,0,0
BRDA:161,16,1,6
BRF:34
BRH:16
end_of_record
TN:
SF:C:\Users\chetm\projects\react-layout-generator\src\editors\EditHelper.ts
FN:5,(anonymous_0)
FN:21,(anonymous_1)
FN:26,EditHelper
FN:32,(anonymous_3)
FN:56,(anonymous_4)
FN:71,(anonymous_5)
FN:36,(anonymous_6)
FN:41,(anonymous_7)
FN:44,(anonymous_8)
FNF:9
FNH:2
FNDA:3,(anonymous_0)
FNDA:3,(anonymous_1)
FNDA:0,EditHelper
FNDA:0,(anonymous_3)
FNDA:0,(anonymous_4)
FNDA:0,(anonymous_5)
FNDA:0,(anonymous_6)
FNDA:0,(anonymous_7)
FNDA:0,(anonymous_8)
DA:5,3
DA:6,3
DA:7,3
DA:8,3
DA:21,3
DA:26,0
DA:27,0
DA:28,0
DA:29,0
DA:32,0
DA:33,0
DA:36,3
DA:37,0
DA:38,0
DA:41,3
DA:42,0
DA:43,0
DA:44,0
DA:45,0
DA:46,0
DA:51,0
DA:52,0
DA:56,0
DA:57,0
DA:58,0
DA:59,0
DA:60,0
DA:61,0
DA:62,0
DA:63,0
DA:64,0
DA:65,0
DA:71,0
DA:73,0
DA:74,0
DA:75,0
DA:76,0
DA:77,0
DA:79,0
DA:81,3
LF:40
LH:8
BRDA:5,0,0,3
BRDA:5,0,1,3
BRDA:58,1,0,0
BRDA:58,1,1,0
BRDA:60,2,0,0
BRDA:60,2,1,0
BRDA:60,3,0,0
BRDA:60,3,1,0
BRDA:62,4,0,0
BRDA:62,4,1,0
BRDA:62,5,0,0
BRDA:62,5,1,0
BRDA:64,6,0,0
BRDA:64,6,1,0
BRDA:74,7,0,0
BRDA:74,7,1,0
BRDA:74,8,0,0
BRDA:74,8,1,0
BRDA:76,9,0,0
BRDA:76,9,1,0
BRDA:76,10,0,0
BRDA:76,10,1,0
BRDA:51,11,0,0
BRDA:51,11,1,0
BRF:24
BRH:2
end_of_record
TN:
SF:C:\Users\chetm\projects\react-layout-generator\src\editors\RLGContextMenu.tsx
FN:24,(anonymous_6)
FN:29,RLGContextMenu
FN:91,(anonymous_8)
FN:95,(anonymous_9)
FN:96,(anonymous_10)
FN:106,(anonymous_11)
FN:138,(anonymous_12)
FN:35,(anonymous_13)
FN:41,(anonymous_14)
FN:45,(anonymous_15)
FN:55,(anonymous_16)
FN:58,(anonymous_17)
FNF:12
FNH:1
FNDA:3,(anonymous_6)
FNDA:0,RLGContextMenu
FNDA:0,(anonymous_8)
FNDA:0,(anonymous_9)
FNDA:0,(anonymous_10)
FNDA:0,(anonymous_11)
FNDA:0,(anonymous_12)
FNDA:0,(anonymous_13)
FNDA:0,(anonymous_14)
FNDA:0,(anonymous_15)
FNDA:0,(anonymous_16)
FNDA:0,(anonymous_17)
DA:1,3
DA:5,3
DA:24,3
DA:30,0
DA:32,0
DA:35,3
DA:36,0
DA:38,0
DA:41,3
DA:42,0
DA:45,3
DA:46,0
DA:55,3
DA:56,0
DA:57,0
DA:58,0
DA:60,0
DA:61,0
DA:65,0
DA:66,0
DA:73,0
DA:88,0
DA:91,0
DA:92,0
DA:95,0
DA:96,0
DA:97,0
DA:98,0
DA:99,0
DA:100,0
DA:106,0
DA:108,0
DA:109,0
DA:111,0
DA:112,0
DA:113,0
DA:115,0
DA:116,0
DA:117,0
DA:118,0
DA:120,0
DA:121,0
DA:124,0
DA:125,0
DA:128,0
DA:129,0
DA:132,0
DA:133,0
DA:138,0
DA:140,0
DA:141,0
DA:142,0
DA:145,0
DA:146,0
DA:149,3
LF:55
LH:8
BRDA:30,0,0,0
BRDA:30,0,1,0
BRDA:99,1,0,0
BRDA:99,1,1,0
BRDA:111,2,0,0
BRDA:111,2,1,0
BRDA:120,3,0,0
BRDA:120,3,1,0
BRDA:124,4,0,0
BRDA:124,4,1,0
BRDA:128,5,0,0
BRDA:128,5,1,0
BRDA:132,6,0,0
BRDA:132,6,1,0
BRDA:141,7,0,0
BRDA:141,7,1,0
BRDA:141,8,0,0
BRDA:141,8,1,0
BRDA:145,9,0,0
BRDA:145,9,1,0
BRDA:57,10,0,0
BRDA:57,10,1,0
BRDA:60,11,0,0
BRDA:60,11,1,0
BRDA:65,12,0,0
BRDA:65,12,1,0
BRF:26
BRH:0
end_of_record
TN:
SF:C:\Users\chetm\projects\react-layout-generator\src\editors\RLGEditLayout.tsx
FN:23,editStyle
FN:52,(anonymous_7)
FN:64,RLGEditLayout
FN:89,(anonymous_9)
FN:114,(anonymous_10)
FN:179,(anonymous_11)
FN:183,(anonymous_12)
FN:189,(anonymous_13)
FN:197,(anonymous_14)
FN:205,(anonymous_15)
FN:213,(anonymous_16)
FN:222,(anonymous_17)
FN:285,(anonymous_18)
FN:299,(anonymous_19)
FN:307,(anonymous_20)
FN:330,(anonymous_21)
FN:334,(anonymous_22)
FN:340,(anonymous_23)
FN:346,(anonymous_24)
FN:82,(anonymous_25)
FN:107,(anonymous_26)
FN:118,(anonymous_27)
FNF:22
FNH:1
FNDA:0,editStyle
FNDA:3,(anonymous_7)
FNDA:0,RLGEditLayout
FNDA:0,(anonymous_9)
FNDA:0,(anonymous_10)
FNDA:0,(anonymous_11)
FNDA:0,(anonymous_12)
FNDA:0,(anonymous_13)
FNDA:0,(anonymous_14)
FNDA:0,(anonymous_15)
FNDA:0,(anonymous_16)
FNDA:0,(anonymous_17)
FNDA:0,(anonymous_18)
FNDA:0,(anonymous_19)
FNDA:0,(anonymous_20)
FNDA:0,(anonymous_21)
FNDA:0,(anonymous_22)
FNDA:0,(anonymous_23)
FNDA:0,(anonymous_24)
FNDA:0,(anonymous_25)
FNDA:0,(anonymous_26)
FNDA:0,(anonymous_27)
DA:1,3
DA:4,3
DA:5,3
DA:24,0
DA:52,3
DA:58,0
DA:60,0
DA:61,0
DA:65,0
DA:66,0
DA:67,0
DA:68,0
DA:69,0
DA:71,0
DA:72,0
DA:73,0
DA:74,0
DA:77,0
DA:78,0
DA:82,3
DA:83,0
DA:84,0
DA:86,0
DA:89,0
DA:90,0
DA:91,0
DA:103,0
DA:107,3
DA:108,0
DA:109,0
DA:110,0
DA:111,0
DA:114,0
DA:115,0
DA:118,3
DA:120,0
DA:121,0
DA:123,0
DA:124,0
DA:125,0
DA:127,0
DA:131,0
DA:134,0
DA:135,0
DA:138,0
DA:139,0
DA:142,0
DA:143,0
DA:146,0
DA:147,0
DA:150,0
DA:151,0
DA:157,0
DA:158,0
DA:159,0
DA:162,0
DA:165,0
DA:166,0
DA:167,0
DA:168,0
DA:173,0
DA:175,0
DA:179,0
DA:183,0
DA:185,0
DA:189,0
DA:192,0
DA:193,0
DA:194,0
DA:197,0
DA:200,0
DA:201,0
DA:202,0
DA:205,0
DA:210,0
DA:213,0
DA:214,0
DA:215,0
DA:216,0
DA:217,0
DA:222,0
DA:224,0
DA:226,0
DA:229,0
DA:231,0
DA:232,0
DA:234,0
DA:235,0
DA:236,0
DA:237,0
DA:238,0
DA:240,0
DA:241,0
DA:242,0
DA:243,0
DA:244,0
DA:245,0
DA:246,0
DA:247,0
DA:248,0
DA:251,0
DA:252,0
DA:253,0
DA:254,0
DA:256,0
DA:259,0
DA:262,0
DA:263,0
DA:264,0
DA:265,0
DA:268,0
DA:269,0
DA:270,0
DA:271,0
DA:273,0
DA:275,0
DA:277,0
DA:278,0
DA:280,0
DA:285,0
DA:299,0
DA:300,0
DA:301,0
DA:302,0
DA:303,0
DA:307,0
DA:309,0
DA:311,0
DA:312,0
DA:315,0
DA:316,0
DA:317,0
DA:319,0
DA:320,0
DA:322,0
DA:323,0
DA:324,0
DA:326,0
DA:330,0
DA:334,0
DA:335,0
DA:336,0
DA:340,0
DA:341,0
DA:342,0
DA:346,0
DA:348,0
DA:349,0
DA:352,3
LF:149
LH:8
BRDA:65,0,0,0
BRDA:65,0,1,0
BRDA:90,1,0,0
BRDA:90,1,1,0
BRDA:214,2,0,0
BRDA:214,2,1,0
BRDA:216,3,0,0
BRDA:216,3,1,0
BRDA:224,4,0,0
BRDA:224,4,1,0
BRDA:229,5,0,0
BRDA:229,5,1,0
BRDA:231,6,0,0
BRDA:231,6,1,0
BRDA:238,7,0,0
BRDA:238,7,1,0
BRDA:242,8,0,0
BRDA:242,8,1,0
BRDA:244,9,0,0
BRDA:244,9,1,0
BRDA:247,10,0,0
BRDA:247,10,1,0
BRDA:251,11,0,0
BRDA:251,11,1,0
BRDA:253,12,0,0
BRDA:253,12,1,0
BRDA:262,13,0,0
BRDA:262,13,1,0
BRDA:264,14,0,0
BRDA:264,14,1,0
BRDA:269,15,0,0
BRDA:269,15,1,0
BRDA:300,16,0,0
BRDA:300,16,1,0
BRDA:309,17,0,0
BRDA:309,17,1,0
BRDA:309,18,0,0
BRDA:309,18,1,0
BRDA:311,19,0,0
BRDA:311,19,1,0
BRDA:311,19,2,0
BRDA:312,20,0,0
BRDA:312,20,1,0
BRDA:315,21,0,0
BRDA:315,21,1,0
BRDA:319,22,0,0
BRDA:319,22,1,0
BRDA:335,23,0,0
BRDA:335,23,1,0
BRDA:335,24,0,0
BRDA:335,24,1,0
BRDA:341,25,0,0
BRDA:341,25,1,0
BRDA:341,26,0,0
BRDA:341,26,1,0
BRDA:348,27,0,0
BRDA:348,27,1,0
BRDA:72,28,0,0
BRDA:72,28,1,0
BRDA:77,29,0,0
BRDA:77,29,1,0
BRDA:83,30,0,0
BRDA:83,30,1,0
BRDA:83,31,0,0
BRDA:83,31,1,0
BRDA:123,32,0,0
BRDA:123,32,1,0
BRDA:124,33,0,0
BRDA:124,33,1,0
BRDA:131,34,0,0
BRDA:131,34,1,0
BRDA:131,35,0,0
BRDA:131,35,1,0
BRDA:138,36,0,0
BRDA:138,36,1,0
BRDA:142,37,0,0
BRDA:142,37,1,0
BRDA:146,38,0,0
BRDA:146,38,1,0
BRDA:150,39,0,0
BRDA:150,39,1,0
BRDA:157,40,0,0
BRDA:157,40,1,0
BRDA:157,41,0,0
BRDA:157,41,1,0
BRDA:165,42,0,0
BRDA:165,42,1,0
BRDA:167,43,0,0
BRDA:167,43,1,0
BRF:89
BRH:0
end_of_record
TN:
SF:C:\Users\chetm\projects\react-layout-generator\src\editors\RLGSelect.tsx
FN:62,(anonymous_6)
FN:70,Command
FN:77,(anonymous_8)
FN:87,(anonymous_9)
FN:102,(anonymous_10)
FN:109,RLGSelect
FN:150,(anonymous_12)
FN:154,(anonymous_13)
FN:169,(anonymous_14)
FN:182,(anonymous_15)
FN:186,(anonymous_16)
FN:216,(anonymous_17)
FN:218,(anonymous_18)
FN:225,(anonymous_19)
FN:230,(anonymous_20)
FN:243,(anonymous_21)
FN:248,(anonymous_22)
FN:261,(anonymous_23)
FN:266,(anonymous_24)
FN:278,(anonymous_25)
FN:283,(anonymous_26)
FN:295,(anonymous_27)
FN:300,(anonymous_28)
FN:312,(anonymous_29)
FN:317,(anonymous_30)
FN:119,(anonymous_31)
FN:123,(anonymous_32)
FN:131,(anonymous_33)
FN:200,(anonymous_34)
FN:204,(anonymous_35)
FN:208,(anonymous_36)
FN:329,(anonymous_37)
FNF:32
FNH:2
FNDA:3,(anonymous_6)
FNDA:0,Command
FNDA:0,(anonymous_8)
FNDA:0,(anonymous_9)
FNDA:3,(anonymous_10)
FNDA:0,RLGSelect
FNDA:0,(anonymous_12)
FNDA:0,(anonymous_13)
FNDA:0,(anonymous_14)
FNDA:0,(anonymous_15)
FNDA:0,(anonymous_16)
FNDA:0,(anonymous_17)
FNDA:0,(anonymous_18)
FNDA:0,(anonymous_19)
FNDA:0,(anonymous_20)
FNDA:0,(anonymous_21)
FNDA:0,(anonymous_22)
FNDA:0,(anonymous_23)
FNDA:0,(anonymous_24)
FNDA:0,(anonymous_25)
FNDA:0,(anonymous_26)
FNDA:0,(anonymous_27)
FNDA:0,(anonymous_28)
FNDA:0,(anonymous_29)
FNDA:0,(anonymous_30)
FNDA:0,(anonymous_31)
FNDA:0,(anonymous_32)
FNDA:0,(anonymous_33)
FNDA:0,(anonymous_34)
FNDA:0,(anonymous_35)
FNDA:0,(anonymous_36)
FNDA:0,(anonymous_37)
DA:1,3
DA:6,3
DA:7,3
DA:62,3
DA:70,0
DA:71,0
DA:72,0
DA:73,0
DA:74,0
DA:77,0
DA:78,0
DA:79,0
DA:81,0
DA:82,0
DA:84,0
DA:87,0
DA:89,0
DA:90,0
DA:93,0
DA:95,3
DA:102,3
DA:105,0
DA:106,0
DA:107,0
DA:110,0
DA:112,0
DA:114,0
DA:116,0
DA:119,3
DA:120,0
DA:121,0
DA:122,0
DA:123,0
DA:124,0
DA:125,0
DA:127,0
DA:131,3
DA:133,0
DA:134,0
DA:147,0
DA:150,0
DA:151,0
DA:154,0
DA:155,0
DA:156,0
DA:158,0
DA:162,0
DA:164,0
DA:169,0
DA:170,0
DA:171,0
DA:173,0
DA:175,0
DA:177,0
DA:182,0
DA:183,0
DA:184,0
DA:185,0
DA:186,0
DA:187,0
DA:188,0
DA:189,0
DA:190,0
DA:191,0
DA:192,0
DA:193,0
DA:196,0
DA:197,0
DA:200,3
DA:201,0
DA:204,3
DA:205,0
DA:208,3
DA:209,0
DA:210,0
DA:211,0
DA:213,0
DA:216,0
DA:217,0
DA:218,0
DA:220,0
DA:222,0
DA:225,0
DA:228,0
DA:230,0
DA:231,0
DA:232,0
DA:233,0
DA:235,0
DA:238,0
DA:239,0
DA:243,0
DA:246,0
DA:248,0
DA:249,0
DA:250,0
DA:251,0
DA:253,0
DA:256,0
DA:257,0
DA:261,0
DA:264,0
DA:266,0
DA:267,0
DA:268,0
DA:269,0
DA:271,0
DA:273,0
DA:274,0
DA:278,0
DA:281,0
DA:283,0
DA:284,0
DA:285,0
DA:286,0
DA:288,0
DA:290,0
DA:291,0
DA:295,0
DA:298,0
DA:300,0
DA:301,0
DA:302,0
DA:303,0
DA:305,0
DA:307,0
DA:308,0
DA:312,0
DA:315,0
DA:317,0
DA:318,0
DA:319,0
DA:320,0
DA:322,0
DA:324,0
DA:325,0
DA:329,3
DA:330,0
DA:343,3
LF:139
LH:13
BRDA:78,0,0,0
BRDA:78,0,1,0
BRDA:81,1,0,0
BRDA:81,1,1,0
BRDA:89,2,0,0
BRDA:89,2,1,0
BRDA:110,3,0,0
BRDA:110,3,1,0
BRDA:155,4,0,0
BRDA:155,4,1,0
BRDA:158,5,0,0
BRDA:158,5,1,0
BRDA:170,6,0,0
BRDA:170,6,1,0
BRDA:173,7,0,0
BRDA:173,7,1,0
BRDA:188,8,0,0
BRDA:188,8,1,0
BRDA:232,9,0,0
BRDA:232,9,1,0
BRDA:238,10,0,0
BRDA:238,10,1,0
BRDA:250,11,0,0
BRDA:250,11,1,0
BRDA:256,12,0,0
BRDA:256,12,1,0
BRDA:268,13,0,0
BRDA:268,13,1,0
BRDA:273,14,0,0
BRDA:273,14,1,0
BRDA:285,15,0,0
BRDA:285,15,1,0
BRDA:290,16,0,0
BRDA:290,16,1,0
BRDA:302,17,0,0
BRDA:302,17,1,0
BRDA:307,18,0,0
BRDA:307,18,1,0
BRDA:319,19,0,0
BRDA:319,19,1,0
BRDA:324,20,0,0
BRDA:324,20,1,0
BRDA:114,21,0,0
BRDA:114,21,1,0
BRDA:120,22,0,0
BRDA:120,22,1,0
BRDA:133,23,0,0
BRDA:133,23,1,0
BRDA:135,24,0,0
BRDA:135,24,1,0
BRDA:136,25,0,0
BRDA:136,25,1,0
BRDA:210,26,0,0
BRDA:210,26,1,0
BRF:54
BRH:0
end_of_record
TN:
SF:C:\Users\chetm\projects\react-layout-generator\src\editors\cursor.ts
FN:7,cursor
FNF:1
FNH:0
FNDA:0,cursor
DA:1,6
DA:7,6
DA:8,0
DA:9,0
DA:11,0
DA:14,0
DA:15,0
DA:18,0
DA:19,0
DA:22,0
DA:23,0
DA:26,0
DA:27,0
DA:30,0
DA:31,0
DA:34,0
DA:35,0
DA:38,0
DA:39,0
DA:42,0
DA:43,0
DA:46,0
DA:47,0
DA:50,0
DA:51,0
DA:54,0
LF:26
LH:2
BRDA:10,0,0,0
BRDA:10,0,1,0
BRDA:10,0,2,0
BRDA:10,0,3,0
BRDA:10,0,4,0
BRDA:10,0,5,0
BRDA:10,0,6,0
BRDA:10,0,7,0
BRDA:10,0,8,0
BRDA:10,0,9,0
BRDA:10,0,10,0
BRF:11
BRH:0
end_of_record
TN:
SF:C:\Users\chetm\projects\react-layout-generator\src\editors\extendElement.ts
FN:12,getExtendElement
FN:14,(anonymous_1)
FN:36,(anonymous_2)
FN:48,(anonymous_3)
FN:54,(anonymous_4)
FN:65,(anonymous_5)
FN:71,(anonymous_6)
FN:82,(anonymous_7)
FN:93,(anonymous_8)
FN:104,(anonymous_9)
FNF:10
FNH:0
FNDA:0,getExtendElement
FNDA:0,(anonymous_1)
FNDA:0,(anonymous_2)
FNDA:0,(anonymous_3)
FNDA:0,(anonymous_4)
FNDA:0,(anonymous_5)
FNDA:0,(anonymous_6)
FNDA:0,(anonymous_7)
FNDA:0,(anonymous_8)
FNDA:0,(anonymous_9)
DA:1,6
DA:12,6
DA:14,0
DA:19,0
DA:27,0
DA:29,0
DA:33,0
DA:36,0
DA:38,0
DA:45,0
DA:48,0
DA:49,0
DA:51,0
DA:54,0
DA:55,0
DA:62,0
DA:65,0
DA:66,0
DA:68,0
DA:71,0
DA:72,0
DA:79,0
DA:82,0
DA:83,0
DA:90,0
DA:93,0
DA:94,0
DA:101,0
DA:104,0
DA:105,0
DA:112,0
DA:115,0
DA:116,0
DA:119,0
LF:34
LH:2
BRDA:28,0,0,0
BRDA:28,0,1,0
BRDA:28,0,2,0
BRDA:28,0,3,0
BRDA:28,0,4,0
BRDA:28,0,5,0
BRDA:28,0,6,0
BRDA:28,0,7,0
BRDA:28,0,8,0
BRDA:28,0,9,0
BRDA:28,0,10,0
BRF:11
BRH:0
end_of_record
TN:
SF:C:\Users\chetm\projects\react-layout-generator\src\editors\update.ts
FN:8,updateParamLocation
FN:27,updateParamOffset
FN:46,updateParamWidth
FN:62,updateParamHeight
FNF:4
FNH:0
FNDA:0,updateParamLocation
FNDA:0,updateParamOffset
FNDA:0,updateParamWidth
FNDA:0,updateParamHeight
DA:2,0
DA:8,0
DA:9,0
DA:10,0
DA:12,0
DA:14,0
DA:27,0
DA:28,0
DA:29,0
DA:31,0
DA:33,0
DA:46,0
DA:47,0
DA:48,0
DA:50,0
DA:52,0
DA:62,0
DA:63,0
DA:64,0
DA:66,0
DA:68,0
LF:21
LH:0
BRDA:10,0,0,0
BRDA:10,0,1,0
BRDA:29,1,0,0
BRDA:29,1,1,0
BRDA:48,2,0,0
BRDA:48,2,1,0
BRDA:64,3,0,0
BRDA:64,3,1,0
BRF:8
BRH:0
end_of_record
TN:
SF:C:\Users\chetm\projects\react-layout-generator\src\editors\updateHandle.ts
FN:21,getUpdateHandle
FN:22,(anonymous_1)
FN:36,(anonymous_2)
FN:47,(anonymous_3)
FN:58,(anonymous_4)
FN:69,(anonymous_5)
FN:80,(anonymous_6)
FN:91,(anonymous_7)
FN:102,(anonymous_8)
FN:113,(anonymous_9)
FNF:10
FNH:0
FNDA:0,getUpdateHandle
FNDA:0,(anonymous_1)
FNDA:0,(anonymous_2)
FNDA:0,(anonymous_3)
FNDA:0,(anonymous_4)
FNDA:0,(anonymous_5)
FNDA:0,(anonymous_6)
FNDA:0,(anonymous_7)
FNDA:0,(anonymous_8)
FNDA:0,(anonymous_9)
DA:1,6
DA:9,6
DA:15,6
DA:21,6
DA:22,0
DA:23,0
DA:26,0
DA:29,0
DA:33,0
DA:36,0
DA:37,0
DA:44,0
DA:47,0
DA:48,0
DA:55,0
DA:58,0
DA:59,0
DA:66,0
DA:69,0
DA:70,0
DA:77,0
DA:80,0
DA:81,0
DA:88,0
DA:91,0
DA:92,0
DA:99,0
DA:102,0
DA:103,0
DA:110,0
DA:113,0
DA:114,0
DA:121,0
DA:124,0
DA:125,0
DA:128,0
LF:36
LH:4
BRDA:27,0,0,0
BRDA:27,0,1,0
BRDA:27,0,2,0
BRDA:27,0,3,0
BRDA:27,0,4,0
BRDA:27,0,5,0
BRDA:27,0,6,0
BRDA:27,0,7,0
BRDA:27,0,8,0
BRDA:27,0,9,0
BRDA:27,0,10,0
BRF:11
BRH:0
end_of_record
TN:
SF:C:\Users\chetm\projects\react-layout-generator\src\generators\Generator.ts
FN:38,(anonymous_0)
FN:51,Generator
FN:68,(anonymous_2)
FN:72,(anonymous_3)
FN:76,(anonymous_4)
FN:80,(anonymous_5)
FN:84,(anonymous_6)
FN:88,(anonymous_7)
FN:92,(anonymous_8)
FN:103,(anonymous_9)
FN:110,(anonymous_10)
FN:122,(anonymous_11)
FN:128,(anonymous_12)
FN:132,(anonymous_13)
FN:136,(anonymous_14)
FN:139,(anonymous_15)
FN:145,(anonymous_16)
FN:173,(anonymous_17)
FNF:18
FNH:11
FNDA:6,(anonymous_0)
FNDA:6,Generator
FNDA:2,(anonymous_2)
FNDA:0,(anonymous_3)
FNDA:27,(anonymous_4)
FNDA:12,(anonymous_5)
FNDA:0,(anonymous_6)
FNDA:4,(anonymous_7)
FNDA:0,(anonymous_8)
FNDA:3,(anonymous_9)
FNDA:6,(anonymous_10)
FNDA:0,(anonymous_11)
FNDA:1,(anonymous_12)
FNDA:1,(anonymous_13)
FNDA:0,(anonymous_14)
FNDA:0,(anonymous_15)
FNDA:1,(anonymous_16)
FNDA:0,(anonymous_17)
DA:2,6
DA:38,6
DA:51,6
DA:58,6
DA:59,6
DA:60,6
DA:61,6
DA:62,6
DA:63,6
DA:64,6
DA:65,6
DA:68,6
DA:69,2
DA:72,6
DA:73,0
DA:76,6
DA:77,27
DA:80,6
DA:81,12
DA:84,6
DA:85,0
DA:88,6
DA:89,4
DA:92,6
DA:93,0
DA:94,0
DA:95,0
DA:97,0
DA:100,0
DA:103,6
DA:104,3
DA:105,3
DA:107,0
DA:110,6
DA:112,6
DA:113,6
DA:114,6
DA:122,6
DA:123,0
DA:124,0
DA:125,0
DA:128,6
DA:129,1
DA:132,6
DA:133,1
DA:136,6
DA:137,0
DA:138,0
DA:139,0
DA:140,0
DA:145,6
DA:146,1
DA:147,1
DA:152,0
DA:153,0
DA:156,1
DA:157,1
DA:173,6
DA:174,0
DA:175,0
DA:176,0
DA:179,0
DA:181,6
LF:63
LH:42
BRDA:94,0,0,0
BRDA:94,0,1,0
BRDA:104,1,0,3
BRDA:104,1,1,0
BRDA:137,2,0,0
BRDA:137,2,1,0
BRDA:147,3,0,0
BRDA:147,3,1,1
BRDA:175,4,0,0
BRDA:175,4,1,0
BRF:10
BRH:2
end_of_record
TN:
SF:C:\Users\chetm\projects\react-layout-generator\src\generators\columnsGenerator.tsx
FN:7,columnsGenerator
FN:22,init
FN:45,centerColumns
FN:52,(anonymous_3)
FN:61,(anonymous_4)
FN:68,create
FNF:6
FNH:0
FNDA:0,columnsGenerator
FNDA:0,init
FNDA:0,centerColumns
FNDA:0,(anonymous_3)
FNDA:0,(anonymous_4)
FNDA:0,create
DA:2,0
DA:3,0
DA:4,0
DA:5,0
DA:7,0
DA:9,0
DA:11,0
DA:18,0
DA:37,0
DA:47,0
DA:51,0
DA:52,0
DA:53,0
DA:57,0
DA:60,0
DA:61,0
DA:62,0
DA:63,0
DA:64,0
DA:70,0
DA:71,0
DA:72,0
DA:74,0
DA:76,0
DA:80,0
DA:81,0
DA:92,0
DA:94,0
DA:99,0
DA:100,0
DA:104,0
DA:107,0
LF:32
LH:0
BRDA:18,0,0,0
BRDA:18,0,1,0
BRDA:80,1,0,0
BRDA:80,1,1,0
BRDA:99,2,0,0
BRDA:99,2,1,0
BRF:6
BRH:0
end_of_record
TN:
SF:C:\Users\chetm\projects\react-layout-generator\src\generators\desktopGenerator.tsx
FN:7,desktopGenerator
FN:32,init
FN:64,footer
FN:102,content
FN:124,header
FN:162,contentHeader
FN:189,rightSde
FN:227,leftSide
FN:269,title
FN:298,create
FNF:10
FNH:0
FNDA:0,desktopGenerator
FNDA:0,init
FNDA:0,footer
FNDA:0,content
FNDA:0,header
FNDA:0,contentHeader
FNDA:0,rightSde
FNDA:0,leftSide
FNDA:0,title
FNDA:0,create
DA:2,0
DA:3,0
DA:4,0
DA:5,0
DA:7,0
DA:9,0
DA:10,0
DA:11,0
DA:12,0
DA:13,0
DA:14,0
DA:15,0
DA:17,0
DA:28,0
DA:33,0
DA:34,0
DA:35,0
DA:36,0
DA:37,0
DA:38,0
DA:39,0
DA:40,0
DA:41,0
DA:42,0
DA:44,0
DA:45,0
DA:46,0
DA:54,0
DA:55,0
DA:56,0
DA:57,0
DA:58,0
DA:59,0
DA:60,0
DA:62,0
DA:65,0
DA:66,0
DA:70,0
DA:76,0
DA:80,0
DA:85,0
DA:99,0
DA:103,0
DA:107,0
DA:112,0
DA:121,0
DA:125,0
DA:126,0
DA:130,0
DA:136,0
DA:140,0
DA:145,0
DA:159,0
DA:163,0
DA:167,0
DA:172,0
DA:186,0
DA:190,0
DA:191,0
DA:195,0
DA:201,0
DA:205,0
DA:210,0
DA:224,0
DA:228,0
DA:229,0
DA:233,0
DA:239,0
DA:243,0
DA:248,0
DA:266,0
DA:270,0
DA:274,0
DA:278,0
DA:294,0
DA:300,0
DA:301,0
DA:304,0
DA:307,0
LF:79
LH:0
BRDA:28,0,0,0
BRDA:28,0,1,0
BRDA:44,1,0,0
BRDA:44,1,1,0
BRDA:65,2,0,0
BRDA:65,2,1,0
BRDA:125,3,0,0
BRDA:125,3,1,0
BRDA:190,4,0,0
BRDA:190,4,1,0
BRDA:228,5,0,0
BRDA:228,5,1,0
BRDA:300,6,0,0
BRDA:300,6,1,0
BRF:14
BRH:0
end_of_record
TN:
SF:C:\Users\chetm\projects\react-layout-generator\src\generators\dynamicGenerator.tsx
FN:6,dynamicGenerator
FN:18,init
FN:24,(anonymous_2)
FN:31,create
FNF:4
FNH:0
FNDA:0,dynamicGenerator
FNDA:0,init
FNDA:0,(anonymous_2)
FNDA:0,create
DA:3,0
DA:4,0
DA:6,0
DA:10,0
DA:14,0
DA:19,0
DA:20,0
DA:22,0
DA:24,0
DA:25,0
DA:28,0
DA:33,0
DA:34,0
DA:37,0
DA:40,0
LF:15
LH:0
BRDA:14,0,0,0
BRDA:14,0,1,0
BRDA:22,1,0,0
BRDA:22,1,1,0
BRDA:33,2,0,0
BRDA:33,2,1,0
BRF:6
BRH:0
end_of_record
TN:
SF:C:\Users\chetm\projects\react-layout-generator\src\generators\listGenerator.tsx
FN:7,listGenerator
FN:20,init
FN:27,(anonymous_2)
FN:35,create
FNF:4
FNH:0
FNDA:0,listGenerator
FNDA:0,init
FNDA:0,(anonymous_2)
FNDA:0,create
DA:3,0
DA:4,0
DA:5,0
DA:7,0
DA:9,0
DA:10,0
DA:12,0
DA:18,0
DA:22,0
DA:23,0
DA:25,0
DA:27,0
DA:28,0
DA:32,0
DA:36,0
DA:37,0
DA:38,0
DA:39,0
DA:41,0
DA:42,0
DA:43,0
DA:60,0
DA:63,0
LF:23
LH:0
BRDA:18,0,0,0
BRDA:18,0,1,0
BRDA:25,1,0,0
BRDA:25,1,1,0
BRDA:42,2,0,0
BRDA:42,2,1,0
BRDA:56,3,0,0
BRDA:56,3,1,0
BRF:8
BRH:0
end_of_record
TN:
SF:C:\Users\chetm\projects\react-layout-generator\src\generators\rowsGenerator.tsx
FN:7,rowsGenerator
FN:21,init
FN:34,distributeRows
FN:42,(anonymous_3)
FN:50,create
FNF:5
FNH:0
FNDA:0,rowsGenerator
FNDA:0,init
FNDA:0,distributeRows
FNDA:0,(anonymous_3)
FNDA:0,create
DA:3,0
DA:4,0
DA:5,0
DA:7,0
DA:9,0
DA:17,0
DA:22,0
DA:23,0
DA:25,0
DA:26,0
DA:28,0
DA:36,0
DA:38,0
DA:41,0
DA:42,0
DA:43,0
DA:44,0
DA:45,0
DA:46,0
DA:52,0
DA:53,0
DA:54,0
DA:56,0
DA:58,0
DA:60,0
DA:61,0
DA:72,0
DA:73,0
DA:74,0
DA:75,0
DA:76,0
DA:77,0
DA:79,0
DA:80,0
DA:82,0
DA:85,0
LF:36
LH:0
BRDA:17,0,0,0
BRDA:17,0,1,0
BRDA:25,1,0,0
BRDA:25,1,1,0
BRDA:60,2,0,0
BRDA:60,2,1,0
BRDA:74,3,0,0
BRDA:74,3,1,0
BRF:8
BRH:0
end_of_record
TN:
SF:C:\Users\chetm\projects\react-layout-generator\src\generators\utils.ts
FN:7,flowLayoutLayer
FN:16,loadFromLocalStorage
FN:25,saveToLocalStorage
FNF:3
FNH:1
FNDA:1,flowLayoutLayer
FNDA:0,loadFromLocalStorage
FNDA:0,saveToLocalStorage
DA:7,6
DA:8,1
DA:16,6
DA:17,0
DA:18,0
DA:19,0
DA:21,0
DA:25,6
DA:30,0
LF:9
LH:4
BRDA:18,0,0,0
BRDA:18,0,1,0
BRF:2
BRH:0
end_of_record
